[2020-05-19T15:39:51.018] [INFO] responseTime - /api/v1/public/system_time GET 0 0
[2020-05-19T15:39:54.267] [INFO] responseTime - /api/v1/question_group/:qg_id/all_question GET 2 2
[2020-05-19T15:40:18.790] [INFO] responseTime - /api/v1/question_group/:qg_id/all_question GET 2 1
[2020-05-19T15:40:31.263] [INFO] responseTime - /api/v1/question_group/:qg_id/all_question GET 1 1
[2020-05-19T15:40:43.960] [INFO] responseTime - /api/v1/question_group/:qg_id/all_question GET 1 6
[2020-05-19T15:40:50.988] [INFO] responseTime - /api/v1/public/system_time GET 0 0
[2020-05-19T15:41:50.997] [INFO] responseTime - /api/v1/public/system_time GET 0 0
[2020-05-19T15:42:03.254] [INFO] responseTime - /api/v1/question_group/:qg_id/all_question GET 3 7
[2020-05-19T15:42:51.005] [INFO] responseTime - /api/v1/public/system_time GET 0 0
[2020-05-19T15:43:50.999] [INFO] responseTime - /api/v1/public/system_time GET 0 0
[2020-05-19T15:43:56.224] [INFO] responseTime - /api/v1/test GET 1 2
[2020-05-19T15:43:59.654] [INFO] responseTime - /api/v1/question_group/:qg_id/all_question GET 2 4
[2020-05-19T15:44:50.999] [INFO] responseTime - /api/v1/public/system_time GET 0 0
[2020-05-19T15:45:51.343] [INFO] responseTime - /api/v1/public/system_time GET 0 0
[2020-05-19T15:46:51.344] [INFO] responseTime - /api/v1/public/system_time GET 0 0
[2020-05-19T15:47:51.346] [INFO] responseTime - /api/v1/public/system_time GET 0 0
[2020-05-19T15:48:51.351] [INFO] responseTime - /api/v1/public/system_time GET 0 0
[2020-05-19T15:49:51.354] [INFO] responseTime - /api/v1/public/system_time GET 0 0
[2020-05-19T15:50:51.352] [INFO] responseTime - /api/v1/public/system_time GET 0 0
[2020-05-19T15:51:51.362] [INFO] responseTime - /api/v1/public/system_time GET 0 0
[2020-05-19T15:52:51.359] [INFO] responseTime - /api/v1/public/system_time GET 0 1
[2020-05-19T15:53:53.066] [INFO] responseTime - /api/v1/public/system_time GET 0 0
[2020-05-19T15:54:51.368] [INFO] responseTime - /api/v1/public/system_time GET 0 0
[2020-05-19T15:55:51.368] [INFO] responseTime - /api/v1/public/system_time GET 0 0
[2020-05-19T15:56:51.369] [INFO] responseTime - /api/v1/public/system_time GET 0 0
[2020-05-19T15:57:51.378] [INFO] responseTime - /api/v1/public/system_time GET 0 0
[2020-05-19T15:58:51.372] [INFO] responseTime - /api/v1/public/system_time GET 0 0
[2020-05-19T15:59:51.373] [INFO] responseTime - /api/v1/public/system_time GET 0 0
[2020-05-19T16:00:51.392] [INFO] responseTime - /api/v1/public/system_time GET 0 0
[2020-05-19T16:01:51.377] [INFO] responseTime - /api/v1/public/system_time GET 0 0
[2020-05-19T16:02:51.381] [INFO] responseTime - /api/v1/public/system_time GET 0 0
[2020-05-19T16:03:51.380] [INFO] responseTime - /api/v1/public/system_time GET 0 0
[2020-05-19T16:04:51.380] [INFO] responseTime - /api/v1/public/system_time GET 0 0
[2020-05-19T16:05:51.384] [INFO] responseTime - /api/v1/public/system_time GET 0 1
[2020-05-19T16:06:51.388] [INFO] responseTime - /api/v1/public/system_time GET 0 0
[2020-05-19T16:07:51.391] [INFO] responseTime - /api/v1/public/system_time GET 0 0
[2020-05-19T16:08:51.391] [INFO] responseTime - /api/v1/public/system_time GET 0 0
[2020-05-19T16:09:51.394] [INFO] responseTime - /api/v1/public/system_time GET 0 0
[2020-05-19T16:10:51.395] [INFO] responseTime - /api/v1/public/system_time GET 0 0
[2020-05-19T16:11:51.399] [INFO] responseTime - /api/v1/public/system_time GET 0 0
[2020-05-19T16:12:51.399] [INFO] responseTime - /api/v1/public/system_time GET 0 0
[2020-05-19T16:13:51.400] [INFO] responseTime - /api/v1/public/system_time GET 0 0
[2020-05-19T16:14:51.403] [INFO] responseTime - /api/v1/public/system_time GET 0 0
[2020-05-19T16:15:51.406] [INFO] responseTime - /api/v1/public/system_time GET 0 0
[2020-05-19T16:16:51.409] [INFO] responseTime - /api/v1/public/system_time GET 0 0
[2020-05-19T16:17:51.409] [INFO] responseTime - /api/v1/public/system_time GET 0 0
[2020-05-19T16:18:51.408] [INFO] responseTime - /api/v1/public/system_time GET 0 0
[2020-05-19T16:19:51.414] [INFO] responseTime - /api/v1/public/system_time GET 0 0
[2020-05-19T16:20:51.414] [INFO] responseTime - /api/v1/public/system_time GET 0 0
[2020-05-19T16:21:51.410] [INFO] responseTime - /api/v1/public/system_time GET 0 0
[2020-05-19T16:22:51.413] [INFO] responseTime - /api/v1/public/system_time GET 0 0
[2020-05-19T16:23:51.414] [INFO] responseTime - /api/v1/public/system_time GET 0 0
[2020-05-19T16:24:57.027] [INFO] responseTime - /api/v1/public/system_time GET 0 0
[2020-05-19T16:25:51.416] [INFO] responseTime - /api/v1/public/system_time GET 0 0
[2020-05-19T16:26:51.419] [INFO] responseTime - /api/v1/public/system_time GET 0 0
[2020-05-19T16:27:53.674] [INFO] responseTime - /api/v1/public/system_time GET 0 0
[2020-05-19T16:28:51.423] [INFO] responseTime - /api/v1/public/system_time GET 0 0
[2020-05-19T16:29:51.424] [INFO] responseTime - /api/v1/public/system_time GET 0 0
[2020-05-19T16:30:51.425] [INFO] responseTime - /api/v1/public/system_time GET 0 0
[2020-05-19T16:31:51.427] [INFO] responseTime - /api/v1/public/system_time GET 0 0
[2020-05-19T16:32:51.428] [INFO] responseTime - /api/v1/public/system_time GET 0 0
[2020-05-19T16:33:51.430] [INFO] responseTime - /api/v1/public/system_time GET 0 0
[2020-05-19T16:34:51.430] [INFO] responseTime - /api/v1/public/system_time GET 0 0
[2020-05-19T16:35:51.437] [INFO] responseTime - /api/v1/public/system_time GET 0 1
[2020-05-19T16:36:51.438] [INFO] responseTime - /api/v1/public/system_time GET 0 0
[2020-05-19T16:37:51.443] [INFO] responseTime - /api/v1/public/system_time GET 0 0
[2020-05-19T16:38:51.447] [INFO] responseTime - /api/v1/public/system_time GET 1 0
[2020-05-19T16:40:20.271] [INFO] responseTime - /api/v1/public/system_time GET 0 0
[2020-05-19T16:41:05.854] [INFO] responseTime - /api/v1/public/system_time GET 0 0
[2020-05-19T16:41:51.452] [INFO] responseTime - /api/v1/public/system_time GET 0 0
[2020-05-19T16:42:51.459] [INFO] responseTime - /api/v1/public/system_time GET 0 0
[2020-05-19T16:43:51.456] [INFO] responseTime - /api/v1/public/system_time GET 0 0
[2020-05-19T16:44:51.461] [INFO] responseTime - /api/v1/public/system_time GET 0 0
[2020-05-19T16:45:51.459] [INFO] responseTime - /api/v1/public/system_time GET 0 0
[2020-05-19T16:46:51.461] [INFO] responseTime - /api/v1/public/system_time GET 0 0
[2020-05-19T16:47:51.464] [INFO] responseTime - /api/v1/public/system_time GET 0 1
[2020-05-19T16:48:51.465] [INFO] responseTime - /api/v1/public/system_time GET 0 0
[2020-05-19T16:49:51.468] [INFO] responseTime - /api/v1/public/system_time GET 0 0
[2020-05-19T16:50:51.476] [INFO] responseTime - /api/v1/public/system_time GET 1 0
[2020-05-19T16:51:51.470] [INFO] responseTime - /api/v1/public/system_time GET 0 0
[2020-05-19T16:52:54.662] [INFO] responseTime - /api/v1/public/system_time GET 0 0
[2020-05-19T16:53:57.674] [INFO] responseTime - /api/v1/public/system_time GET 0 0
[2020-05-19T16:54:51.710] [INFO] responseTime - /api/v1/public/system_time GET 0 0
[2020-05-19T16:55:51.508] [INFO] responseTime - /api/v1/public/system_time GET 0 0
[2020-05-19T16:56:51.483] [INFO] responseTime - /api/v1/public/system_time GET 0 0
[2020-05-19T16:57:51.481] [INFO] responseTime - /api/v1/public/system_time GET 0 0
[2020-05-19T16:58:40.071] [INFO] responseTime - /api/v1/public/system_time GET 0 0
[2020-05-19T16:58:41.577] [INFO] responseTime - /api/v1/public/authcode GET 0 5
[2020-05-19T16:58:45.587] [INFO] responseTime - /api/v1/public/authcode GET 0 2
[2020-05-19T16:58:50.042] [INFO] responseTime - /api/v1/public/login POST 0 11
[2020-05-19T16:58:50.046] [INFO] responseTime - /api/v1/public/login POST 0 5
[2020-05-19T16:58:50.178] [INFO] responseTime - /api/v1/public/login POST 0 0
[2020-05-19T16:58:50.714] [INFO] responseTime - /api/v1/public/system_time GET 0 0
[2020-05-19T16:58:50.732] [INFO] responseTime - /api/v1/user/:u_id/course GET 1 3
[2020-05-19T16:58:50.741] [INFO] responseTime - /api/v1/user/:u_id GET 1 12
[2020-05-19T16:58:50.745] [INFO] responseTime - /api/v1/user/statistics/online GET 1 2
[2020-05-19T16:58:50.762] [INFO] responseTime - /api/v1/user/statistics/login_time GET 1 9
[2020-05-19T16:58:50.774] [INFO] responseTime - /api/v1/test/statistics/test_num GET 1 10
[2020-05-19T16:58:53.184] [INFO] responseTime - /api/v1/course/:c_id/statistics GET 1 9
[2020-05-19T16:58:54.579] [INFO] responseTime - /api/v1/test GET 0 2
[2020-05-19T16:59:50.596] [INFO] responseTime - /api/v1/public/system_time GET 0 0
[2020-05-19T17:00:50.597] [INFO] responseTime - /api/v1/public/system_time GET 0 0
[2020-05-19T17:01:50.626] [INFO] responseTime - /api/v1/public/system_time GET 0 2
[2020-05-19T17:02:14.325] [INFO] responseTime - /api/v1/test GET 23 5
[2020-05-19T17:02:50.602] [INFO] responseTime - /api/v1/public/system_time GET 0 0
[2020-05-19T17:04:15.365] [INFO] responseTime - /api/v1/test GET 19 8
[2020-05-19T17:04:17.979] [INFO] responseTime - /api/v1/question_group/:qg_id/all_question GET 1 3
[2020-05-19T17:04:50.624] [INFO] responseTime - /api/v1/public/system_time GET 0 0
[2020-05-19T17:05:23.329] [INFO] responseTime - /api/v1/question_group/:qg_id/all_question GET 11 4
[2020-05-19T17:05:50.634] [INFO] responseTime - /api/v1/public/system_time GET 0 1
[2020-05-19T17:05:53.447] [INFO] responseTime - /api/v1/question_group/:qg_id/all_question GET 8 1
[2020-05-19T17:06:49.374] [INFO] responseTime - /api/v1/question_group/:qg_id/all_question GET 9 9
[2020-05-19T17:06:50.608] [INFO] responseTime - /api/v1/public/system_time GET 0 0
[2020-05-19T17:07:15.721] [INFO] responseTime - /api/v1/question_group/:qg_id/all_question GET 8 6
[2020-05-19T17:07:50.612] [INFO] responseTime - /api/v1/public/system_time GET 0 0
[2020-05-19T17:08:15.984] [INFO] responseTime - /api/v1/question_group/:qg_id/all_question GET 12 9
[2020-05-19T17:08:50.614] [INFO] responseTime - /api/v1/public/system_time GET 0 0
[2020-05-19T17:09:02.216] [INFO] responseTime - /api/v1/question_group/:qg_id/all_question GET 12 3
[2020-05-19T17:09:50.629] [INFO] responseTime - /api/v1/public/system_time GET 0 1
[2020-05-19T17:10:00.742] [INFO] responseTime - /api/v1/question_group/:qg_id/all_question GET 11 9
[2020-05-19T17:10:43.556] [INFO] responseTime - /api/v1/question_group/:qg_id/all_question GET 13 5
[2020-05-19T17:10:50.617] [INFO] responseTime - /api/v1/public/system_time GET 0 0
[2020-05-19T17:11:50.619] [INFO] responseTime - /api/v1/public/system_time GET 0 0
[2020-05-19T17:12:50.620] [INFO] responseTime - /api/v1/public/system_time GET 0 0
[2020-05-19T17:13:50.628] [INFO] responseTime - /api/v1/public/system_time GET 0 0
[2020-05-19T17:14:50.628] [INFO] responseTime - /api/v1/public/system_time GET 0 0
[2020-05-19T17:15:50.645] [INFO] responseTime - /api/v1/public/system_time GET 0 1
[2020-05-19T17:16:50.637] [INFO] responseTime - /api/v1/public/system_time GET 0 0
[2020-05-19T17:17:50.637] [INFO] responseTime - /api/v1/public/system_time GET 0 0
[2020-05-19T17:18:25.749] [INFO] responseTime - /api/v1/question_library GET 3 9
[2020-05-19T17:18:35.849] [INFO] responseTime - /api/v1/test GET 1 3
[2020-05-19T17:18:42.175] [INFO] responseTime - /api/v1/question_library GET 1 4
[2020-05-19T17:18:44.253] [INFO] responseTime - /api/v1/question_library GET 1 2
[2020-05-19T17:18:44.826] [INFO] responseTime - /api/v1/question_library GET 1 1
[2020-05-19T17:18:46.876] [INFO] responseTime - /api/v1/question_library GET 1 2
[2020-05-19T17:18:50.638] [INFO] responseTime - /api/v1/public/system_time GET 0 0
[2020-05-19T17:18:58.921] [INFO] responseTime - /api/v1/question_library GET 5 7
[2020-05-19T17:19:13.594] [INFO] responseTime - /api/v1/test GET 5 2
[2020-05-19T17:19:14.514] [INFO] responseTime - /api/v1/course/:c_id/section GET 5 3
[2020-05-19T17:19:14.527] [INFO] responseTime - /api/v1/course/tree GET 5 9
[2020-05-19T17:19:17.310] [INFO] responseTime - /api/v1/course/:c_id/section GET 4 24
[2020-05-19T17:19:17.316] [INFO] responseTime - /api/v1/course/tree GET 3 30
[2020-05-19T17:19:17.890] [INFO] responseTime - /api/v1/course/:c_id/section GET 2 2
[2020-05-19T17:19:17.897] [INFO] responseTime - /api/v1/course/tree GET 2 5
[2020-05-19T17:19:18.673] [INFO] responseTime - /api/v1/course/:c_id/section GET 2 4
[2020-05-19T17:19:18.679] [INFO] responseTime - /api/v1/course/tree GET 4 8
[2020-05-19T17:19:22.079] [INFO] responseTime - /api/v1/public/authcode GET 0 7
[2020-05-19T17:19:29.293] [INFO] responseTime - /api/v1/public/login POST 0 4
[2020-05-19T17:19:29.347] [INFO] responseTime - /api/v1/public/login POST 0 1
[2020-05-19T17:19:29.496] [INFO] responseTime - /api/v1/public/login POST 0 1
[2020-05-19T17:19:30.025] [INFO] responseTime - /api/v1/public/system_time GET 0 0
[2020-05-19T17:19:30.036] [INFO] responseTime - /api/v1/user/:u_id/course GET 7 3
[2020-05-19T17:19:30.052] [INFO] responseTime - /api/v1/user/:u_id GET 2 4
[2020-05-19T17:19:30.066] [INFO] responseTime - /api/v1/user/:u_id/test/undo GET 1 8
[2020-05-19T17:19:30.086] [INFO] responseTime - /api/v1/user/:u_id/badge GET 1 10
[2020-05-19T17:19:30.218] [INFO] responseTime - /api/v1/user/:u_id/badge/:b_id GET 1 8
[2020-05-19T17:19:30.231] [INFO] responseTime - /api/v1/user/:u_id/badge/:b_id GET 7 6
[2020-05-19T17:19:32.413] [INFO] responseTime - /api/v1/user/:u_id/course/:c_id/test GET 1 3
[2020-05-19T17:19:35.419] [INFO] responseTime - /api/v1/user/:u_id/course/:c_id/test GET 2 3
[2020-05-19T17:19:42.194] [INFO] responseTime - /api/v1/public/authcode GET 0 10
[2020-05-19T17:19:48.649] [INFO] responseTime - /api/v1/public/login POST 0 6
[2020-05-19T17:19:48.696] [INFO] responseTime - /api/v1/public/login POST 0 1
[2020-05-19T17:19:48.810] [INFO] responseTime - /api/v1/public/login POST 0 0
[2020-05-19T17:19:49.291] [INFO] responseTime - /api/v1/public/system_time GET 0 0
[2020-05-19T17:19:49.314] [INFO] responseTime - /api/v1/user/statistics/login_time GET 5 1
[2020-05-19T17:19:49.322] [INFO] responseTime - /api/v1/test/statistics/test_num GET 6 7
[2020-05-19T17:19:49.328] [INFO] responseTime - /api/v1/user/:u_id GET 8 28
[2020-05-19T17:19:49.336] [INFO] responseTime - /api/v1/user/:u_id/course GET 4 25
[2020-05-19T17:19:49.342] [INFO] responseTime - /api/v1/user/statistics/online GET 4 30
[2020-05-19T17:19:51.671] [INFO] responseTime - /api/v1/course/:c_id/statistics GET 1 12
[2020-05-19T17:19:53.638] [INFO] responseTime - /api/v1/question_library GET 1 7
[2020-05-19T17:19:57.993] [INFO] responseTime - /api/v1/test GET 2 1
[2020-05-19T17:19:59.908] [INFO] responseTime - /api/v1/course/:c_id/section GET 7 6
[2020-05-19T17:19:59.918] [INFO] responseTime - /api/v1/course/tree GET 5 7
[2020-05-19T17:20:49.189] [INFO] responseTime - /api/v1/public/system_time GET 0 0
[2020-05-19T17:20:53.877] [INFO] responseTime - /api/v1/question_library GET 1 2
[2020-05-19T17:21:10.841] [INFO] responseTime - /api/v1/public/authcode GET 0 2
[2020-05-19T17:21:17.892] [INFO] responseTime - /api/v1/public/login POST 0 0
[2020-05-19T17:21:18.060] [INFO] responseTime - /api/v1/public/login POST 0 1
[2020-05-19T17:21:22.823] [INFO] responseTime - /api/v1/public/login POST 0 9
[2020-05-19T17:21:22.955] [INFO] responseTime - /api/v1/public/login POST 0 1
[2020-05-19T17:21:23.047] [INFO] responseTime - /api/v1/public/login POST 0 0
[2020-05-19T17:21:23.507] [INFO] responseTime - /api/v1/public/system_time GET 0 0
[2020-05-19T17:21:23.513] [INFO] responseTime - /api/v1/user/:u_id GET 3 2
[2020-05-19T17:21:23.514] [INFO] responseTime - /api/v1/user/:u_id/course GET 3 3
[2020-05-19T17:21:23.533] [INFO] responseTime - /api/v1/user/:u_id/test/undo GET 1 4
[2020-05-19T17:21:23.541] [INFO] responseTime - /api/v1/user/:u_id/badge GET 1 1
[2020-05-19T17:21:23.670] [INFO] responseTime - /api/v1/user/:u_id/badge/:b_id GET 2 4
[2020-05-19T17:21:23.671] [INFO] responseTime - /api/v1/user/:u_id/badge/:b_id GET 2 5
[2020-05-19T17:21:30.957] [INFO] responseTime - /api/v1/course/:c_id/announcement/open GET 2 3
[2020-05-19T17:21:33.831] [INFO] responseTime - /api/v1/user/:u_id/course/:c_id/test GET 1 1
[2020-05-19T17:21:35.226] [INFO] responseTime - /api/v1/user/:u_id/course/:c_id/test GET 4 7
[2020-05-19T17:21:48.945] [INFO] responseTime - /api/v1/user/:u_id/course/:c_id/knowledge_test GET 2 3
[2020-05-19T17:22:15.035] [INFO] responseTime - /api/v1/user/:u_id/course/:c_id/test GET 3 3
[2020-05-19T17:22:16.976] [INFO] responseTime - /api/v1/user/:u_id/course/:c_id/test/:test_id/detail GET 2 8
[2020-05-19T17:22:17.043] [INFO] responseTime - /api/v1/user/:u_id/course/:c_id/test/:test_id/answer GET 1 2
[2020-05-19T17:22:23.381] [INFO] responseTime - /api/v1/public/system_time GET 0 0
[2020-05-19T17:22:28.580] [INFO] responseTime - /api/v1/user/:u_id/course/:c_id/test GET 1 3
[2020-05-19T17:22:32.099] [INFO] responseTime - /api/v1/user/:u_id/course/:c_id/test/:test_id/detail GET 1 7
[2020-05-19T17:22:32.130] [INFO] responseTime - /api/v1/user/:u_id/course/:c_id/test/:test_id/answer GET 1 2
[2020-05-19T17:22:39.705] [INFO] responseTime - /api/v1/user/:u_id/course/:c_id/test GET 1 5
[2020-05-19T17:22:45.541] [INFO] responseTime - /api/v1/user/:u_id/course/:c_id/test/:test_id/detail GET 3 4
[2020-05-19T17:23:23.380] [INFO] responseTime - /api/v1/public/system_time GET 0 0
[2020-05-19T17:24:07.332] [INFO] responseTime - /api/v1/public/authcode GET 0 2
[2020-05-19T17:24:20.765] [INFO] responseTime - /api/v1/public/login POST 0 2
[2020-05-19T17:24:20.963] [INFO] responseTime - /api/v1/public/login POST 0 0
[2020-05-19T17:24:21.423] [INFO] responseTime - /api/v1/public/system_time GET 0 0
[2020-05-19T17:24:21.438] [INFO] responseTime - /api/v1/user/statistics/online GET 4 6
[2020-05-19T17:24:21.438] [INFO] responseTime - /api/v1/user/:u_id GET 9 8
[2020-05-19T17:24:21.440] [INFO] responseTime - /api/v1/user/:u_id/course GET 8 10
[2020-05-19T17:24:21.442] [INFO] responseTime - /api/v1/test/statistics/test_num GET 6 2
[2020-05-19T17:24:21.444] [INFO] responseTime - /api/v1/user/statistics/login_time GET 6 2
[2020-05-19T17:24:25.136] [INFO] responseTime - /api/v1/course/:c_id/statistics GET 1 1
[2020-05-19T17:24:25.964] [INFO] responseTime - /api/v1/test GET 1 4
[2020-05-19T17:24:30.250] [INFO] responseTime - /api/v1/test/:test_id/detail GET 1 15
[2020-05-19T17:25:21.295] [INFO] responseTime - /api/v1/public/system_time GET 0 0
[2020-05-19T17:26:21.300] [INFO] responseTime - /api/v1/public/system_time GET 1 0
[2020-05-19T17:27:21.295] [INFO] responseTime - /api/v1/public/system_time GET 0 0
[2020-05-19T17:28:15.643] [INFO] responseTime - /api/v1/course/tree GET 2 4
[2020-05-19T17:28:17.592] [INFO] responseTime - /api/v1/course/tree GET 2 5
[2020-05-19T17:28:21.297] [INFO] responseTime - /api/v1/public/system_time GET 0 0
[2020-05-19T17:28:28.033] [INFO] responseTime - /api/v1/course/base_info GET 5 2
[2020-05-19T17:28:29.184] [INFO] responseTime - /api/v1/course/tree GET 1 7
[2020-05-19T17:28:36.191] [INFO] responseTime - /api/v1/course/base_info GET 2 2
[2020-05-19T17:28:38.332] [INFO] responseTime - /api/v1/course/tree GET 2 4
[2020-05-19T17:28:45.771] [INFO] responseTime - /api/v1/class/:class_id/user GET 1 2
[2020-05-19T17:29:02.399] [INFO] responseTime - /api/v1/course/tree GET 2 4
[2020-05-19T17:29:04.305] [INFO] responseTime - /api/v1/course/tree GET 1 7
[2020-05-19T17:29:06.281] [INFO] responseTime - /api/v1/course/tree GET 4 14
[2020-05-19T17:29:08.893] [INFO] responseTime - /api/v1/class/:class_id/user GET 1 1
[2020-05-19T17:29:21.308] [INFO] responseTime - /api/v1/public/system_time GET 0 0
[2020-05-19T17:30:21.305] [INFO] responseTime - /api/v1/public/system_time GET 0 0
[2020-05-19T17:31:21.311] [INFO] responseTime - /api/v1/public/system_time GET 0 0
[2020-05-19T17:32:21.313] [INFO] responseTime - /api/v1/public/system_time GET 0 0
[2020-05-19T17:33:21.310] [INFO] responseTime - /api/v1/public/system_time GET 0 0
[2020-05-19T17:34:21.317] [INFO] responseTime - /api/v1/public/system_time GET 0 0
[2020-05-19T17:35:21.319] [INFO] responseTime - /api/v1/public/system_time GET 0 0
[2020-05-19T17:36:21.320] [INFO] responseTime - /api/v1/public/system_time GET 0 0
[2020-05-19T17:37:21.321] [INFO] responseTime - /api/v1/public/system_time GET 0 1
[2020-05-19T17:38:21.321] [INFO] responseTime - /api/v1/public/system_time GET 0 0
[2020-05-19T17:39:21.327] [INFO] responseTime - /api/v1/public/system_time GET 0 0
[2020-05-19T17:40:21.330] [INFO] responseTime - /api/v1/public/system_time GET 0 0
[2020-05-19T17:41:21.335] [INFO] responseTime - /api/v1/public/system_time GET 0 0
[2020-05-19T17:42:21.335] [INFO] responseTime - /api/v1/public/system_time GET 0 0
[2020-05-19T17:43:21.335] [INFO] responseTime - /api/v1/public/system_time GET 0 0
[2020-05-19T17:44:21.340] [INFO] responseTime - /api/v1/public/system_time GET 0 0
[2020-05-19T17:45:21.339] [INFO] responseTime - /api/v1/public/system_time GET 0 0
[2020-05-19T17:46:21.352] [INFO] responseTime - /api/v1/public/system_time GET 0 0
[2020-05-19T17:47:21.348] [INFO] responseTime - /api/v1/public/system_time GET 0 0
[2020-05-19T17:48:21.350] [INFO] responseTime - /api/v1/public/system_time GET 0 0
[2020-05-19T17:49:21.352] [INFO] responseTime - /api/v1/public/system_time GET 0 0
[2020-05-19T17:50:21.353] [INFO] responseTime - /api/v1/public/system_time GET 0 0
[2020-05-19T17:51:21.347] [INFO] responseTime - /api/v1/public/system_time GET 0 0
[2020-05-19T17:52:21.353] [INFO] responseTime - /api/v1/public/system_time GET 0 0
[2020-05-19T17:53:21.349] [INFO] responseTime - /api/v1/public/system_time GET 0 0
[2020-05-19T17:54:21.363] [INFO] responseTime - /api/v1/public/system_time GET 0 0
[2020-05-19T17:55:21.360] [INFO] responseTime - /api/v1/public/system_time GET 0 0
[2020-05-19T17:56:21.355] [INFO] responseTime - /api/v1/public/system_time GET 0 0
[2020-05-19T17:57:21.365] [INFO] responseTime - /api/v1/public/system_time GET 0 0
[2020-05-19T17:58:21.365] [INFO] responseTime - /api/v1/public/system_time GET 0 0
[2020-05-19T17:59:21.359] [INFO] responseTime - /api/v1/public/system_time GET 0 0
[2020-05-19T18:00:21.360] [INFO] responseTime - /api/v1/public/system_time GET 0 0
[2020-05-19T18:01:21.360] [INFO] responseTime - /api/v1/public/system_time GET 0 0
[2020-05-19T18:02:21.356] [INFO] responseTime - /api/v1/public/system_time GET 0 0
[2020-05-19T18:03:21.373] [INFO] responseTime - /api/v1/public/system_time GET 0 0
[2020-05-19T18:04:21.367] [INFO] responseTime - /api/v1/public/system_time GET 0 0
[2020-05-19T18:05:21.954] [INFO] responseTime - /api/v1/public/system_time GET 0 0
[2020-05-19T18:06:21.938] [INFO] responseTime - /api/v1/public/system_time GET 0 0
[2020-05-19T18:07:21.916] [INFO] responseTime - /api/v1/public/system_time GET 0 0
[2020-05-19T18:08:21.803] [INFO] responseTime - /api/v1/public/system_time GET 0 0
[2020-05-19T18:09:21.940] [INFO] responseTime - /api/v1/public/system_time GET 0 0
[2020-05-19T18:10:21.841] [INFO] responseTime - /api/v1/public/system_time GET 0 0
[2020-05-19T18:11:21.960] [INFO] responseTime - /api/v1/public/system_time GET 0 0
[2020-05-19T18:12:21.954] [INFO] responseTime - /api/v1/public/system_time GET 0 0
[2020-05-19T18:13:21.810] [INFO] responseTime - /api/v1/public/system_time GET 0 0
[2020-05-19T18:14:21.837] [INFO] responseTime - /api/v1/public/system_time GET 0 0
[2020-05-19T18:15:22.115] [INFO] responseTime - /api/v1/public/system_time GET 0 0
[2020-05-19T18:16:21.913] [INFO] responseTime - /api/v1/public/system_time GET 0 1
[2020-05-19T18:17:22.033] [INFO] responseTime - /api/v1/public/system_time GET 0 0
[2020-05-19T18:18:21.877] [INFO] responseTime - /api/v1/public/system_time GET 0 0
[2020-05-19T18:19:21.934] [INFO] responseTime - /api/v1/public/system_time GET 0 0
[2020-05-19T18:20:21.920] [INFO] responseTime - /api/v1/public/system_time GET 0 0
[2020-05-19T18:21:22.077] [INFO] responseTime - /api/v1/public/system_time GET 0 0
[2020-05-19T18:22:21.933] [INFO] responseTime - /api/v1/public/system_time GET 0 0
[2020-05-19T18:23:22.047] [INFO] responseTime - /api/v1/public/system_time GET 0 0
[2020-05-19T18:24:21.948] [INFO] responseTime - /api/v1/public/system_time GET 0 0
[2020-05-19T18:25:21.987] [INFO] responseTime - /api/v1/public/system_time GET 0 1
[2020-05-19T18:26:21.656] [INFO] responseTime - /api/v1/public/system_time GET 0 0
[2020-05-19T18:27:22.035] [INFO] responseTime - /api/v1/public/system_time GET 0 0
[2020-05-19T18:28:21.972] [INFO] responseTime - /api/v1/public/system_time GET 0 0
[2020-05-19T18:29:21.985] [INFO] responseTime - /api/v1/public/system_time GET 0 0
[2020-05-19T18:30:21.959] [INFO] responseTime - /api/v1/public/system_time GET 0 0
[2020-05-19T18:31:21.901] [INFO] responseTime - /api/v1/public/system_time GET 0 0
[2020-05-19T18:32:22.097] [INFO] responseTime - /api/v1/public/system_time GET 0 0
[2020-05-19T18:33:21.918] [INFO] responseTime - /api/v1/public/system_time GET 0 0
[2020-05-19T18:34:21.665] [INFO] responseTime - /api/v1/public/system_time GET 0 0
[2020-05-19T21:14:48.568] [INFO] responseTime - /api/v1/public/system_time GET 0 2
[2020-05-19T21:14:50.341] [INFO] responseTime - /api/v1/public/authcode GET 0 11
[2020-05-19T21:15:08.157] [INFO] responseTime - /api/v1/public/login POST 0 9
[2020-05-19T21:15:08.848] [INFO] responseTime - /api/v1/public/system_time GET 0 0
[2020-05-19T21:15:08.871] [INFO] responseTime - /api/v1/user/:u_id GET 14 2
[2020-05-19T21:15:08.880] [INFO] responseTime - /api/v1/user/statistics/online GET 1 3
[2020-05-19T21:15:08.919] [INFO] responseTime - /api/v1/test/statistics/test_num GET 1 33
[2020-05-19T21:15:08.925] [INFO] responseTime - /api/v1/user/statistics/login_time GET 3 17
[2020-05-19T21:15:08.983] [INFO] responseTime - /api/v1/user/:u_id/course GET 117 4
[2020-05-19T21:15:11.509] [INFO] responseTime - /api/v1/course/:c_id/statistics GET 1 12
[2020-05-19T21:15:13.157] [INFO] responseTime - /api/v1/question_library GET 10 11
[2020-05-19T21:15:16.393] [INFO] responseTime - /api/v1/test GET 1 3
[2020-05-19T21:15:20.574] [INFO] responseTime - /api/v1/question_library GET 5 8
[2020-05-19T21:15:22.465] [INFO] responseTime - /api/v1/test GET 3 5
[2020-05-19T21:15:24.287] [INFO] responseTime - /api/v1/course/:c_id/section GET 2 4
[2020-05-19T21:15:24.290] [INFO] responseTime - /api/v1/course/tree GET 2 8
[2020-05-19T21:16:08.704] [INFO] responseTime - /api/v1/public/system_time GET 0 0
[2020-05-19T21:16:28.431] [INFO] responseTime - /api/v1/public/authcode GET 0 19
[2020-05-19T21:16:35.033] [INFO] responseTime - /api/v1/public/login POST 0 1
[2020-05-19T21:16:40.261] [INFO] responseTime - /api/v1/public/login POST 0 2
[2020-05-19T21:16:41.042] [INFO] responseTime - /api/v1/public/system_time GET 0 0
[2020-05-19T21:16:41.053] [INFO] responseTime - /api/v1/user/:u_id/course GET 1 2
[2020-05-19T21:16:41.074] [INFO] responseTime - /api/v1/user/:u_id GET 1 2
[2020-05-19T21:16:41.095] [INFO] responseTime - /api/v1/user/:u_id/test/undo GET 1 5
[2020-05-19T21:16:41.107] [INFO] responseTime - /api/v1/user/:u_id/badge GET 1 9
[2020-05-19T21:16:41.236] [INFO] responseTime - /api/v1/user/:u_id/badge/:b_id GET 1 8
[2020-05-19T21:16:41.259] [INFO] responseTime - /api/v1/user/:u_id/badge/:b_id GET 1 9
[2020-05-19T21:16:43.796] [INFO] responseTime - /api/v1/user/:u_id/course/:c_id/test GET 2 2
[2020-05-19T21:16:48.970] [INFO] responseTime - /api/v1/user/:u_id/course/:c_id/test GET 1 3
[2020-05-19T21:17:01.957] [INFO] responseTime - /api/v1/user/:u_id/course/:c_id/test GET 2 4
[2020-05-19T21:17:03.226] [INFO] responseTime - /api/v1/user/:u_id/badge GET 5 1
[2020-05-19T21:17:03.228] [INFO] responseTime - /api/v1/user/:u_id/test/undo GET 1 10
[2020-05-19T21:17:03.384] [INFO] responseTime - /api/v1/user/:u_id/badge/:b_id GET 1 3
[2020-05-19T21:17:03.400] [INFO] responseTime - /api/v1/user/:u_id/badge/:b_id GET 1 3
[2020-05-19T21:17:12.699] [INFO] responseTime - /api/v1/user/:u_id/course/:c_id/test GET 1 1
[2020-05-19T21:17:35.577] [INFO] responseTime - /api/v1/public/authcode GET 0 2
[2020-05-19T21:17:40.614] [INFO] responseTime - /api/v1/public/authcode GET 0 13
[2020-05-19T21:17:44.165] [INFO] responseTime - /api/v1/public/login POST 0 1
[2020-05-19T21:17:44.818] [INFO] responseTime - /api/v1/public/system_time GET 0 0
[2020-05-19T21:17:44.834] [INFO] responseTime - /api/v1/user/:u_id GET 1 3
[2020-05-19T21:17:44.852] [INFO] responseTime - /api/v1/user/:u_id/course GET 2 3
[2020-05-19T21:17:44.858] [INFO] responseTime - /api/v1/user/statistics/online GET 2 0
[2020-05-19T21:17:44.869] [INFO] responseTime - /api/v1/user/statistics/login_time GET 2 0
[2020-05-19T21:17:44.890] [INFO] responseTime - /api/v1/test/statistics/test_num GET 1 1
[2020-05-19T21:17:47.983] [INFO] responseTime - /api/v1/course/:c_id/statistics GET 1 2
[2020-05-19T21:17:53.841] [INFO] responseTime - /api/v1/course/tree GET 0 5
[2020-05-19T21:17:57.197] [INFO] responseTime - /api/v1/class/:class_id/user GET 1 2
[2020-05-19T21:18:01.434] [INFO] responseTime - /api/v1/test GET 1 3
[2020-05-19T21:18:13.571] [INFO] responseTime - /api/v1/test/:test_id/detail GET 2 16
[2020-05-19T21:18:44.740] [INFO] responseTime - /api/v1/public/system_time GET 1 0
[2020-05-19T21:19:44.740] [INFO] responseTime - /api/v1/public/system_time GET 0 0
[2020-05-19T21:19:46.437] [INFO] responseTime - /api/v1/question_library GET 1 4
[2020-05-19T21:20:44.744] [INFO] responseTime - /api/v1/public/system_time GET 0 0
[2020-05-19T21:21:19.882] [INFO] responseTime - /api/v1/course/:c_id/knowledge_point_tree GET 1 5
[2020-05-19T21:21:44.744] [INFO] responseTime - /api/v1/public/system_time GET 0 0
[2020-05-19T21:22:07.033] [INFO] responseTime - /api/v1/course/base_info GET 2 2
[2020-05-19T21:22:08.140] [INFO] responseTime - /api/v1/question_library GET 6 3
[2020-05-19T21:22:09.024] [INFO] responseTime - /api/v1/course/tree GET 3 7
[2020-05-19T21:22:13.241] [INFO] responseTime - /api/v1/class/:class_id/user GET 2 1
[2020-05-19T21:22:44.747] [INFO] responseTime - /api/v1/public/system_time GET 0 0
[2020-05-19T21:23:14.258] [INFO] responseTime - /api/v1/test GET 1 3
[2020-05-19T21:23:44.752] [INFO] responseTime - /api/v1/public/system_time GET 0 0
[2020-05-19T21:24:44.747] [INFO] responseTime - /api/v1/public/system_time GET 0 0
[2020-05-19T21:25:44.748] [INFO] responseTime - /api/v1/public/system_time GET 0 0
[2020-05-19T21:26:44.756] [INFO] responseTime - /api/v1/public/system_time GET 0 0
[2020-05-19T21:27:44.754] [INFO] responseTime - /api/v1/public/system_time GET 0 0
[2020-05-19T21:28:44.757] [INFO] responseTime - /api/v1/public/system_time GET 0 0
[2020-05-19T21:29:44.758] [INFO] responseTime - /api/v1/public/system_time GET 0 0
[2020-05-19T21:30:44.759] [INFO] responseTime - /api/v1/public/system_time GET 0 0
[2020-05-19T21:31:44.757] [INFO] responseTime - /api/v1/public/system_time GET 0 0
[2020-05-19T21:32:44.769] [INFO] responseTime - /api/v1/public/system_time GET 0 0
[2020-05-19T21:33:44.760] [INFO] responseTime - /api/v1/public/system_time GET 0 0
[2020-05-19T21:34:44.773] [INFO] responseTime - /api/v1/public/system_time GET 0 0
[2020-05-19T21:35:44.772] [INFO] responseTime - /api/v1/public/system_time GET 0 0
[2020-05-19T21:36:50.033] [INFO] responseTime - /api/v1/public/system_time GET 0 0
[2020-05-19T22:06:02.717] [INFO] responseTime - /api/v1/public/system_time GET 0 0
[2020-05-19T22:38:48.598] [INFO] responseTime - /api/v1/public/system_time GET 0 0
[2020-05-20T02:59:48.259] [INFO] responseTime - /api/v1/public/system_time GET 0 0
[2020-05-20T09:02:53.443] [INFO] responseTime - /api/v1/public/system_time GET 0 0
[2020-05-20T09:03:50.780] [INFO] responseTime - /api/v1/public/system_time GET 0 0
[2020-05-20T09:04:50.788] [INFO] responseTime - /api/v1/public/system_time GET 0 0
[2020-05-20T09:05:50.787] [INFO] responseTime - /api/v1/public/system_time GET 0 0
[2020-05-20T09:06:50.787] [INFO] responseTime - /api/v1/public/system_time GET 0 0
