[2020-05-19T15:07:30.601] [INFO] visit - undefined /api/v1/public/system_time GET
[2020-05-19T15:08:30.610] [INFO] visit - undefined /api/v1/public/system_time GET
[2020-05-19T15:09:30.606] [INFO] visit - undefined /api/v1/public/system_time GET
[2020-05-19T15:10:30.607] [INFO] visit - undefined /api/v1/public/system_time GET
[2020-05-19T15:11:30.608] [INFO] visit - undefined /api/v1/public/system_time GET
[2020-05-19T15:12:30.611] [INFO] visit - undefined /api/v1/public/system_time GET
[2020-05-19T15:13:30.610] [INFO] visit - undefined /api/v1/public/system_time GET
[2020-05-19T15:14:30.612] [INFO] visit - undefined /api/v1/public/system_time GET
[2020-05-19T15:15:30.615] [INFO] visit - undefined /api/v1/public/system_time GET
[2020-05-19T15:16:30.617] [INFO] visit - undefined /api/v1/public/system_time GET
[2020-05-19T15:17:07.839] [INFO] visit - undefined /api/v1/public/system_time GET
[2020-05-19T15:17:07.840] [INFO] visit - undefined /api/v1/user/43 GET
[2020-05-19T15:17:07.854] [INFO] visit - undefined /api/v1/user/43/course GET
[2020-05-19T15:17:07.870] [INFO] visit - undefined /api/v1/test GET
[2020-05-19T15:17:09.491] [INFO] visit - undefined /api/v1/public/authcode GET
[2020-05-19T15:17:14.722] [INFO] visit - undefined /api/v1/public/authcode GET
[2020-05-19T15:17:22.439] [INFO] visit - undefined /api/v1/public/login POST
[2020-05-19T15:17:23.101] [INFO] visit - undefined /api/v1/public/system_time GET
[2020-05-19T15:17:23.114] [INFO] visit - undefined /api/v1/user/43 GET
[2020-05-19T15:17:23.123] [INFO] visit - undefined /api/v1/user/43/course GET
[2020-05-19T15:17:23.141] [INFO] visit - undefined /api/v1/user/statistics/online GET
[2020-05-19T15:17:23.151] [INFO] visit - undefined /api/v1/user/statistics/login_time GET
[2020-05-19T15:17:23.170] [INFO] visit - undefined /api/v1/test/statistics/test_num GET
[2020-05-19T15:17:26.351] [INFO] visit - undefined /api/v1/course/9/statistics GET
[2020-05-19T15:17:27.680] [INFO] visit - undefined /api/v1/test GET
[2020-05-19T15:17:31.177] [INFO] visit - undefined /api/v1/test/12/detail GET
[2020-05-19T15:17:31.209] [INFO] visit - undefined /api/v1/test/12/code_check GET
[2020-05-19T15:18:23.017] [INFO] visit - undefined /api/v1/public/system_time GET
[2020-05-19T15:18:27.726] [INFO] visit - undefined /api/v1/public/system_time GET
[2020-05-19T15:18:27.803] [INFO] visit - undefined /api/v1/user/43 GET
[2020-05-19T15:18:27.821] [INFO] visit - undefined /api/v1/user/43/course GET
[2020-05-19T15:18:27.832] [INFO] visit - undefined /api/v1/test GET
[2020-05-19T15:18:32.267] [INFO] visit - undefined /api/v1/test/12/detail GET
[2020-05-19T15:18:32.288] [INFO] visit - undefined /api/v1/test/12/code_check GET
[2020-05-19T15:19:27.415] [INFO] visit - undefined /api/v1/public/system_time GET
[2020-05-19T15:20:27.404] [INFO] visit - undefined /api/v1/public/system_time GET
[2020-05-19T15:21:27.416] [INFO] visit - undefined /api/v1/public/system_time GET
[2020-05-19T15:22:27.411] [INFO] visit - undefined /api/v1/public/system_time GET
[2020-05-19T15:22:28.322] [INFO] visit - undefined /api/v1/test/12/code_check GET
[2020-05-19T15:22:28.350] [INFO] visit - undefined /api/v1/test/12/detail GET
[2020-05-19T15:23:02.731] [INFO] visit - undefined /api/v1/public/system_time GET
[2020-05-19T15:23:02.744] [INFO] visit - undefined /api/v1/user/43 GET
[2020-05-19T15:23:02.751] [INFO] visit - undefined /api/v1/user/43/course GET
[2020-05-19T15:23:02.766] [INFO] visit - undefined /api/v1/test GET
[2020-05-19T15:23:07.888] [INFO] visit - undefined /api/v1/test/12/detail GET
[2020-05-19T15:24:03.303] [INFO] visit - undefined /api/v1/public/system_time GET
[2020-05-19T15:25:03.308] [INFO] visit - undefined /api/v1/public/system_time GET
[2020-05-19T15:26:03.308] [INFO] visit - undefined /api/v1/public/system_time GET
[2020-05-19T15:27:12.284] [INFO] visit - undefined /api/v1/public/system_time GET
[2020-05-19T15:28:03.316] [INFO] visit - undefined /api/v1/public/system_time GET
[2020-05-19T15:29:03.308] [INFO] visit - undefined /api/v1/public/system_time GET
[2020-05-19T15:30:16.905] [INFO] visit - undefined /api/v1/public/system_time GET
[2020-05-19T15:31:03.315] [INFO] visit - undefined /api/v1/public/system_time GET
[2020-05-19T15:32:03.314] [INFO] visit - undefined /api/v1/public/system_time GET
[2020-05-19T15:33:03.315] [INFO] visit - undefined /api/v1/public/system_time GET
[2020-05-19T15:34:03.317] [INFO] visit - undefined /api/v1/public/system_time GET
[2020-05-19T15:34:44.167] [INFO] visit - undefined /api/v1/test/2/detail GET
[2020-05-19T15:34:59.686] [INFO] visit - undefined /api/v1/test/2/detail GET
[2020-05-19T15:34:59.687] [INFO] visit - undefined /api/v1/test/2/code_check GET
[2020-05-19T15:35:01.713] [INFO] visit - undefined /api/v1/course/9/statistics GET
[2020-05-19T15:35:02.363] [INFO] visit - undefined /api/v1/public/system_time GET
[2020-05-19T15:35:03.636] [INFO] visit - undefined /api/v1/test GET
[2020-05-19T15:35:11.211] [INFO] visit - undefined /api/v1/test/10/detail GET
[2020-05-19T15:35:11.212] [INFO] visit - undefined /api/v1/test/10/code_check GET
[2020-05-19T15:35:13.912] [INFO] visit - undefined /api/v1/course/9/statistics GET
[2020-05-19T15:35:15.829] [INFO] visit - undefined /api/v1/test GET
[2020-05-19T15:35:20.194] [INFO] visit - undefined /api/v1/test/10/detail GET
[2020-05-19T15:35:27.277] [INFO] visit - undefined /api/v1/test/11/detail GET
[2020-05-19T15:35:34.944] [INFO] visit - undefined /api/v1/test/12/detail GET
[2020-05-19T15:35:42.247] [INFO] visit - undefined /api/v1/test/13/detail GET
[2020-05-19T15:36:02.362] [INFO] visit - undefined /api/v1/public/system_time GET
[2020-05-19T15:36:51.593] [INFO] visit - undefined /api/v1/public/system_time GET
[2020-05-19T15:36:51.605] [INFO] visit - undefined /api/v1/user/43 GET
[2020-05-19T15:36:51.613] [INFO] visit - undefined /api/v1/user/43/course GET
[2020-05-19T15:36:51.624] [INFO] visit - undefined /api/v1/test GET
[2020-05-19T15:36:58.090] [INFO] visit - undefined /api/v1/test/13/detail GET
[2020-05-19T15:37:23.774] [INFO] visit - undefined /api/v1/question_group/12/all_question GET
[2020-05-19T15:37:50.991] [INFO] visit - undefined /api/v1/public/system_time GET
[2020-05-19T15:38:16.293] [INFO] visit - undefined /api/v1/test GET
[2020-05-19T15:38:50.988] [INFO] visit - undefined /api/v1/public/system_time GET
[2020-05-19T15:39:51.017] [INFO] visit - undefined /api/v1/public/system_time GET
[2020-05-19T15:39:54.263] [INFO] visit - undefined /api/v1/question_group/7/all_question GET
[2020-05-19T15:40:18.787] [INFO] visit - undefined /api/v1/question_group/7/all_question GET
[2020-05-19T15:40:31.261] [INFO] visit - undefined /api/v1/question_group/10/all_question GET
[2020-05-19T15:40:43.953] [INFO] visit - undefined /api/v1/question_group/12/all_question GET
[2020-05-19T15:40:50.988] [INFO] visit - undefined /api/v1/public/system_time GET
[2020-05-19T15:41:50.997] [INFO] visit - undefined /api/v1/public/system_time GET
[2020-05-19T15:42:03.244] [INFO] visit - undefined /api/v1/question_group/6/all_question GET
[2020-05-19T15:42:51.005] [INFO] visit - undefined /api/v1/public/system_time GET
[2020-05-19T15:43:50.999] [INFO] visit - undefined /api/v1/public/system_time GET
[2020-05-19T15:43:56.221] [INFO] visit - undefined /api/v1/test GET
[2020-05-19T15:43:59.647] [INFO] visit - undefined /api/v1/question_group/12/all_question GET
[2020-05-19T15:44:50.998] [INFO] visit - undefined /api/v1/public/system_time GET
[2020-05-19T15:45:51.343] [INFO] visit - undefined /api/v1/public/system_time GET
[2020-05-19T15:46:51.343] [INFO] visit - undefined /api/v1/public/system_time GET
[2020-05-19T15:47:51.346] [INFO] visit - undefined /api/v1/public/system_time GET
[2020-05-19T15:48:51.350] [INFO] visit - undefined /api/v1/public/system_time GET
[2020-05-19T15:49:51.354] [INFO] visit - undefined /api/v1/public/system_time GET
[2020-05-19T15:50:51.352] [INFO] visit - undefined /api/v1/public/system_time GET
[2020-05-19T15:51:51.362] [INFO] visit - undefined /api/v1/public/system_time GET
[2020-05-19T15:52:51.358] [INFO] visit - undefined /api/v1/public/system_time GET
[2020-05-19T15:53:53.066] [INFO] visit - undefined /api/v1/public/system_time GET
[2020-05-19T15:54:51.368] [INFO] visit - undefined /api/v1/public/system_time GET
[2020-05-19T15:55:51.367] [INFO] visit - undefined /api/v1/public/system_time GET
[2020-05-19T15:56:51.368] [INFO] visit - undefined /api/v1/public/system_time GET
[2020-05-19T15:57:51.378] [INFO] visit - undefined /api/v1/public/system_time GET
[2020-05-19T15:58:51.371] [INFO] visit - undefined /api/v1/public/system_time GET
[2020-05-19T15:59:51.372] [INFO] visit - undefined /api/v1/public/system_time GET
[2020-05-19T16:00:51.392] [INFO] visit - undefined /api/v1/public/system_time GET
[2020-05-19T16:01:51.377] [INFO] visit - undefined /api/v1/public/system_time GET
[2020-05-19T16:02:51.381] [INFO] visit - undefined /api/v1/public/system_time GET
[2020-05-19T16:03:51.379] [INFO] visit - undefined /api/v1/public/system_time GET
[2020-05-19T16:04:51.380] [INFO] visit - undefined /api/v1/public/system_time GET
[2020-05-19T16:05:51.383] [INFO] visit - undefined /api/v1/public/system_time GET
[2020-05-19T16:06:51.388] [INFO] visit - undefined /api/v1/public/system_time GET
[2020-05-19T16:07:51.391] [INFO] visit - undefined /api/v1/public/system_time GET
[2020-05-19T16:08:51.391] [INFO] visit - undefined /api/v1/public/system_time GET
[2020-05-19T16:09:51.394] [INFO] visit - undefined /api/v1/public/system_time GET
[2020-05-19T16:10:51.394] [INFO] visit - undefined /api/v1/public/system_time GET
[2020-05-19T16:11:51.398] [INFO] visit - undefined /api/v1/public/system_time GET
[2020-05-19T16:12:51.399] [INFO] visit - undefined /api/v1/public/system_time GET
[2020-05-19T16:13:51.400] [INFO] visit - undefined /api/v1/public/system_time GET
[2020-05-19T16:14:51.402] [INFO] visit - undefined /api/v1/public/system_time GET
[2020-05-19T16:15:51.405] [INFO] visit - undefined /api/v1/public/system_time GET
[2020-05-19T16:16:51.409] [INFO] visit - undefined /api/v1/public/system_time GET
[2020-05-19T16:17:51.409] [INFO] visit - undefined /api/v1/public/system_time GET
[2020-05-19T16:18:51.407] [INFO] visit - undefined /api/v1/public/system_time GET
[2020-05-19T16:19:51.414] [INFO] visit - undefined /api/v1/public/system_time GET
[2020-05-19T16:20:51.414] [INFO] visit - undefined /api/v1/public/system_time GET
[2020-05-19T16:21:51.410] [INFO] visit - undefined /api/v1/public/system_time GET
[2020-05-19T16:22:51.413] [INFO] visit - undefined /api/v1/public/system_time GET
[2020-05-19T16:23:51.414] [INFO] visit - undefined /api/v1/public/system_time GET
[2020-05-19T16:24:57.026] [INFO] visit - undefined /api/v1/public/system_time GET
[2020-05-19T16:25:51.416] [INFO] visit - undefined /api/v1/public/system_time GET
[2020-05-19T16:26:51.419] [INFO] visit - undefined /api/v1/public/system_time GET
[2020-05-19T16:27:53.674] [INFO] visit - undefined /api/v1/public/system_time GET
[2020-05-19T16:28:51.422] [INFO] visit - undefined /api/v1/public/system_time GET
[2020-05-19T16:29:51.424] [INFO] visit - undefined /api/v1/public/system_time GET
[2020-05-19T16:30:51.425] [INFO] visit - undefined /api/v1/public/system_time GET
[2020-05-19T16:31:51.427] [INFO] visit - undefined /api/v1/public/system_time GET
[2020-05-19T16:32:51.427] [INFO] visit - undefined /api/v1/public/system_time GET
[2020-05-19T16:33:51.430] [INFO] visit - undefined /api/v1/public/system_time GET
[2020-05-19T16:34:51.430] [INFO] visit - undefined /api/v1/public/system_time GET
[2020-05-19T16:35:51.436] [INFO] visit - undefined /api/v1/public/system_time GET
[2020-05-19T16:36:51.438] [INFO] visit - undefined /api/v1/public/system_time GET
[2020-05-19T16:37:51.443] [INFO] visit - undefined /api/v1/public/system_time GET
[2020-05-19T16:38:51.446] [INFO] visit - undefined /api/v1/public/system_time GET
[2020-05-19T16:40:20.270] [INFO] visit - undefined /api/v1/public/system_time GET
[2020-05-19T16:41:05.854] [INFO] visit - undefined /api/v1/public/system_time GET
[2020-05-19T16:41:51.452] [INFO] visit - undefined /api/v1/public/system_time GET
[2020-05-19T16:42:51.458] [INFO] visit - undefined /api/v1/public/system_time GET
[2020-05-19T16:43:51.456] [INFO] visit - undefined /api/v1/public/system_time GET
[2020-05-19T16:44:51.460] [INFO] visit - undefined /api/v1/public/system_time GET
[2020-05-19T16:45:51.459] [INFO] visit - undefined /api/v1/public/system_time GET
[2020-05-19T16:46:51.461] [INFO] visit - undefined /api/v1/public/system_time GET
[2020-05-19T16:47:51.463] [INFO] visit - undefined /api/v1/public/system_time GET
[2020-05-19T16:48:51.465] [INFO] visit - undefined /api/v1/public/system_time GET
[2020-05-19T16:49:51.468] [INFO] visit - undefined /api/v1/public/system_time GET
[2020-05-19T16:50:51.475] [INFO] visit - undefined /api/v1/public/system_time GET
[2020-05-19T16:51:51.470] [INFO] visit - undefined /api/v1/public/system_time GET
[2020-05-19T16:52:54.662] [INFO] visit - undefined /api/v1/public/system_time GET
[2020-05-19T16:53:57.674] [INFO] visit - undefined /api/v1/public/system_time GET
[2020-05-19T16:54:51.710] [INFO] visit - undefined /api/v1/public/system_time GET
[2020-05-19T16:55:51.508] [INFO] visit - undefined /api/v1/public/system_time GET
[2020-05-19T16:56:51.483] [INFO] visit - undefined /api/v1/public/system_time GET
[2020-05-19T16:57:51.481] [INFO] visit - undefined /api/v1/public/system_time GET
[2020-05-19T16:58:40.070] [INFO] visit - undefined /api/v1/public/system_time GET
[2020-05-19T16:58:40.092] [INFO] visit - undefined /api/v1/user/43 GET
[2020-05-19T16:58:40.113] [INFO] visit - undefined /api/v1/user/43/course GET
[2020-05-19T16:58:40.120] [INFO] visit - undefined /api/v1/test GET
[2020-05-19T16:58:41.571] [INFO] visit - undefined /api/v1/public/authcode GET
[2020-05-19T16:58:45.585] [INFO] visit - undefined /api/v1/public/authcode GET
[2020-05-19T16:58:50.031] [INFO] visit - undefined /api/v1/public/login POST
[2020-05-19T16:58:50.040] [INFO] visit - undefined /api/v1/public/login POST
[2020-05-19T16:58:50.178] [INFO] visit - undefined /api/v1/public/login POST
[2020-05-19T16:58:50.713] [INFO] visit - undefined /api/v1/public/system_time GET
[2020-05-19T16:58:50.727] [INFO] visit - undefined /api/v1/user/43 GET
[2020-05-19T16:58:50.728] [INFO] visit - undefined /api/v1/user/43/course GET
[2020-05-19T16:58:50.742] [INFO] visit - undefined /api/v1/user/statistics/online GET
[2020-05-19T16:58:50.752] [INFO] visit - undefined /api/v1/user/statistics/login_time GET
[2020-05-19T16:58:50.763] [INFO] visit - undefined /api/v1/test/statistics/test_num GET
[2020-05-19T16:58:53.174] [INFO] visit - undefined /api/v1/course/9/statistics GET
[2020-05-19T16:58:54.575] [INFO] visit - undefined /api/v1/test GET
[2020-05-19T16:59:50.595] [INFO] visit - undefined /api/v1/public/system_time GET
[2020-05-19T17:00:50.596] [INFO] visit - undefined /api/v1/public/system_time GET
[2020-05-19T17:01:50.618] [INFO] visit - undefined /api/v1/public/system_time GET
[2020-05-19T17:02:14.285] [INFO] visit - undefined /api/v1/test GET
[2020-05-19T17:02:17.052] [INFO] visit - undefined /api/v1/question_group/12/download GET
[2020-05-19T17:02:50.602] [INFO] visit - undefined /api/v1/public/system_time GET
[2020-05-19T17:04:15.323] [INFO] visit - undefined /api/v1/test GET
[2020-05-19T17:04:17.973] [INFO] visit - undefined /api/v1/question_group/12/all_question GET
[2020-05-19T17:04:50.623] [INFO] visit - undefined /api/v1/public/system_time GET
[2020-05-19T17:05:23.306] [INFO] visit - undefined /api/v1/question_group/12/all_question GET
[2020-05-19T17:05:50.627] [INFO] visit - undefined /api/v1/public/system_time GET
[2020-05-19T17:05:53.438] [INFO] visit - undefined /api/v1/question_group/12/all_question GET
[2020-05-19T17:06:49.345] [INFO] visit - undefined /api/v1/question_group/12/all_question GET
[2020-05-19T17:06:50.607] [INFO] visit - undefined /api/v1/public/system_time GET
[2020-05-19T17:07:15.701] [INFO] visit - undefined /api/v1/question_group/12/all_question GET
[2020-05-19T17:07:50.612] [INFO] visit - undefined /api/v1/public/system_time GET
[2020-05-19T17:08:15.956] [INFO] visit - undefined /api/v1/question_group/12/all_question GET
[2020-05-19T17:08:50.613] [INFO] visit - undefined /api/v1/public/system_time GET
[2020-05-19T17:09:02.194] [INFO] visit - undefined /api/v1/question_group/12/all_question GET
[2020-05-19T17:09:50.628] [INFO] visit - undefined /api/v1/public/system_time GET
[2020-05-19T17:10:00.716] [INFO] visit - undefined /api/v1/question_group/12/all_question GET
[2020-05-19T17:10:43.532] [INFO] visit - undefined /api/v1/question_group/12/all_question GET
[2020-05-19T17:10:50.616] [INFO] visit - undefined /api/v1/public/system_time GET
[2020-05-19T17:11:50.619] [INFO] visit - undefined /api/v1/public/system_time GET
[2020-05-19T17:12:50.620] [INFO] visit - undefined /api/v1/public/system_time GET
[2020-05-19T17:13:50.628] [INFO] visit - undefined /api/v1/public/system_time GET
[2020-05-19T17:14:50.628] [INFO] visit - undefined /api/v1/public/system_time GET
[2020-05-19T17:15:50.644] [INFO] visit - undefined /api/v1/public/system_time GET
[2020-05-19T17:16:50.637] [INFO] visit - undefined /api/v1/public/system_time GET
[2020-05-19T17:17:50.637] [INFO] visit - undefined /api/v1/public/system_time GET
[2020-05-19T17:18:25.737] [INFO] visit - undefined /api/v1/question_library GET
[2020-05-19T17:18:35.845] [INFO] visit - undefined /api/v1/test GET
[2020-05-19T17:18:42.170] [INFO] visit - undefined /api/v1/question_library GET
[2020-05-19T17:18:44.249] [INFO] visit - undefined /api/v1/question_library GET
[2020-05-19T17:18:44.824] [INFO] visit - undefined /api/v1/question_library GET
[2020-05-19T17:18:46.873] [INFO] visit - undefined /api/v1/question_library GET
[2020-05-19T17:18:50.638] [INFO] visit - undefined /api/v1/public/system_time GET
[2020-05-19T17:18:58.908] [INFO] visit - undefined /api/v1/question_library GET
[2020-05-19T17:19:13.586] [INFO] visit - undefined /api/v1/test GET
[2020-05-19T17:19:14.506] [INFO] visit - undefined /api/v1/course/9/section GET
[2020-05-19T17:19:14.513] [INFO] visit - undefined /api/v1/course/tree GET
[2020-05-19T17:19:17.282] [INFO] visit - undefined /api/v1/course/9/section GET
[2020-05-19T17:19:17.283] [INFO] visit - undefined /api/v1/course/tree GET
[2020-05-19T17:19:17.886] [INFO] visit - undefined /api/v1/course/9/section GET
[2020-05-19T17:19:17.890] [INFO] visit - undefined /api/v1/course/tree GET
[2020-05-19T17:19:18.667] [INFO] visit - undefined /api/v1/course/9/section GET
[2020-05-19T17:19:18.667] [INFO] visit - undefined /api/v1/course/tree GET
[2020-05-19T17:19:22.072] [INFO] visit - undefined /api/v1/public/authcode GET
[2020-05-19T17:19:29.289] [INFO] visit - undefined /api/v1/public/login POST
[2020-05-19T17:19:29.346] [INFO] visit - undefined /api/v1/public/login POST
[2020-05-19T17:19:29.495] [INFO] visit - undefined /api/v1/public/login POST
[2020-05-19T17:19:30.025] [INFO] visit - undefined /api/v1/public/system_time GET
[2020-05-19T17:19:30.026] [INFO] visit - undefined /api/v1/user/44/course GET
[2020-05-19T17:19:30.046] [INFO] visit - undefined /api/v1/user/44 GET
[2020-05-19T17:19:30.057] [INFO] visit - undefined /api/v1/user/44/test/undo GET
[2020-05-19T17:19:30.074] [INFO] visit - undefined /api/v1/user/44/badge GET
[2020-05-19T17:19:30.208] [INFO] visit - undefined /api/v1/user/44/badge/3 GET
[2020-05-19T17:19:30.217] [INFO] visit - undefined /api/v1/user/44/badge/6 GET
[2020-05-19T17:19:32.409] [INFO] visit - undefined /api/v1/user/44/course/9/test GET
[2020-05-19T17:19:35.413] [INFO] visit - undefined /api/v1/user/44/course/9/test GET
[2020-05-19T17:19:42.184] [INFO] visit - undefined /api/v1/public/authcode GET
[2020-05-19T17:19:48.642] [INFO] visit - undefined /api/v1/public/login POST
[2020-05-19T17:19:48.695] [INFO] visit - undefined /api/v1/public/login POST
[2020-05-19T17:19:48.809] [INFO] visit - undefined /api/v1/public/login POST
[2020-05-19T17:19:49.290] [INFO] visit - undefined /api/v1/public/system_time GET
[2020-05-19T17:19:49.292] [INFO] visit - undefined /api/v1/user/43 GET
[2020-05-19T17:19:49.307] [INFO] visit - undefined /api/v1/user/43/course GET
[2020-05-19T17:19:49.307] [INFO] visit - undefined /api/v1/user/statistics/online GET
[2020-05-19T17:19:49.308] [INFO] visit - undefined /api/v1/user/statistics/login_time GET
[2020-05-19T17:19:49.309] [INFO] visit - undefined /api/v1/test/statistics/test_num GET
[2020-05-19T17:19:51.658] [INFO] visit - undefined /api/v1/course/9/statistics GET
[2020-05-19T17:19:53.630] [INFO] visit - undefined /api/v1/question_library GET
[2020-05-19T17:19:57.990] [INFO] visit - undefined /api/v1/test GET
[2020-05-19T17:19:59.894] [INFO] visit - undefined /api/v1/course/9/section GET
[2020-05-19T17:19:59.906] [INFO] visit - undefined /api/v1/course/tree GET
[2020-05-19T17:20:49.188] [INFO] visit - undefined /api/v1/public/system_time GET
[2020-05-19T17:20:53.874] [INFO] visit - undefined /api/v1/question_library GET
[2020-05-19T17:21:10.839] [INFO] visit - undefined /api/v1/public/authcode GET
[2020-05-19T17:21:17.892] [INFO] visit - undefined /api/v1/public/login POST
[2020-05-19T17:21:18.059] [INFO] visit - undefined /api/v1/public/login POST
[2020-05-19T17:21:22.814] [INFO] visit - undefined /api/v1/public/login POST
[2020-05-19T17:21:22.953] [INFO] visit - undefined /api/v1/public/login POST
[2020-05-19T17:21:23.047] [INFO] visit - undefined /api/v1/public/login POST
[2020-05-19T17:21:23.506] [INFO] visit - undefined /api/v1/public/system_time GET
[2020-05-19T17:21:23.507] [INFO] visit - undefined /api/v1/user/44/course GET
[2020-05-19T17:21:23.508] [INFO] visit - undefined /api/v1/user/44 GET
[2020-05-19T17:21:23.527] [INFO] visit - undefined /api/v1/user/44/test/undo GET
[2020-05-19T17:21:23.539] [INFO] visit - undefined /api/v1/user/44/badge GET
[2020-05-19T17:21:23.663] [INFO] visit - undefined /api/v1/user/44/badge/3 GET
[2020-05-19T17:21:23.664] [INFO] visit - undefined /api/v1/user/44/badge/6 GET
[2020-05-19T17:21:30.952] [INFO] visit - undefined /api/v1/course/9/announcement/open GET
[2020-05-19T17:21:33.828] [INFO] visit - undefined /api/v1/user/44/course/9/test GET
[2020-05-19T17:21:35.215] [INFO] visit - undefined /api/v1/user/44/course/9/test GET
[2020-05-19T17:21:48.940] [INFO] visit - undefined /api/v1/user/44/course/9/knowledge_test GET
[2020-05-19T17:22:15.029] [INFO] visit - undefined /api/v1/user/44/course/9/test GET
[2020-05-19T17:22:16.966] [INFO] visit - undefined /api/v1/user/44/course/9/test/12/detail GET
[2020-05-19T17:22:17.039] [INFO] visit - undefined /api/v1/user/44/course/9/test/12/answer GET
[2020-05-19T17:22:23.381] [INFO] visit - undefined /api/v1/public/system_time GET
[2020-05-19T17:22:28.575] [INFO] visit - undefined /api/v1/user/44/course/9/test GET
[2020-05-19T17:22:32.091] [INFO] visit - undefined /api/v1/user/44/course/9/test/11/detail GET
[2020-05-19T17:22:32.127] [INFO] visit - undefined /api/v1/user/44/course/9/test/11/answer GET
[2020-05-19T17:22:39.699] [INFO] visit - undefined /api/v1/user/44/course/9/test GET
[2020-05-19T17:22:45.534] [INFO] visit - undefined /api/v1/user/44/course/9/test/13/detail GET
[2020-05-19T17:23:23.380] [INFO] visit - undefined /api/v1/public/system_time GET
[2020-05-19T17:24:07.330] [INFO] visit - undefined /api/v1/public/authcode GET
[2020-05-19T17:24:20.763] [INFO] visit - undefined /api/v1/public/login POST
[2020-05-19T17:24:20.962] [INFO] visit - undefined /api/v1/public/login POST
[2020-05-19T17:24:21.421] [INFO] visit - undefined /api/v1/user/43 GET
[2020-05-19T17:24:21.422] [INFO] visit - undefined /api/v1/user/43/course GET
[2020-05-19T17:24:21.423] [INFO] visit - undefined /api/v1/public/system_time GET
[2020-05-19T17:24:21.428] [INFO] visit - undefined /api/v1/user/statistics/online GET
[2020-05-19T17:24:21.433] [INFO] visit - undefined /api/v1/test/statistics/test_num GET
[2020-05-19T17:24:21.436] [INFO] visit - undefined /api/v1/user/statistics/login_time GET
[2020-05-19T17:24:25.134] [INFO] visit - undefined /api/v1/course/9/statistics GET
[2020-05-19T17:24:25.957] [INFO] visit - undefined /api/v1/test GET
[2020-05-19T17:24:30.234] [INFO] visit - undefined /api/v1/test/12/detail GET
[2020-05-19T17:24:30.248] [INFO] visit - undefined /api/v1/test/12/code_check GET
[2020-05-19T17:25:21.295] [INFO] visit - undefined /api/v1/public/system_time GET
[2020-05-19T17:26:21.299] [INFO] visit - undefined /api/v1/public/system_time GET
[2020-05-19T17:27:21.295] [INFO] visit - undefined /api/v1/public/system_time GET
[2020-05-19T17:28:15.637] [INFO] visit - undefined /api/v1/course/tree GET
[2020-05-19T17:28:17.584] [INFO] visit - undefined /api/v1/course/tree GET
[2020-05-19T17:28:21.297] [INFO] visit - undefined /api/v1/public/system_time GET
[2020-05-19T17:28:28.025] [INFO] visit - undefined /api/v1/course/base_info GET
[2020-05-19T17:28:29.176] [INFO] visit - undefined /api/v1/course/tree GET
[2020-05-19T17:28:36.187] [INFO] visit - undefined /api/v1/course/base_info GET
[2020-05-19T17:28:38.326] [INFO] visit - undefined /api/v1/course/tree GET
[2020-05-19T17:28:45.768] [INFO] visit - undefined /api/v1/class/15/user GET
[2020-05-19T17:29:02.393] [INFO] visit - undefined /api/v1/course/tree GET
[2020-05-19T17:29:04.297] [INFO] visit - undefined /api/v1/course/tree GET
[2020-05-19T17:29:06.263] [INFO] visit - undefined /api/v1/course/tree GET
[2020-05-19T17:29:08.890] [INFO] visit - undefined /api/v1/class/15/user GET
[2020-05-19T17:29:21.307] [INFO] visit - undefined /api/v1/public/system_time GET
[2020-05-19T17:30:21.305] [INFO] visit - undefined /api/v1/public/system_time GET
[2020-05-19T17:31:21.310] [INFO] visit - undefined /api/v1/public/system_time GET
[2020-05-19T17:32:21.313] [INFO] visit - undefined /api/v1/public/system_time GET
[2020-05-19T17:33:21.309] [INFO] visit - undefined /api/v1/public/system_time GET
[2020-05-19T17:34:21.317] [INFO] visit - undefined /api/v1/public/system_time GET
[2020-05-19T17:35:21.319] [INFO] visit - undefined /api/v1/public/system_time GET
[2020-05-19T17:36:21.320] [INFO] visit - undefined /api/v1/public/system_time GET
[2020-05-19T17:37:21.320] [INFO] visit - undefined /api/v1/public/system_time GET
[2020-05-19T17:38:21.320] [INFO] visit - undefined /api/v1/public/system_time GET
[2020-05-19T17:39:21.327] [INFO] visit - undefined /api/v1/public/system_time GET
[2020-05-19T17:40:21.330] [INFO] visit - undefined /api/v1/public/system_time GET
[2020-05-19T17:41:21.335] [INFO] visit - undefined /api/v1/public/system_time GET
[2020-05-19T17:42:21.335] [INFO] visit - undefined /api/v1/public/system_time GET
[2020-05-19T17:43:21.335] [INFO] visit - undefined /api/v1/public/system_time GET
[2020-05-19T17:44:21.340] [INFO] visit - undefined /api/v1/public/system_time GET
[2020-05-19T17:45:21.339] [INFO] visit - undefined /api/v1/public/system_time GET
[2020-05-19T17:46:21.352] [INFO] visit - undefined /api/v1/public/system_time GET
[2020-05-19T17:47:21.347] [INFO] visit - undefined /api/v1/public/system_time GET
[2020-05-19T17:48:21.350] [INFO] visit - undefined /api/v1/public/system_time GET
[2020-05-19T17:49:21.352] [INFO] visit - undefined /api/v1/public/system_time GET
[2020-05-19T17:50:21.353] [INFO] visit - undefined /api/v1/public/system_time GET
[2020-05-19T17:51:21.346] [INFO] visit - undefined /api/v1/public/system_time GET
[2020-05-19T17:52:21.353] [INFO] visit - undefined /api/v1/public/system_time GET
[2020-05-19T17:53:21.349] [INFO] visit - undefined /api/v1/public/system_time GET
[2020-05-19T17:54:21.362] [INFO] visit - undefined /api/v1/public/system_time GET
[2020-05-19T17:55:21.360] [INFO] visit - undefined /api/v1/public/system_time GET
[2020-05-19T17:56:21.355] [INFO] visit - undefined /api/v1/public/system_time GET
[2020-05-19T17:57:21.365] [INFO] visit - undefined /api/v1/public/system_time GET
[2020-05-19T17:58:21.364] [INFO] visit - undefined /api/v1/public/system_time GET
[2020-05-19T17:59:21.359] [INFO] visit - undefined /api/v1/public/system_time GET
[2020-05-19T18:00:21.360] [INFO] visit - undefined /api/v1/public/system_time GET
[2020-05-19T18:01:21.360] [INFO] visit - undefined /api/v1/public/system_time GET
[2020-05-19T18:02:21.356] [INFO] visit - undefined /api/v1/public/system_time GET
[2020-05-19T18:03:21.373] [INFO] visit - undefined /api/v1/public/system_time GET
[2020-05-19T18:04:21.367] [INFO] visit - undefined /api/v1/public/system_time GET
[2020-05-19T18:05:21.954] [INFO] visit - undefined /api/v1/public/system_time GET
[2020-05-19T18:06:21.937] [INFO] visit - undefined /api/v1/public/system_time GET
[2020-05-19T18:07:21.916] [INFO] visit - undefined /api/v1/public/system_time GET
[2020-05-19T18:08:21.803] [INFO] visit - undefined /api/v1/public/system_time GET
[2020-05-19T18:09:21.940] [INFO] visit - undefined /api/v1/public/system_time GET
[2020-05-19T18:10:21.841] [INFO] visit - undefined /api/v1/public/system_time GET
[2020-05-19T18:11:21.960] [INFO] visit - undefined /api/v1/public/system_time GET
[2020-05-19T18:12:21.954] [INFO] visit - undefined /api/v1/public/system_time GET
[2020-05-19T18:13:21.810] [INFO] visit - undefined /api/v1/public/system_time GET
[2020-05-19T18:14:21.837] [INFO] visit - undefined /api/v1/public/system_time GET
[2020-05-19T18:15:22.115] [INFO] visit - undefined /api/v1/public/system_time GET
[2020-05-19T18:16:21.912] [INFO] visit - undefined /api/v1/public/system_time GET
[2020-05-19T18:17:22.033] [INFO] visit - undefined /api/v1/public/system_time GET
[2020-05-19T18:18:21.876] [INFO] visit - undefined /api/v1/public/system_time GET
[2020-05-19T18:19:21.934] [INFO] visit - undefined /api/v1/public/system_time GET
[2020-05-19T18:20:21.920] [INFO] visit - undefined /api/v1/public/system_time GET
[2020-05-19T18:21:22.076] [INFO] visit - undefined /api/v1/public/system_time GET
[2020-05-19T18:22:21.933] [INFO] visit - undefined /api/v1/public/system_time GET
[2020-05-19T18:23:22.047] [INFO] visit - undefined /api/v1/public/system_time GET
[2020-05-19T18:24:21.948] [INFO] visit - undefined /api/v1/public/system_time GET
[2020-05-19T18:25:21.985] [INFO] visit - undefined /api/v1/public/system_time GET
[2020-05-19T18:26:21.656] [INFO] visit - undefined /api/v1/public/system_time GET
[2020-05-19T18:27:22.034] [INFO] visit - undefined /api/v1/public/system_time GET
[2020-05-19T18:28:21.972] [INFO] visit - undefined /api/v1/public/system_time GET
[2020-05-19T18:29:21.985] [INFO] visit - undefined /api/v1/public/system_time GET
[2020-05-19T18:30:21.959] [INFO] visit - undefined /api/v1/public/system_time GET
[2020-05-19T18:31:21.900] [INFO] visit - undefined /api/v1/public/system_time GET
[2020-05-19T18:32:22.097] [INFO] visit - undefined /api/v1/public/system_time GET
[2020-05-19T18:33:21.918] [INFO] visit - undefined /api/v1/public/system_time GET
[2020-05-19T18:34:21.665] [INFO] visit - undefined /api/v1/public/system_time GET
[2020-05-19T21:14:48.556] [INFO] visit - undefined /api/v1/public/system_time GET
[2020-05-19T21:14:48.573] [INFO] visit - undefined /api/v1/user/43 GET
[2020-05-19T21:14:48.586] [INFO] visit - undefined /api/v1/user/43/course GET
[2020-05-19T21:14:48.606] [INFO] visit - undefined /api/v1/course/tree GET
[2020-05-19T21:14:50.330] [INFO] visit - undefined /api/v1/public/authcode GET
[2020-05-19T21:15:08.147] [INFO] visit - undefined /api/v1/public/login POST
[2020-05-19T21:15:08.847] [INFO] visit - undefined /api/v1/public/system_time GET
[2020-05-19T21:15:08.853] [INFO] visit - undefined /api/v1/user/43 GET
[2020-05-19T21:15:08.862] [INFO] visit - undefined /api/v1/user/43/course GET
[2020-05-19T21:15:08.876] [INFO] visit - undefined /api/v1/user/statistics/online GET
[2020-05-19T21:15:08.885] [INFO] visit - undefined /api/v1/test/statistics/test_num GET
[2020-05-19T21:15:08.903] [INFO] visit - undefined /api/v1/user/statistics/login_time GET
[2020-05-19T21:15:11.496] [INFO] visit - undefined /api/v1/course/9/statistics GET
[2020-05-19T21:15:13.135] [INFO] visit - undefined /api/v1/question_library GET
[2020-05-19T21:15:16.389] [INFO] visit - undefined /api/v1/test GET
[2020-05-19T21:15:20.561] [INFO] visit - undefined /api/v1/question_library GET
[2020-05-19T21:15:22.457] [INFO] visit - undefined /api/v1/test GET
[2020-05-19T21:15:24.280] [INFO] visit - undefined /api/v1/course/tree GET
[2020-05-19T21:15:24.281] [INFO] visit - undefined /api/v1/course/9/section GET
[2020-05-19T21:16:01.970] [INFO] visit - undefined /api/v1/test POST
[2020-05-19T21:16:06.134] [INFO] visit - undefined /api/v1/test POST
[2020-05-19T21:16:06.348] [INFO] visit - undefined /api/v1/test POST
[2020-05-19T21:16:08.703] [INFO] visit - undefined /api/v1/public/system_time GET
[2020-05-19T21:16:23.294] [INFO] visit - undefined /api/v1/test POST
[2020-05-19T21:16:28.412] [INFO] visit - undefined /api/v1/public/authcode GET
[2020-05-19T21:16:35.032] [INFO] visit - undefined /api/v1/public/login POST
[2020-05-19T21:16:40.259] [INFO] visit - undefined /api/v1/public/login POST
[2020-05-19T21:16:41.042] [INFO] visit - undefined /api/v1/public/system_time GET
[2020-05-19T21:16:41.049] [INFO] visit - undefined /api/v1/user/44/course GET
[2020-05-19T21:16:41.071] [INFO] visit - undefined /api/v1/user/44 GET
[2020-05-19T21:16:41.089] [INFO] visit - undefined /api/v1/user/44/test/undo GET
[2020-05-19T21:16:41.097] [INFO] visit - undefined /api/v1/user/44/badge GET
[2020-05-19T21:16:41.226] [INFO] visit - undefined /api/v1/user/44/badge/3 GET
[2020-05-19T21:16:41.249] [INFO] visit - undefined /api/v1/user/44/badge/6 GET
[2020-05-19T21:16:43.791] [INFO] visit - undefined /api/v1/user/44/course/9/test GET
[2020-05-19T21:16:48.966] [INFO] visit - undefined /api/v1/user/44/course/9/test GET
[2020-05-19T21:17:01.951] [INFO] visit - undefined /api/v1/user/44/course/9/test GET
[2020-05-19T21:17:03.216] [INFO] visit - undefined /api/v1/user/44/test/undo GET
[2020-05-19T21:17:03.219] [INFO] visit - undefined /api/v1/user/44/badge GET
[2020-05-19T21:17:03.379] [INFO] visit - undefined /api/v1/user/44/badge/3 GET
[2020-05-19T21:17:03.395] [INFO] visit - undefined /api/v1/user/44/badge/6 GET
[2020-05-19T21:17:12.697] [INFO] visit - undefined /api/v1/user/44/course/9/test GET
[2020-05-19T21:17:35.575] [INFO] visit - undefined /api/v1/public/authcode GET
[2020-05-19T21:17:40.601] [INFO] visit - undefined /api/v1/public/authcode GET
[2020-05-19T21:17:44.163] [INFO] visit - undefined /api/v1/public/login POST
[2020-05-19T21:17:44.818] [INFO] visit - undefined /api/v1/public/system_time GET
[2020-05-19T21:17:44.829] [INFO] visit - undefined /api/v1/user/43 GET
[2020-05-19T21:17:44.846] [INFO] visit - undefined /api/v1/user/43/course GET
[2020-05-19T21:17:44.856] [INFO] visit - undefined /api/v1/user/statistics/online GET
[2020-05-19T21:17:44.867] [INFO] visit - undefined /api/v1/user/statistics/login_time GET
[2020-05-19T21:17:44.888] [INFO] visit - undefined /api/v1/test/statistics/test_num GET
[2020-05-19T21:17:47.980] [INFO] visit - undefined /api/v1/course/9/statistics GET
[2020-05-19T21:17:53.835] [INFO] visit - undefined /api/v1/course/tree GET
[2020-05-19T21:17:57.194] [INFO] visit - undefined /api/v1/class/15/user GET
[2020-05-19T21:18:01.429] [INFO] visit - undefined /api/v1/test GET
[2020-05-19T21:18:13.553] [INFO] visit - undefined /api/v1/test/12/detail GET
[2020-05-19T21:18:13.572] [INFO] visit - undefined /api/v1/test/12/code_check GET
[2020-05-19T21:18:44.739] [INFO] visit - undefined /api/v1/public/system_time GET
[2020-05-19T21:19:44.739] [INFO] visit - undefined /api/v1/public/system_time GET
[2020-05-19T21:19:46.431] [INFO] visit - undefined /api/v1/question_library GET
[2020-05-19T21:20:44.744] [INFO] visit - undefined /api/v1/public/system_time GET
[2020-05-19T21:21:19.876] [INFO] visit - undefined /api/v1/course/9/knowledge_point_tree GET
[2020-05-19T21:21:44.743] [INFO] visit - undefined /api/v1/public/system_time GET
[2020-05-19T21:22:07.029] [INFO] visit - undefined /api/v1/course/base_info GET
[2020-05-19T21:22:08.129] [INFO] visit - undefined /api/v1/question_library GET
[2020-05-19T21:22:09.014] [INFO] visit - undefined /api/v1/course/tree GET
[2020-05-19T21:22:13.238] [INFO] visit - undefined /api/v1/class/15/user GET
[2020-05-19T21:22:44.747] [INFO] visit - undefined /api/v1/public/system_time GET
[2020-05-19T21:23:14.254] [INFO] visit - undefined /api/v1/test GET
[2020-05-19T21:23:44.752] [INFO] visit - undefined /api/v1/public/system_time GET
[2020-05-19T21:24:44.745] [INFO] visit - undefined /api/v1/public/system_time GET
[2020-05-19T21:25:44.748] [INFO] visit - undefined /api/v1/public/system_time GET
[2020-05-19T21:26:44.756] [INFO] visit - undefined /api/v1/public/system_time GET
[2020-05-19T21:27:44.754] [INFO] visit - undefined /api/v1/public/system_time GET
[2020-05-19T21:28:44.756] [INFO] visit - undefined /api/v1/public/system_time GET
[2020-05-19T21:29:44.757] [INFO] visit - undefined /api/v1/public/system_time GET
[2020-05-19T21:30:44.758] [INFO] visit - undefined /api/v1/public/system_time GET
[2020-05-19T21:31:44.756] [INFO] visit - undefined /api/v1/public/system_time GET
[2020-05-19T21:32:44.769] [INFO] visit - undefined /api/v1/public/system_time GET
[2020-05-19T21:33:44.759] [INFO] visit - undefined /api/v1/public/system_time GET
[2020-05-19T21:34:44.773] [INFO] visit - undefined /api/v1/public/system_time GET
[2020-05-19T21:35:44.772] [INFO] visit - undefined /api/v1/public/system_time GET
[2020-05-19T21:36:50.032] [INFO] visit - undefined /api/v1/public/system_time GET
[2020-05-19T22:06:02.717] [INFO] visit - undefined /api/v1/public/system_time GET
[2020-05-19T22:38:48.598] [INFO] visit - undefined /api/v1/public/system_time GET
[2020-05-20T02:59:48.258] [INFO] visit - undefined /api/v1/public/system_time GET
[2020-05-20T09:02:53.440] [INFO] visit - undefined /api/v1/public/system_time GET
[2020-05-20T09:03:50.779] [INFO] visit - undefined /api/v1/public/system_time GET
[2020-05-20T09:04:50.787] [INFO] visit - undefined /api/v1/public/system_time GET
[2020-05-20T09:05:50.786] [INFO] visit - undefined /api/v1/public/system_time GET
[2020-05-20T09:06:50.787] [INFO] visit - undefined /api/v1/public/system_time GET
