[2020-05-18T16:59:40.299] [INFO] operate - 43 /api/v1/test/6/code_check GET {"type":"old","test_id":"6"}
[2020-05-18T16:59:50.393] [INFO] operate - 44 /api/v1/user/44/course GET {"u_id":"44"}
[2020-05-18T16:59:50.413] [INFO] operate - 44 /api/v1/user/44 GET {"u_id":"44"}
[2020-05-18T16:59:50.426] [INFO] operate - 44 /api/v1/user/44/test/undo GET {"u_id":"44"}
[2020-05-18T16:59:50.439] [INFO] operate - 44 /api/v1/user/44/badge GET {"u_id":"44"}
[2020-05-18T16:59:50.521] [INFO] operate - 44 /api/v1/user/44/badge/3 GET {"type":"1","u_id":"44","b_id":"3"}
[2020-05-18T16:59:50.536] [INFO] operate - 44 /api/v1/user/44/badge/6 GET {"type":"2","u_id":"44","b_id":"6"}
[2020-05-18T16:59:51.902] [INFO] operate - 44 /api/v1/user/44/course/9/test GET {"type":"1","isCurrent":"true","u_id":"44","c_id":"9"}
[2020-05-18T17:02:21.923] [INFO] operate - 43 /api/v1/user/43 GET {"u_id":"43"}
[2020-05-18T17:02:21.924] [INFO] operate - 43 /api/v1/user/43/course GET {"u_id":"43"}
[2020-05-18T17:02:21.929] [INFO] operate - 43 /api/v1/test/statistics/test_num GET {}
[2020-05-18T17:02:21.929] [INFO] operate - 43 /api/v1/user/statistics/online GET {}
[2020-05-18T17:02:21.930] [INFO] operate - 43 /api/v1/user/statistics/login_time GET {}
[2020-05-18T17:02:23.986] [INFO] operate - 43 /api/v1/course/9/statistics GET {"c_id":"9"}
[2020-05-18T17:02:25.110] [INFO] operate - 43 /api/v1/test GET {"c_id":"9"}
[2020-05-18T17:02:26.312] [INFO] operate - 43 /api/v1/course/9/section GET {"c_id":"9"}
[2020-05-18T17:02:26.331] [INFO] operate - 43 /api/v1/course/tree GET {"c_id":"9"}
[2020-05-18T17:04:56.418] [INFO] operate - 43 /api/v1/course/9/section GET {"c_id":"9"}
[2020-05-18T17:05:01.836] [INFO] operate - 43 /api/v1/user/43 GET {"u_id":"43"}
[2020-05-18T17:05:01.849] [INFO] operate - 43 /api/v1/user/43/course GET {"u_id":"43"}
[2020-05-18T17:05:01.864] [INFO] operate - 43 /api/v1/course/9/section GET {"c_id":"9"}
[2020-05-18T17:05:01.886] [INFO] operate - 43 /api/v1/course/tree GET {"c_id":"9"}
[2020-05-18T17:05:51.917] [INFO] operate - 43 /api/v1/test POST {"test_name":"fffff","t_type":1,"start_time":1589792708000,"end_time":1589817600000,"work_time":0,"get_question_type":"2","questionData":{"sections":[4],"question":{"single":{"num":"1","score":"5"},"mult":{"num":"0","score":"5"},"gap":{"num":"1","score":"5"},"program":{"num":"1","score":"20"},"jianda":{"num":"1","score":"70"}},"allScore":100},"choseClass":[{"id":15,"label":"2020级-05"}],"c_id":"9","demand":"ffff"}
[2020-05-18T17:05:52.183] [INFO] operate - 43 /api/v1/test GET {"c_id":"9"}
[2020-05-18T17:06:49.024] [INFO] operate - 44 /api/v1/user/44/course GET {"u_id":"44"}
[2020-05-18T17:06:49.033] [INFO] operate - 44 /api/v1/user/44 GET {"u_id":"44"}
[2020-05-18T17:06:49.043] [INFO] operate - 44 /api/v1/user/44/test/undo GET {"u_id":"44"}
[2020-05-18T17:06:49.049] [INFO] operate - 44 /api/v1/user/44/badge GET {"u_id":"44"}
[2020-05-18T17:06:49.202] [INFO] operate - 44 /api/v1/user/44/badge/6 GET {"type":"2","u_id":"44","b_id":"6"}
[2020-05-18T17:06:49.202] [INFO] operate - 44 /api/v1/user/44/badge/3 GET {"type":"1","u_id":"44","b_id":"3"}
[2020-05-18T17:06:50.421] [INFO] operate - 44 /api/v1/user/44/course/9/test GET {"type":"1","isCurrent":"true","u_id":"44","c_id":"9"}
[2020-05-18T17:06:58.593] [INFO] operate - 44 /api/v1/user/44/course/9/test GET {"type":"1","isCurrent":"true","u_id":"44","c_id":"9"}
[2020-05-18T17:07:06.760] [INFO] operate - 44 /api/v1/user/44/course/9/test GET {"type":"1","isCurrent":"true","u_id":"44","c_id":"9"}
[2020-05-18T17:09:14.054] [INFO] operate - 44 /api/v1/user/44/course/9/test GET {"type":"1","isCurrent":"true","u_id":"44","c_id":"9"}
[2020-05-18T17:10:12.179] [INFO] operate - 44 /api/v1/user/44/course/9/test GET {"type":"1","isCurrent":"true","u_id":"44","c_id":"9"}
[2020-05-18T17:10:58.212] [INFO] operate - 44 /api/v1/user/44/course/9/test GET {"type":"1","isCurrent":"true","u_id":"44","c_id":"9"}
[2020-05-18T17:16:43.676] [INFO] operate - 44 /api/v1/user/44/course/9/test GET {"type":"1","isCurrent":"true","u_id":"44","c_id":"9"}
[2020-05-18T17:18:05.931] [INFO] operate - 44 /api/v1/user/44/course/9/test GET {"type":"1","isCurrent":"true","u_id":"44","c_id":"9"}
[2020-05-18T17:19:24.948] [INFO] operate - 44 /api/v1/user/44/course/9/test GET {"type":"1","isCurrent":"true","u_id":"44","c_id":"9"}
[2020-05-18T17:20:14.798] [INFO] operate - 43 /api/v1/user/43 GET {"u_id":"43"}
[2020-05-18T17:20:14.893] [INFO] operate - 43 /api/v1/user/statistics/login_time GET {}
[2020-05-18T17:20:14.893] [INFO] operate - 43 /api/v1/test/statistics/test_num GET {}
[2020-05-18T17:20:14.895] [INFO] operate - 43 /api/v1/user/43/course GET {"u_id":"43"}
[2020-05-18T17:20:14.906] [INFO] operate - 43 /api/v1/user/statistics/online GET {}
[2020-05-18T17:20:17.245] [INFO] operate - 43 /api/v1/course/9/statistics GET {"c_id":"9"}
[2020-05-18T17:20:18.325] [INFO] operate - 43 /api/v1/question_library GET {"data":"eyJjX2lkIjoiOSIsInNlYXJjaENvbnRlbnQiOiIiLCJzZWFyY2hDb2x1bW4iOiJxX3NpbXBsZV9kZXNjcmlwdGlvbiIsInN0YXJ0IjowLCJwYWdlU2l6ZSI6MTAsInFfdHlwZSI6W10sImNvdW50Ijp0cnVlLCJpc19leGFtIjoyfQ"}
[2020-05-18T17:20:36.507] [INFO] operate - 43 /api/v1/course/9/knowledge_point_tree GET {"c_id":"9"}
[2020-05-18T17:20:50.368] [INFO] operate - 43 /api/v1/question_library POST {"c_id":"9","q_simple_description":"css简单的题目1","q_description":"<p>css简单的题目1</p>","tags":[{"kp_id":3,"content":"选择器"}],"q_range":3,"is_exam":false,"answer":[2],"alternative_answer":["111","222","333","444"],"q_type":1}
[2020-05-18T17:21:23.507] [INFO] operate - 43 /api/v1/course/9/knowledge_point_tree GET {"c_id":"9"}
[2020-05-18T17:21:29.122] [INFO] operate - 43 /api/v1/question_library POST {"c_id":"9","q_simple_description":"css简单的填空题","q_description":"<p>css简单的<span style=\"font-size: 0.186667rem;\">[blank_space]填空题</span></p>","tags":[{"kp_id":3,"content":"选择器"}],"q_range":3,"is_exam":false,"answer":["1111"],"q_type":3,"alternative_answer":""}
[2020-05-18T17:21:49.502] [INFO] operate - 43 /api/v1/course/9/knowledge_point_tree GET {"c_id":"9"}
[2020-05-18T17:21:55.970] [INFO] operate - 43 /api/v1/question_library POST {"c_id":"9","q_simple_description":"css简单的编程题11111","q_description":"<p>css简单的编程题了了了</p>","tags":[{"kp_id":3,"content":"选择器"}],"q_range":3,"is_exam":false,"answer":[{"input":"11","output":"1111"}],"q_type":4,"alternative_answer":""}
[2020-05-18T17:22:14.164] [INFO] operate - 43 /api/v1/course/9/knowledge_point_tree GET {"c_id":"9"}
[2020-05-18T17:22:16.962] [INFO] operate - 43 /api/v1/question_library POST {"c_id":"9","q_simple_description":"css简单的简答题真是简单的简答题","q_description":"css简单的简答题真是简单的简答题","tags":[{"kp_id":3,"content":"选择器"}],"q_range":3,"is_exam":false,"answer":["酌情考虑"],"q_type":5,"alternative_answer":""}
[2020-05-18T17:22:19.969] [INFO] operate - 43 /api/v1/question_library GET {"data":"eyJjX2lkIjoiOSIsInNlYXJjaENvbnRlbnQiOiIiLCJzZWFyY2hDb2x1bW4iOiJxX3NpbXBsZV9kZXNjcmlwdGlvbiIsInN0YXJ0IjowLCJwYWdlU2l6ZSI6MTAsInFfdHlwZSI6W10sImNvdW50Ijp0cnVlLCJpc19leGFtIjoyfQ"}
[2020-05-18T17:22:21.154] [INFO] operate - 43 /api/v1/question_library GET {"data":"eyJjX2lkIjoiOSIsInNlYXJjaENvbnRlbnQiOiIiLCJzZWFyY2hDb2x1bW4iOiJxX3NpbXBsZV9kZXNjcmlwdGlvbiIsInN0YXJ0IjozMCwicGFnZVNpemUiOjEwLCJxX3R5cGUiOltdLCJjb3VudCI6ZmFsc2UsImlzX2V4YW0iOjJ9"}
[2020-05-18T17:22:30.464] [INFO] operate - 43 /api/v1/course/9/question_library DELETE {"id":"51","c_id":"9"}
[2020-05-18T17:22:31.926] [INFO] operate - 43 /api/v1/course/9/question_library DELETE {"id":"50","c_id":"9"}
[2020-05-18T17:22:38.061] [INFO] operate - 43 /api/v1/course/9/question_library DELETE {"id":"49,48","c_id":"9"}
[2020-05-18T17:22:56.573] [INFO] operate - 43 /api/v1/course/9/knowledge_point_tree GET {"c_id":"9"}
[2020-05-18T17:23:24.413] [INFO] operate - 43 /api/v1/question_library POST {"c_id":"9","q_simple_description":"css简单的选择题11111","q_description":"<p>css简单的选择题11111</p>","tags":[{"kp_id":3,"content":"选择器"}],"q_range":1,"is_exam":false,"answer":[2],"alternative_answer":["1111","222","333","4444"],"q_type":1}
[2020-05-18T17:23:50.540] [INFO] operate - 43 /api/v1/course/9/knowledge_point_tree GET {"c_id":"9"}
[2020-05-18T17:23:55.309] [INFO] operate - 43 /api/v1/question_library POST {"c_id":"9","q_simple_description":"css简单的填空题.....","q_description":"<p>css简单的填空题[blank_space]简单的</p>","tags":[{"kp_id":3,"content":"选择器"}],"q_range":1,"is_exam":false,"answer":["1111"],"q_type":3,"alternative_answer":""}
[2020-05-18T17:24:10.659] [INFO] operate - 43 /api/v1/course/9/knowledge_point_tree GET {"c_id":"9"}
[2020-05-18T17:24:17.576] [INFO] operate - 43 /api/v1/question_library POST {"c_id":"9","q_simple_description":"css简单的编程题......","q_description":"<p>css简单的编程题......</p>","tags":[{"kp_id":3,"content":"选择器"}],"q_range":1,"is_exam":false,"answer":[{"input":"111","output":"1111"}],"q_type":4,"alternative_answer":""}
[2020-05-18T17:24:33.818] [INFO] operate - 43 /api/v1/course/9/knowledge_point_tree GET {"c_id":"9"}
[2020-05-18T17:24:37.781] [INFO] operate - 43 /api/v1/question_library POST {"c_id":"9","q_simple_description":"css简单的简答题...真是简单的发","q_description":"css简单的简答题...真是简单的发","tags":[{"kp_id":3,"content":"选择器"}],"q_range":1,"is_exam":false,"answer":["酌情考虑"],"q_type":5,"alternative_answer":""}
[2020-05-18T17:24:39.826] [INFO] operate - 43 /api/v1/question_library GET {"data":"eyJjX2lkIjoiOSIsInNlYXJjaENvbnRlbnQiOiIiLCJzZWFyY2hDb2x1bW4iOiJxX3NpbXBsZV9kZXNjcmlwdGlvbiIsInN0YXJ0IjowLCJwYWdlU2l6ZSI6MTAsInFfdHlwZSI6W10sImNvdW50Ijp0cnVlLCJpc19leGFtIjoyfQ"}
[2020-05-18T17:24:40.804] [INFO] operate - 43 /api/v1/question_library GET {"data":"eyJjX2lkIjoiOSIsInNlYXJjaENvbnRlbnQiOiIiLCJzZWFyY2hDb2x1bW4iOiJxX3NpbXBsZV9kZXNjcmlwdGlvbiIsInN0YXJ0IjozMCwicGFnZVNpemUiOjEwLCJxX3R5cGUiOltdLCJjb3VudCI6ZmFsc2UsImlzX2V4YW0iOjJ9"}
[2020-05-18T17:25:05.391] [INFO] operate - 44 /api/v1/user/44/course GET {"u_id":"44"}
[2020-05-18T17:25:05.404] [INFO] operate - 44 /api/v1/user/44 GET {"u_id":"44"}
[2020-05-18T17:25:05.423] [INFO] operate - 44 /api/v1/user/44/test/undo GET {"u_id":"44"}
[2020-05-18T17:25:05.444] [INFO] operate - 44 /api/v1/user/44/badge GET {"u_id":"44"}
[2020-05-18T17:25:05.663] [INFO] operate - 44 /api/v1/user/44/badge/3 GET {"type":"1","u_id":"44","b_id":"3"}
[2020-05-18T17:25:05.671] [INFO] operate - 44 /api/v1/user/44/badge/6 GET {"type":"2","u_id":"44","b_id":"6"}
[2020-05-18T17:25:08.284] [INFO] operate - 44 /api/v1/user/44/course/9/test GET {"type":"1","isCurrent":"true","u_id":"44","c_id":"9"}
[2020-05-18T17:25:16.701] [INFO] operate - 44 /api/v1/user/44/course/9/knowledge_point/condition GET {"u_id":"44","c_id":"9"}
[2020-05-18T17:25:16.707] [INFO] operate - 44 /api/v1/user/44/course/9/rank GET {"type":"coverage","u_id":"44","c_id":"9"}
[2020-05-18T17:25:16.720] [INFO] operate - 44 /api/v1/course/9/knowledge_point_tree GET {"c_id":"9"}
[2020-05-18T17:25:28.817] [INFO] operate - 44 /api/v1/user/44/course/9/test POST {"knowledgePoint":[2],"kp_name":"js基础","allScore":30,"question":{"single":{"num":"1","score":"5"},"mult":{"num":"0","score":"5"},"gap":{"num":"1","score":"5"},"program":{"num":"1","score":"20"}},"u_id":"44","c_id":"9"}
[2020-05-18T17:25:29.028] [INFO] operate - 44 /api/v1/user/44/course/9/knowledge_test GET {"u_id":"44","c_id":"9"}
[2020-05-18T17:27:19.398] [INFO] operate - 44 /api/v1/user/44/course/9/knowledge_test GET {"u_id":"44","c_id":"9"}
[2020-05-18T17:27:30.872] [INFO] operate - 44 /api/v1/user/44/course/9/knowledge_test GET {"u_id":"44","c_id":"9"}
[2020-05-18T17:27:33.092] [INFO] operate - 44 /api/v1/user/44/course/9/test GET {"type":"1","isCurrent":"true","u_id":"44","c_id":"9"}
[2020-05-18T17:28:44.532] [INFO] operate - 44 /api/v1/user/44/course/9/test GET {"type":"1","isCurrent":"true","u_id":"44","c_id":"9"}
[2020-05-18T17:34:31.593] [INFO] operate - 44 /api/v1/user/44/course/9/test GET {"type":"1","isCurrent":"true","u_id":"44","c_id":"9"}
[2020-05-18T17:34:40.022] [INFO] operate - 44 /api/v1/user/44/course/9/test GET {"type":"1","isCurrent":"true","u_id":"44","c_id":"9"}
[2020-05-18T17:36:40.625] [INFO] operate - 44 /api/v1/user/44/course/9/test GET {"type":"1","isCurrent":"true","u_id":"44","c_id":"9"}
[2020-05-18T17:36:43.473] [INFO] operate - 44 /api/v1/user/44/course/9/test GET {"type":"1","isCurrent":"true","u_id":"44","c_id":"9"}
[2020-05-18T17:36:43.870] [INFO] operate - 44 /api/v1/user/44/course GET {"u_id":"44"}
[2020-05-18T17:36:43.882] [INFO] operate - 44 /api/v1/user/44 GET {"u_id":"44"}
[2020-05-18T17:41:13.450] [INFO] operate - 44 /api/v1/user/44/course/9/test GET {"type":"1","isCurrent":"true","u_id":"44","c_id":"9"}
[2020-05-18T17:42:33.000] [INFO] operate - 44 /api/v1/user/44/course/9/test GET {"type":"1","isCurrent":"true","u_id":"44","c_id":"9"}
[2020-05-19T09:21:39.665] [INFO] operate - 44 /api/v1/user/44/course GET {"u_id":"44"}
[2020-05-19T09:21:39.754] [INFO] operate - 44 /api/v1/user/44 GET {"u_id":"44"}
[2020-05-19T09:21:39.763] [INFO] operate - 44 /api/v1/user/44/test/undo GET {"u_id":"44"}
[2020-05-19T09:21:39.772] [INFO] operate - 44 /api/v1/user/44/badge GET {"u_id":"44"}
[2020-05-19T09:21:39.968] [INFO] operate - 44 /api/v1/user/44/badge/3 GET {"type":"1","u_id":"44","b_id":"3"}
[2020-05-19T09:21:39.977] [INFO] operate - 44 /api/v1/user/44/badge/6 GET {"type":"2","u_id":"44","b_id":"6"}
[2020-05-19T09:21:42.423] [INFO] operate - 44 /api/v1/user/44/course/9/test GET {"type":"1","isCurrent":"true","u_id":"44","c_id":"9"}
[2020-05-19T09:21:52.274] [INFO] operate - 44 /api/v1/user/44/course/9/knowledge_test GET {"u_id":"44","c_id":"9"}
[2020-05-19T09:21:53.796] [INFO] operate - 44 /api/v1/user/44/course/9/test GET {"type":"1","isCurrent":"false","u_id":"44","c_id":"9"}
[2020-05-19T09:27:26.371] [INFO] operate - 43 /api/v1/user/43 GET {"u_id":"43"}
[2020-05-19T09:27:26.375] [INFO] operate - 43 /api/v1/user/43/course GET {"u_id":"43"}
[2020-05-19T09:27:26.400] [INFO] operate - 43 /api/v1/user/statistics/online GET {}
[2020-05-19T09:27:26.426] [INFO] operate - 43 /api/v1/user/statistics/login_time GET {}
[2020-05-19T09:27:26.436] [INFO] operate - 43 /api/v1/test/statistics/test_num GET {}
[2020-05-19T09:27:28.552] [INFO] operate - 43 /api/v1/course/9/statistics GET {"c_id":"9"}
[2020-05-19T09:27:29.963] [INFO] operate - 43 /api/v1/question_library GET {"data":"eyJjX2lkIjoiOSIsInNlYXJjaENvbnRlbnQiOiIiLCJzZWFyY2hDb2x1bW4iOiJxX3NpbXBsZV9kZXNjcmlwdGlvbiIsInN0YXJ0IjowLCJwYWdlU2l6ZSI6MTAsInFfdHlwZSI6W10sImNvdW50Ijp0cnVlLCJpc19leGFtIjoyfQ"}
[2020-05-19T09:27:44.333] [INFO] operate - 43 /api/v1/course/9/knowledge_point_tree GET {"c_id":"9"}
[2020-05-19T09:28:01.976] [INFO] operate - 43 /api/v1/question_library POST {"c_id":"9","q_simple_description":"css选择题难度2","q_description":"<p>使用[blank_space]表示此处需要留空</p>","tags":[{"kp_id":3,"content":"选择器"}],"q_range":2,"is_exam":false,"answer":[1],"alternative_answer":["111","222","333","444"],"q_type":1}
[2020-05-19T09:28:18.646] [INFO] operate - 43 /api/v1/question_library POST {"c_id":"9","q_simple_description":"css选择题难度3","q_description":"<p>css选择题难度3</p>","tags":[{"kp_id":3,"content":"选择器"}],"q_range":3,"is_exam":false,"answer":[1],"alternative_answer":["111","222","333","444"],"q_type":1}
[2020-05-19T09:28:27.412] [INFO] operate - 43 /api/v1/question_library POST {"c_id":"9","q_simple_description":"css选择题难度4","q_description":"<p>css选择题难度4</p>","tags":[{"kp_id":3,"content":"选择器"}],"q_range":4,"is_exam":false,"answer":[1],"alternative_answer":["111","222","333","444"],"q_type":1}
[2020-05-19T09:28:36.428] [INFO] operate - 43 /api/v1/question_library POST {"c_id":"9","q_simple_description":"css选择题难度5","q_description":"<p>css选择题难度5</p>","tags":[{"kp_id":3,"content":"选择器"}],"q_range":5,"is_exam":false,"answer":[1],"alternative_answer":["111","222","333","444"],"q_type":1}
[2020-05-19T09:29:00.540] [INFO] operate - 43 /api/v1/course/9/knowledge_point_tree GET {"c_id":"9"}
[2020-05-19T09:29:05.949] [INFO] operate - 43 /api/v1/question_library POST {"c_id":"9","q_simple_description":"css填空题难度2","q_description":"<p><span style=\"font-size: 0.186667rem;\">css填空题难度2</span><span style=\"font-size: 0.186667rem;\">[blank_space]</span></p>","tags":[{"kp_id":3,"content":"选择器"}],"q_range":2,"is_exam":false,"answer":["111"],"q_type":3,"alternative_answer":""}
[2020-05-19T09:29:14.164] [INFO] operate - 43 /api/v1/question_library POST {"c_id":"9","q_simple_description":"css填空题难度3","q_description":"<p><span style=\"font-size: 0.186667rem;\">css填空题难度3</span><span style=\"font-size: 0.186667rem;\">[blank_space]</span></p>","tags":[{"kp_id":3,"content":"选择器"}],"q_range":3,"is_exam":false,"answer":["111"],"q_type":3,"alternative_answer":""}
[2020-05-19T09:29:21.957] [INFO] operate - 43 /api/v1/question_library POST {"c_id":"9","q_simple_description":"css填空题难度4","q_description":"<p><span style=\"font-size: 0.186667rem;\">css填空题难度4</span><span style=\"font-size: 0.186667rem;\">[blank_space]</span></p>","tags":[{"kp_id":3,"content":"选择器"}],"q_range":4,"is_exam":false,"answer":["111"],"q_type":3,"alternative_answer":""}
[2020-05-19T09:29:30.766] [INFO] operate - 43 /api/v1/question_library POST {"c_id":"9","q_simple_description":"css填空题难度5","q_description":"<p><span style=\"font-size: 0.186667rem;\">css填空题难度5</span><span style=\"font-size: 0.186667rem;\">[blank_space]</span></p>","tags":[{"kp_id":3,"content":"选择器"}],"q_range":5,"is_exam":false,"answer":["111"],"q_type":3,"alternative_answer":""}
[2020-05-19T09:29:44.988] [INFO] operate - 43 /api/v1/course/9/knowledge_point_tree GET {"c_id":"9"}
[2020-05-19T09:29:51.571] [INFO] operate - 43 /api/v1/question_library POST {"c_id":"9","q_simple_description":"css编程题难度2","q_description":"<p>css编程题难度2</p>","tags":[{"kp_id":3,"content":"选择器"}],"q_range":2,"is_exam":false,"answer":[{"input":"111","output":"111"}],"q_type":4,"alternative_answer":""}
[2020-05-19T09:30:01.777] [INFO] operate - 43 /api/v1/question_library POST {"c_id":"9","q_simple_description":"css编程题难度3","q_description":"<p>css编程题难度3</p>","tags":[{"kp_id":3,"content":"选择器"}],"q_range":3,"is_exam":false,"answer":[{"input":"111","output":"111"}],"q_type":4,"alternative_answer":""}
[2020-05-19T09:30:07.797] [INFO] operate - 43 /api/v1/question_library POST {"c_id":"9","q_simple_description":"css编程题难度4","q_description":"<p>css编程题难度4</p>","tags":[{"kp_id":3,"content":"选择器"}],"q_range":4,"is_exam":false,"answer":[{"input":"111","output":"111"}],"q_type":4,"alternative_answer":""}
[2020-05-19T09:30:15.744] [INFO] operate - 43 /api/v1/question_library POST {"c_id":"9","q_simple_description":"css编程题难度5","q_description":"<p>css编程题难度5</p>","tags":[{"kp_id":3,"content":"选择器"}],"q_range":5,"is_exam":false,"answer":[{"input":"111","output":"111"}],"q_type":4,"alternative_answer":""}
[2020-05-19T09:30:25.475] [INFO] operate - 43 /api/v1/course/9/knowledge_point_tree GET {"c_id":"9"}
[2020-05-19T09:30:29.204] [INFO] operate - 43 /api/v1/question_library POST {"c_id":"9","q_simple_description":"css简答题难度2","q_description":"css简答题难度2","tags":[{"kp_id":3,"content":"选择器"}],"q_range":2,"is_exam":false,"answer":["酌情考虑"],"q_type":5,"alternative_answer":""}
[2020-05-19T09:31:10.263] [INFO] operate - 43 /api/v1/user/43 GET {"u_id":"43"}
[2020-05-19T09:31:10.275] [INFO] operate - 43 /api/v1/user/43/course GET {"u_id":"43"}
[2020-05-19T09:31:20.169] [INFO] operate - 43 /api/v1/course/9/knowledge_point_tree GET {"c_id":"9"}
[2020-05-19T09:31:22.710] [INFO] operate - 43 /api/v1/question_library POST {"c_id":"9","q_simple_description":"css简答题难度3","q_description":"css简答题难度3","tags":[{"kp_id":3,"content":"选择器"}],"q_range":3,"is_exam":false,"answer":["酌情考虑"],"q_type":5,"alternative_answer":""}
[2020-05-19T09:31:26.207] [INFO] operate - 43 /api/v1/question_library POST {"c_id":"9","q_simple_description":"css简答题难度4","q_description":"css简答题难度4","tags":[{"kp_id":3,"content":"选择器"}],"q_range":3,"is_exam":false,"answer":["酌情考虑"],"q_type":5,"alternative_answer":""}
[2020-05-19T09:31:33.156] [INFO] operate - 43 /api/v1/question_library POST {"c_id":"9","q_simple_description":"css简答题难度4444","q_description":"css简答题难度4444","tags":[{"kp_id":3,"content":"选择器"}],"q_range":4,"is_exam":false,"answer":["酌情考虑"],"q_type":5,"alternative_answer":""}
[2020-05-19T09:31:38.415] [INFO] operate - 43 /api/v1/question_library POST {"c_id":"9","q_simple_description":"css简答题难度5555","q_description":"css简答题难度5555","tags":[{"kp_id":3,"content":"选择器"}],"q_range":5,"is_exam":false,"answer":["酌情考虑"],"q_type":5,"alternative_answer":""}
[2020-05-19T09:31:39.748] [INFO] operate - 43 /api/v1/question_library POST {"c_id":"9","q_simple_description":"css简答题难度5555","q_description":"css简答题难度5555","tags":[{"kp_id":3,"content":"选择器"}],"q_range":5,"is_exam":false,"answer":["酌情考虑"],"q_type":5,"alternative_answer":""}
[2020-05-19T09:31:41.744] [INFO] operate - 43 /api/v1/question_library GET {"data":"eyJjX2lkIjoiOSIsInNlYXJjaENvbnRlbnQiOiIiLCJzZWFyY2hDb2x1bW4iOiJxX3NpbXBsZV9kZXNjcmlwdGlvbiIsInN0YXJ0IjowLCJwYWdlU2l6ZSI6MTAsInFfdHlwZSI6W10sImNvdW50Ijp0cnVlLCJpc19leGFtIjoyfQ"}
[2020-05-19T09:31:43.182] [INFO] operate - 43 /api/v1/question_library GET {"data":"eyJjX2lkIjoiOSIsInNlYXJjaENvbnRlbnQiOiIiLCJzZWFyY2hDb2x1bW4iOiJxX3NpbXBsZV9kZXNjcmlwdGlvbiIsInN0YXJ0Ijo1MCwicGFnZVNpemUiOjEwLCJxX3R5cGUiOltdLCJjb3VudCI6ZmFsc2UsImlzX2V4YW0iOjJ9"}
[2020-05-19T09:31:46.909] [INFO] operate - 43 /api/v1/course/9/question_library DELETE {"id":"73","c_id":"9"}
[2020-05-19T09:31:48.360] [INFO] operate - 43 /api/v1/question_library GET {"data":"eyJjX2lkIjoiOSIsInNlYXJjaENvbnRlbnQiOiIiLCJzZWFyY2hDb2x1bW4iOiJxX3NpbXBsZV9kZXNjcmlwdGlvbiIsInN0YXJ0Ijo0MCwicGFnZVNpemUiOjEwLCJxX3R5cGUiOltdLCJjb3VudCI6ZmFsc2UsImlzX2V4YW0iOjJ9"}
[2020-05-19T09:32:00.337] [INFO] operate - 43 /api/v1/course/9/question_library DELETE {"id":"70","c_id":"9"}
[2020-05-19T09:32:01.965] [INFO] operate - 43 /api/v1/question_library GET {"data":"eyJjX2lkIjoiOSIsInNlYXJjaENvbnRlbnQiOiIiLCJzZWFyY2hDb2x1bW4iOiJxX3NpbXBsZV9kZXNjcmlwdGlvbiIsInN0YXJ0Ijo1MCwicGFnZVNpemUiOjEwLCJxX3R5cGUiOltdLCJjb3VudCI6ZmFsc2UsImlzX2V4YW0iOjJ9"}
[2020-05-19T09:32:03.226] [INFO] operate - 43 /api/v1/question_library GET {"data":"eyJjX2lkIjoiOSIsInNlYXJjaENvbnRlbnQiOiIiLCJzZWFyY2hDb2x1bW4iOiJxX3NpbXBsZV9kZXNjcmlwdGlvbiIsInN0YXJ0Ijo0MCwicGFnZVNpemUiOjEwLCJxX3R5cGUiOltdLCJjb3VudCI6ZmFsc2UsImlzX2V4YW0iOjJ9"}
[2020-05-19T09:32:10.162] [INFO] operate - 43 /api/v1/question_library GET {"data":"eyJjX2lkIjoiOSIsInNlYXJjaENvbnRlbnQiOiIiLCJzZWFyY2hDb2x1bW4iOiJxX3NpbXBsZV9kZXNjcmlwdGlvbiIsInN0YXJ0IjozMCwicGFnZVNpemUiOjEwLCJxX3R5cGUiOltdLCJjb3VudCI6ZmFsc2UsImlzX2V4YW0iOjJ9"}
[2020-05-19T09:32:24.793] [INFO] operate - 44 /api/v1/user/44/course GET {"u_id":"44"}
[2020-05-19T09:32:24.802] [INFO] operate - 44 /api/v1/user/44 GET {"u_id":"44"}
[2020-05-19T09:32:24.816] [INFO] operate - 44 /api/v1/user/44/test/undo GET {"u_id":"44"}
[2020-05-19T09:32:24.834] [INFO] operate - 44 /api/v1/user/44/badge GET {"u_id":"44"}
[2020-05-19T09:32:24.971] [INFO] operate - 44 /api/v1/user/44/badge/3 GET {"type":"1","u_id":"44","b_id":"3"}
[2020-05-19T09:32:24.979] [INFO] operate - 44 /api/v1/user/44/badge/6 GET {"type":"2","u_id":"44","b_id":"6"}
[2020-05-19T09:32:26.165] [INFO] operate - 44 /api/v1/user/44/course/9/test GET {"type":"1","isCurrent":"true","u_id":"44","c_id":"9"}
[2020-05-19T09:32:28.352] [INFO] operate - 44 /api/v1/user/44/course/9/test GET {"type":"1","isCurrent":"false","u_id":"44","c_id":"9"}
[2020-05-19T09:34:27.590] [INFO] operate - 1 /api/v1/user/1 GET {"u_id":"1"}
[2020-05-19T09:34:27.596] [INFO] operate - 1 /api/v1/user/1/course GET {"u_id":"1"}
[2020-05-19T09:34:27.614] [INFO] operate - 1 /api/v1/user/statistics/login_time GET {}
[2020-05-19T09:34:27.616] [INFO] operate - 1 /api/v1/user/statistics/online GET {}
[2020-05-19T09:34:27.628] [INFO] operate - 1 /api/v1/test/statistics/test_num GET {}
[2020-05-19T09:34:34.422] [INFO] operate - 1 /api/v1/user/1 GET {"u_id":"1"}
[2020-05-19T09:34:36.187] [INFO] operate - 1 /api/v1/course GET {}
[2020-05-19T09:34:38.957] [INFO] operate - 1 /api/v1/user/teachers/all GET {}
[2020-05-19T09:34:43.123] [INFO] operate - 1 /api/v1/user GET {"data":"eyJzdGFydCI6MCwib3JkZXJCeSI6InVfaWQiLCJzb3J0IjoiZGVzYyIsImNvdW50Ijp0cnVlLCJ1X3R5cGUiOltdfQ"}
[2020-05-19T09:34:48.440] [INFO] operate - 1 /api/v1/user GET {"data":"eyJzdGFydCI6MTAsIm9yZGVyQnkiOiJ1X2lkIiwic29ydCI6ImRlc2MiLCJjb3VudCI6ZmFsc2UsInVfdHlwZSI6W119"}
[2020-05-19T09:35:10.506] [INFO] operate - 44 /api/v1/user/44/course GET {"u_id":"44"}
[2020-05-19T09:35:10.519] [INFO] operate - 44 /api/v1/user/44 GET {"u_id":"44"}
[2020-05-19T09:35:10.524] [INFO] operate - 44 /api/v1/user/44/test/undo GET {"u_id":"44"}
[2020-05-19T09:35:10.537] [INFO] operate - 44 /api/v1/user/44/badge GET {"u_id":"44"}
[2020-05-19T09:35:10.629] [INFO] operate - 44 /api/v1/user/44/badge/3 GET {"type":"1","u_id":"44","b_id":"3"}
[2020-05-19T09:35:10.660] [INFO] operate - 44 /api/v1/user/44/badge/6 GET {"type":"2","u_id":"44","b_id":"6"}
[2020-05-19T09:35:12.163] [INFO] operate - 44 /api/v1/user/44/course/9/test GET {"type":"1","isCurrent":"true","u_id":"44","c_id":"9"}
[2020-05-19T09:35:13.923] [INFO] operate - 44 /api/v1/user/44/course/9/test/5/detail GET {"u_id":"44","c_id":"9","test_id":"5"}
[2020-05-19T09:35:33.325] [INFO] operate - 44 /api/v1/user/44/course/9/test GET {"type":"2","isCurrent":"true","u_id":"44","c_id":"9"}
[2020-05-19T09:35:35.104] [INFO] operate - 44 /api/v1/user/44/course/9/test GET {"type":"2","isCurrent":"false","u_id":"44","c_id":"9"}
[2020-05-19T09:35:36.787] [INFO] operate - 44 /api/v1/user/44/course/9/test GET {"type":"1","isCurrent":"false","u_id":"44","c_id":"9"}
[2020-05-19T09:38:57.622] [INFO] operate - 44 /api/v1/user/44/course/9/test GET {"type":"1","isCurrent":"false","u_id":"44","c_id":"9"}
[2020-05-19T09:45:49.717] [INFO] operate - 44 /api/v1/user/44/course/9/test GET {"type":"1","isCurrent":"false","u_id":"44","c_id":"9"}
[2020-05-19T09:45:54.149] [INFO] operate - 44 /api/v1/user/44/course/9/test GET {"type":"1","isCurrent":"false","u_id":"44","c_id":"9"}
[2020-05-19T09:45:54.531] [INFO] operate - 44 /api/v1/user/44/course GET {"u_id":"44"}
[2020-05-19T09:45:54.544] [INFO] operate - 44 /api/v1/user/44 GET {"u_id":"44"}
[2020-05-19T11:43:31.541] [INFO] operate - 44 /api/v1/user/44/course GET {"u_id":"44"}
[2020-05-19T11:43:31.640] [INFO] operate - 44 /api/v1/user/44 GET {"u_id":"44"}
[2020-05-19T11:43:31.646] [INFO] operate - 44 /api/v1/user/44/test/undo GET {"u_id":"44"}
[2020-05-19T11:43:31.660] [INFO] operate - 44 /api/v1/user/44/badge GET {"u_id":"44"}
[2020-05-19T11:43:31.822] [INFO] operate - 44 /api/v1/user/44/badge/3 GET {"type":"1","u_id":"44","b_id":"3"}
[2020-05-19T11:43:31.833] [INFO] operate - 44 /api/v1/user/44/badge/6 GET {"type":"2","u_id":"44","b_id":"6"}
[2020-05-19T11:43:33.125] [INFO] operate - 44 /api/v1/user/44/course/9/test GET {"type":"1","isCurrent":"true","u_id":"44","c_id":"9"}
[2020-05-19T11:43:35.843] [INFO] operate - 44 /api/v1/user/44/course/9/test GET {"type":"1","isCurrent":"false","u_id":"44","c_id":"9"}
[2020-05-19T11:45:05.255] [INFO] operate - 44 /api/v1/user/44/course/9/test GET {"type":"1","isCurrent":"false","u_id":"44","c_id":"9"}
[2020-05-19T11:46:07.662] [INFO] operate - 44 /api/v1/user/44/course/9/test GET {"type":"1","isCurrent":"false","u_id":"44","c_id":"9"}
[2020-05-19T11:46:09.152] [INFO] operate - 44 /api/v1/user/44/course/9/test/7/detail GET {"u_id":"44","c_id":"9","test_id":"7"}
[2020-05-19T11:47:06.736] [INFO] operate - 43 /api/v1/user/43 GET {"u_id":"43"}
[2020-05-19T11:47:06.738] [INFO] operate - 43 /api/v1/user/43/course GET {"u_id":"43"}
[2020-05-19T11:47:06.745] [INFO] operate - 43 /api/v1/user/statistics/online GET {}
[2020-05-19T11:47:06.780] [INFO] operate - 43 /api/v1/test/statistics/test_num GET {}
[2020-05-19T11:47:06.787] [INFO] operate - 43 /api/v1/user/statistics/login_time GET {}
[2020-05-19T11:47:08.845] [INFO] operate - 43 /api/v1/course/9/statistics GET {"c_id":"9"}
[2020-05-19T11:47:10.320] [INFO] operate - 43 /api/v1/test GET {"c_id":"9"}
[2020-05-19T11:47:11.082] [INFO] operate - 43 /api/v1/course/9/section GET {"c_id":"9"}
[2020-05-19T11:47:11.093] [INFO] operate - 43 /api/v1/course/tree GET {"c_id":"9"}
[2020-05-19T11:47:45.582] [INFO] operate - 43 /api/v1/test POST {"test_name":"abc","t_type":1,"start_time":1589860038000,"end_time":1589946440000,"work_time":0,"get_question_type":"2","questionData":{"sections":[4],"question":{"single":{"num":"1","score":"5"},"mult":{"num":"0","score":"5"},"gap":{"num":"1","score":"5"},"program":{"num":"1","score":"20"},"jianda":{"num":"1","score":"20"}},"allScore":50},"choseClass":[{"id":15,"label":"2020级-05"}],"c_id":"9","demand":"abc"}
[2020-05-19T11:47:45.734] [INFO] operate - 43 /api/v1/test GET {"c_id":"9"}
[2020-05-19T11:47:57.301] [INFO] operate - 44 /api/v1/user/44/course GET {"u_id":"44"}
[2020-05-19T11:47:57.314] [INFO] operate - 44 /api/v1/user/44 GET {"u_id":"44"}
[2020-05-19T11:47:57.331] [INFO] operate - 44 /api/v1/user/44/test/undo GET {"u_id":"44"}
[2020-05-19T11:47:57.338] [INFO] operate - 44 /api/v1/user/44/badge GET {"u_id":"44"}
[2020-05-19T11:47:57.458] [INFO] operate - 44 /api/v1/user/44/badge/3 GET {"type":"1","u_id":"44","b_id":"3"}
[2020-05-19T11:47:57.469] [INFO] operate - 44 /api/v1/user/44/badge/6 GET {"type":"2","u_id":"44","b_id":"6"}
[2020-05-19T11:47:59.893] [INFO] operate - 44 /api/v1/user/44/course/9/test GET {"type":"1","isCurrent":"true","u_id":"44","c_id":"9"}
[2020-05-19T11:48:01.625] [INFO] operate - 44 /api/v1/user/44/course/9/test/9/detail GET {"u_id":"44","c_id":"9","test_id":"9"}
[2020-05-19T11:48:17.221] [INFO] operate - 44 /api/v1/user/44/course/9/test GET {"type":"1","isCurrent":"true","u_id":"44","c_id":"9"}
[2020-05-19T11:48:18.979] [INFO] operate - 44 /api/v1/user/44/course/9/test/9/detail GET {"u_id":"44","c_id":"9","test_id":"9"}
[2020-05-19T11:48:47.535] [INFO] operate - 44 /api/v1/user/44/course/9/test/9/submit_answer PUT {"answer":{"52":[false,true,false,false],"62":["222"],"65":["java","dsfsadfasdf"]},"u_id":"44","c_id":"9","test_id":"9"}
[2020-05-19T11:48:47.675] [INFO] operate - 44 /api/v1/user/44/course/9/test GET {"type":"1","isCurrent":"true","u_id":"44","c_id":"9"}
[2020-05-19T11:48:53.007] [INFO] operate - 44 /api/v1/user/44/course/9/test GET {"type":"1","isCurrent":"false","u_id":"44","c_id":"9"}
[2020-05-19T11:48:54.939] [INFO] operate - 44 /api/v1/user/44/course/9/test/9/detail GET {"u_id":"44","c_id":"9","test_id":"9"}
[2020-05-19T11:48:54.984] [INFO] operate - 44 /api/v1/user/44/course/9/test/9/answer GET {"u_id":"44","c_id":"9","test_id":"9"}
[2020-05-19T11:49:12.910] [INFO] operate - 44 /api/v1/user/44/course/9/test GET {"type":"1","isCurrent":"true","u_id":"44","c_id":"9"}
[2020-05-19T11:49:14.124] [INFO] operate - 44 /api/v1/user/44/course/9/test/5/detail GET {"u_id":"44","c_id":"9","test_id":"5"}
[2020-05-19T11:51:18.764] [INFO] operate - 44 /api/v1/user/44/course GET {"u_id":"44"}
[2020-05-19T11:51:18.779] [INFO] operate - 44 /api/v1/user/44 GET {"u_id":"44"}
[2020-05-19T11:51:18.795] [INFO] operate - 44 /api/v1/user/44/course/9/test/5/detail GET {"u_id":"44","c_id":"9","test_id":"5"}
[2020-05-19T11:51:51.592] [INFO] operate - 44 /api/v1/user/44/course GET {"u_id":"44"}
[2020-05-19T11:51:51.608] [INFO] operate - 44 /api/v1/user/44 GET {"u_id":"44"}
[2020-05-19T11:51:51.620] [INFO] operate - 44 /api/v1/user/44/course/9/test/5/detail GET {"u_id":"44","c_id":"9","test_id":"5"}
[2020-05-19T11:52:00.416] [INFO] operate - 44 /api/v1/user/44/course/9/test GET {"type":"1","isCurrent":"false","u_id":"44","c_id":"9"}
[2020-05-19T11:52:31.481] [INFO] operate - 44 /api/v1/user/44/course/9/test GET {"type":"2","isCurrent":"false","u_id":"44","c_id":"9"}
[2020-05-19T11:52:32.961] [INFO] operate - 44 /api/v1/user/44/course/9/test GET {"type":"2","isCurrent":"true","u_id":"44","c_id":"9"}
[2020-05-19T11:52:34.307] [INFO] operate - 44 /api/v1/user/44/course/9/test GET {"type":"1","isCurrent":"false","u_id":"44","c_id":"9"}
[2020-05-19T11:52:38.453] [INFO] operate - 44 /api/v1/user/44/course/9/test GET {"type":"1","isCurrent":"false","u_id":"44","c_id":"9"}
[2020-05-19T11:52:38.549] [INFO] operate - 44 /api/v1/user/44/course GET {"u_id":"44"}
[2020-05-19T11:52:38.566] [INFO] operate - 44 /api/v1/user/44 GET {"u_id":"44"}
[2020-05-19T11:52:49.213] [INFO] operate - 44 /api/v1/user/44/course/9/test GET {"type":"1","isCurrent":"true","u_id":"44","c_id":"9"}
[2020-05-19T11:52:51.135] [INFO] operate - 44 /api/v1/user/44/course/9/test GET {"type":"1","isCurrent":"false","u_id":"44","c_id":"9"}
[2020-05-19T11:52:53.062] [INFO] operate - 44 /api/v1/user/44/course/9/test/9/detail GET {"u_id":"44","c_id":"9","test_id":"9"}
[2020-05-19T11:52:53.123] [INFO] operate - 44 /api/v1/user/44/course/9/test/9/answer GET {"u_id":"44","c_id":"9","test_id":"9"}
[2020-05-19T11:55:35.783] [INFO] operate - 44 /api/v1/user/44/course/9/test/9/detail GET {"u_id":"44","c_id":"9","test_id":"9"}
[2020-05-19T11:55:35.833] [INFO] operate - 44 /api/v1/user/44/course/9/test/9/answer GET {"u_id":"44","c_id":"9","test_id":"9"}
[2020-05-19T11:57:36.235] [INFO] operate - 44 /api/v1/user/44/course/9/test GET {"type":"1","isCurrent":"true","u_id":"44","c_id":"9"}
[2020-05-19T11:57:38.162] [INFO] operate - 44 /api/v1/user/44/course/9/test/5/detail GET {"u_id":"44","c_id":"9","test_id":"5"}
[2020-05-19T11:57:57.276] [INFO] operate - 44 /api/v1/user/44/course/9/test/5/submit_answer PUT {"answer":{"43":[false,false,true,false],"45":["111"],"46":["java","111"]},"u_id":"44","c_id":"9","test_id":"5"}
[2020-05-19T11:57:57.538] [INFO] operate - 44 /api/v1/user/44/course/9/test GET {"type":"1","isCurrent":"true","u_id":"44","c_id":"9"}
[2020-05-19T11:57:59.891] [INFO] operate - 44 /api/v1/user/44/course/9/test GET {"type":"1","isCurrent":"false","u_id":"44","c_id":"9"}
[2020-05-19T11:58:04.928] [INFO] operate - 44 /api/v1/user/44/course/9/test/9/detail GET {"u_id":"44","c_id":"9","test_id":"9"}
[2020-05-19T11:58:04.973] [INFO] operate - 44 /api/v1/user/44/course/9/test/9/answer GET {"u_id":"44","c_id":"9","test_id":"9"}
[2020-05-19T11:59:00.427] [INFO] operate - 44 /api/v1/user/44/course/9/test GET {"type":"1","isCurrent":"false","u_id":"44","c_id":"9"}
[2020-05-19T11:59:02.707] [INFO] operate - 44 /api/v1/user/44/course/9/test/7/detail GET {"u_id":"44","c_id":"9","test_id":"7"}
[2020-05-19T11:59:20.518] [INFO] operate - 44 /api/v1/user/44/course/9/test GET {"type":"1","isCurrent":"false","u_id":"44","c_id":"9"}
[2020-05-19T12:00:06.224] [INFO] operate - 43 /api/v1/user/statistics/login_time GET {}
[2020-05-19T12:00:06.226] [INFO] operate - 43 /api/v1/test/statistics/test_num GET {}
[2020-05-19T12:00:06.233] [INFO] operate - 43 /api/v1/user/43/course GET {"u_id":"43"}
[2020-05-19T12:00:06.241] [INFO] operate - 43 /api/v1/user/statistics/online GET {}
[2020-05-19T12:00:06.242] [INFO] operate - 43 /api/v1/user/43 GET {"u_id":"43"}
[2020-05-19T12:00:08.612] [INFO] operate - 43 /api/v1/course/9/statistics GET {"c_id":"9"}
[2020-05-19T12:00:11.098] [INFO] operate - 43 /api/v1/test GET {"c_id":"9"}
[2020-05-19T12:00:14.784] [INFO] operate - 43 /api/v1/course/9/section GET {"c_id":"9"}
[2020-05-19T12:00:14.796] [INFO] operate - 43 /api/v1/course/tree GET {"c_id":"9"}
[2020-05-19T12:00:36.028] [INFO] operate - 43 /api/v1/question_group GET {"data":"eyJjX2lkIjoiOSIsInNlYXJjaENvbnRlbnQiOiIiLCJzZWFyY2hDb2x1bW4iOiJxZ19uYW1lIiwic3RhcnQiOjAsInBhZ2VTaXplIjoxMCwiY291bnQiOnRydWV9"}
[2020-05-19T12:00:44.947] [INFO] operate - 43 /api/v1/question_library GET {"data":"eyJjX2lkIjoiOSIsInNlYXJjaENvbnRlbnQiOiIiLCJzZWFyY2hDb2x1bW4iOiJxX3NpbXBsZV9kZXNjcmlwdGlvbiIsInN0YXJ0IjowLCJwYWdlU2l6ZSI6MTAsInFfdHlwZSI6W10sImNvdW50Ijp0cnVlLCJpc19leGFtIjoyfQ"}
[2020-05-19T12:00:45.858] [INFO] operate - 43 /api/v1/question_library GET {"data":"eyJjX2lkIjoiOSIsInNlYXJjaENvbnRlbnQiOiIiLCJzZWFyY2hDb2x1bW4iOiJxX3NpbXBsZV9kZXNjcmlwdGlvbiIsInN0YXJ0IjowLCJwYWdlU2l6ZSI6MTAsInFfdHlwZSI6W10sImNvdW50Ijp0cnVlLCJpc19leGFtIjoyfQ"}
[2020-05-19T12:00:57.766] [INFO] operate - 43 /api/v1/question_library GET {"data":"eyJjX2lkIjoiOSIsInNlYXJjaENvbnRlbnQiOiIiLCJzZWFyY2hDb2x1bW4iOiJxX3NpbXBsZV9kZXNjcmlwdGlvbiIsInN0YXJ0IjowLCJwYWdlU2l6ZSI6MTAsInFfdHlwZSI6WzVdLCJjb3VudCI6dHJ1ZSwiaXNfZXhhbSI6Mn0"}
[2020-05-19T12:01:03.997] [INFO] operate - 43 /api/v1/question_library GET {"data":"eyJjX2lkIjoiOSIsInNlYXJjaENvbnRlbnQiOiIiLCJzZWFyY2hDb2x1bW4iOiJxX3NpbXBsZV9kZXNjcmlwdGlvbiIsInN0YXJ0IjoxMCwicGFnZVNpemUiOjEwLCJxX3R5cGUiOls1XSwiY291bnQiOmZhbHNlLCJpc19leGFtIjoyfQ"}
[2020-05-19T12:01:13.570] [INFO] operate - 43 /api/v1/course/9/question_group POST {"qg_name":"简答题","qg_type":"2","demand":"","onSystemQuestion":[[],[],[],[],[{"ql_id":36,"q_simple_description":"111111","q_type":5,"is_exam":0,"answer":"[\"酌情考虑\"]","q_range":3,"score":30},{"ql_id":37,"q_simple_description":"22222","q_type":5,"is_exam":0,"answer":"[\"酌情考虑\"]","q_range":3,"score":30},{"ql_id":38,"q_simple_description":"444444","q_type":5,"is_exam":0,"answer":"[\"酌情考虑\"]","q_range":3,"score":30},{"ql_id":39,"q_simple_description":"66666","q_type":5,"is_exam":0,"answer":"[\"酌情考虑\"]","q_range":3,"score":30},{"ql_id":40,"q_simple_description":"ffffffffffffsr34534535353进来看房间埃里克森记录卡上搭建轮廓阿酸辣粉讲课了刻录机离开爱上的地方离开卡拉水电费讲课了sad房间可垃圾收抵抗力发拉时代峰峻拉水电费爱丽丝的房间里卡爱神的箭啊施蒂利克就as打飞机卡SDK两份","q_type":5,"is_exam":0,"answer":"[\"酌情考虑\"]","q_range":3,"score":30},{"ql_id":41,"q_simple_description":"那你那你女女女女","q_type":5,"is_exam":0,"answer":"[\"酌情考虑\"]","q_range":3,"score":30},{"ql_id":42,"q_simple_description":"bbbbbbb","q_type":5,"is_exam":0,"answer":"[\"酌情考虑\"]","q_range":3,"score":30},{"ql_id":47,"q_simple_description":"我是css简答题111","q_type":5,"is_exam":0,"answer":"[\"酌情考虑\"]","q_range":3,"score":30},{"ql_id":55,"q_simple_description":"css简单的简答题...真是简单的发","q_type":5,"is_exam":0,"answer":"[\"酌情考虑\"]","q_range":1,"score":30},{"ql_id":68,"q_simple_description":"css简答题难度2","q_type":5,"is_exam":0,"answer":"[\"酌情考虑\"]","q_range":2,"score":30},{"ql_id":69,"q_simple_description":"css简答题难度3","q_type":5,"is_exam":0,"answer":"[\"酌情考虑\"]","q_range":3,"score":30},{"ql_id":71,"q_simple_description":"css简答题难度4444","q_type":5,"is_exam":0,"answer":"[\"酌情考虑\"]","q_range":4,"score":30},{"ql_id":72,"q_simple_description":"css简答题难度5555","q_type":5,"is_exam":0,"answer":"[\"酌情考虑\"]","q_range":5,"score":30}]],"difficulty":3,"score":390,"c_id":"9"}
[2020-05-19T12:01:13.767] [INFO] operate - 43 /api/v1/question_group GET {"data":"eyJjX2lkIjoiOSIsInNlYXJjaENvbnRlbnQiOiIiLCJzZWFyY2hDb2x1bW4iOiJxZ19uYW1lIiwic3RhcnQiOjAsInBhZ2VTaXplIjoxMCwiY291bnQiOnRydWV9"}
[2020-05-19T12:01:15.827] [INFO] operate - 43 /api/v1/test GET {"c_id":"9"}
[2020-05-19T12:01:16.556] [INFO] operate - 43 /api/v1/course/9/section GET {"c_id":"9"}
[2020-05-19T12:01:16.574] [INFO] operate - 43 /api/v1/course/tree GET {"c_id":"9"}
[2020-05-19T12:01:36.975] [INFO] operate - 43 /api/v1/question_group GET {"data":"eyJjX2lkIjoiOSIsInNlYXJjaENvbnRlbnQiOiIiLCJzZWFyY2hDb2x1bW4iOiJxZ19uYW1lIiwic3RhcnQiOjAsInBhZ2VTaXplIjoxMCwiY291bnQiOnRydWV9"}
[2020-05-19T12:01:45.305] [INFO] operate - 43 /api/v1/test POST {"test_name":"期中测试1111","t_type":2,"start_time":1589947283000,"end_time":1589954483000,"work_time":120,"get_question_type":"1","questionData":{"qg_id":10,"c_id":9,"qg_name":"简答题","difficulty":3,"qg_type":2,"score":390,"is_random":0},"choseClass":[{"id":15,"label":"2020级-05"}],"c_id":"9","demand":"1111"}
[2020-05-19T12:01:45.486] [INFO] operate - 43 /api/v1/test GET {"c_id":"9"}
[2020-05-19T12:01:48.305] [INFO] operate - 43 /api/v1/course/9/section GET {"c_id":"9"}
[2020-05-19T12:01:48.321] [INFO] operate - 43 /api/v1/course/tree GET {"c_id":"9"}
[2020-05-19T12:01:57.639] [INFO] operate - 43 /api/v1/question_group GET {"data":"eyJjX2lkIjoiOSIsInNlYXJjaENvbnRlbnQiOiIiLCJzZWFyY2hDb2x1bW4iOiJxZ19uYW1lIiwic3RhcnQiOjAsInBhZ2VTaXplIjoxMCwiY291bnQiOnRydWV9"}
[2020-05-19T12:02:03.561] [INFO] operate - 43 /api/v1/test POST {"test_name":"期中测试2222","t_type":2,"start_time":1589860914000,"end_time":1589868114000,"work_time":120,"get_question_type":"1","questionData":{"qg_id":10,"c_id":9,"qg_name":"简答题","difficulty":3,"qg_type":2,"score":390,"is_random":0},"choseClass":[{"id":15,"label":"2020级-05"}],"c_id":"9","demand":"asdfasdf"}
[2020-05-19T12:02:03.702] [INFO] operate - 43 /api/v1/test GET {"c_id":"9"}
[2020-05-19T12:02:15.171] [INFO] operate - 44 /api/v1/user/44/badge GET {"u_id":"44"}
[2020-05-19T12:02:15.173] [INFO] operate - 44 /api/v1/user/44/course GET {"u_id":"44"}
[2020-05-19T12:02:15.175] [INFO] operate - 44 /api/v1/user/44 GET {"u_id":"44"}
[2020-05-19T12:02:15.180] [INFO] operate - 44 /api/v1/user/44/test/undo GET {"u_id":"44"}
[2020-05-19T12:02:15.297] [INFO] operate - 44 /api/v1/user/44/badge/3 GET {"type":"1","u_id":"44","b_id":"3"}
[2020-05-19T12:02:15.299] [INFO] operate - 44 /api/v1/user/44/badge/6 GET {"type":"2","u_id":"44","b_id":"6"}
[2020-05-19T12:02:19.087] [INFO] operate - 44 /api/v1/user/44/course/9/test GET {"type":"2","isCurrent":"true","u_id":"44","c_id":"9"}
[2020-05-19T12:02:27.299] [INFO] operate - 44 /api/v1/user/44/course/9/test/11/detail GET {"u_id":"44","c_id":"9","test_id":"11"}
[2020-05-19T12:02:40.480] [INFO] operate - 44 /api/v1/user/44/course/9/test GET {"type":"2","isCurrent":"true","u_id":"44","c_id":"9"}
[2020-05-19T12:02:46.857] [INFO] operate - 44 /api/v1/user/44/course/9/test/11/detail GET {"u_id":"44","c_id":"9","test_id":"11"}
[2020-05-19T12:02:50.944] [INFO] operate - 44 /api/v1/user/44/course/9/test GET {"type":"2","isCurrent":"true","u_id":"44","c_id":"9"}
[2020-05-19T12:02:55.235] [INFO] operate - 44 /api/v1/user/44/course/9/test/11/detail GET {"u_id":"44","c_id":"9","test_id":"11"}
[2020-05-19T12:03:03.302] [INFO] operate - 44 /api/v1/course/9/announcement/open GET {"c_id":"9"}
[2020-05-19T12:03:08.394] [INFO] operate - 44 /api/v1/announcement/1/content GET {"a_id":"1"}
[2020-05-19T12:03:14.406] [INFO] operate - 44 /api/v1/user/44/course/9/test GET {"type":"2","isCurrent":"true","u_id":"44","c_id":"9"}
[2020-05-19T12:03:15.999] [INFO] operate - 44 /api/v1/user/44/course/9/test/11/detail GET {"u_id":"44","c_id":"9","test_id":"11"}
[2020-05-19T12:03:18.105] [INFO] operate - 44 /api/v1/user/44/course/9/test/11/submit_answer PUT {"answer":{},"u_id":"44","c_id":"9","test_id":"11"}
[2020-05-19T12:03:18.205] [INFO] operate - 44 /api/v1/user/44/course/9/test GET {"type":"2","isCurrent":"true","u_id":"44","c_id":"9"}
[2020-05-19T12:03:23.365] [INFO] operate - 44 /api/v1/user/44/course/9/test GET {"type":"2","isCurrent":"false","u_id":"44","c_id":"9"}
[2020-05-19T12:03:32.802] [INFO] operate - 44 /api/v1/user/44/course/9/test GET {"type":"2","isCurrent":"false","u_id":"44","c_id":"9"}
[2020-05-19T12:03:54.454] [INFO] operate - 44 /api/v1/user/44/course/9/test GET {"type":"2","isCurrent":"false","u_id":"44","c_id":"9"}
[2020-05-19T12:04:08.812] [INFO] operate - 44 /api/v1/user/44/course/9/test GET {"type":"2","isCurrent":"true","u_id":"44","c_id":"9"}
[2020-05-19T12:04:25.636] [INFO] operate - 43 /api/v1/user/statistics/online GET {}
[2020-05-19T12:04:25.637] [INFO] operate - 43 /api/v1/user/43 GET {"u_id":"43"}
[2020-05-19T12:04:25.638] [INFO] operate - 43 /api/v1/user/43/course GET {"u_id":"43"}
[2020-05-19T12:04:25.649] [INFO] operate - 43 /api/v1/user/statistics/login_time GET {}
[2020-05-19T12:04:25.660] [INFO] operate - 43 /api/v1/test/statistics/test_num GET {}
[2020-05-19T12:04:27.847] [INFO] operate - 43 /api/v1/course/9/statistics GET {"c_id":"9"}
[2020-05-19T12:04:28.584] [INFO] operate - 43 /api/v1/test GET {"c_id":"9"}
[2020-05-19T12:04:38.673] [INFO] operate - 43 /api/v1/test/10/code_check GET {"type":"old","test_id":"10"}
[2020-05-19T12:04:38.686] [INFO] operate - 43 /api/v1/test/10/detail GET {"type":"old","test_id":"10"}
[2020-05-19T12:04:48.778] [INFO] operate - 43 /api/v1/test/10/code_check GET {"type":"new","test_id":"10"}
[2020-05-19T12:04:48.791] [INFO] operate - 43 /api/v1/test/10/detail GET {"type":"new","test_id":"10"}
[2020-05-19T12:04:49.671] [INFO] operate - 43 /api/v1/test/10/code_check GET {"type":"new","test_id":"10"}
[2020-05-19T12:04:49.678] [INFO] operate - 43 /api/v1/test/10/detail GET {"type":"new","test_id":"10"}
[2020-05-19T12:05:44.040] [INFO] operate - 43 /api/v1/course/9/section GET {"c_id":"9"}
[2020-05-19T12:05:44.056] [INFO] operate - 43 /api/v1/course/tree GET {"c_id":"9"}
[2020-05-19T12:05:47.651] [INFO] operate - 43 /api/v1/question_library GET {"data":"eyJjX2lkIjoiOSIsInNlYXJjaENvbnRlbnQiOiIiLCJzZWFyY2hDb2x1bW4iOiJxX3NpbXBsZV9kZXNjcmlwdGlvbiIsInN0YXJ0IjowLCJwYWdlU2l6ZSI6MTAsInFfdHlwZSI6W10sImNvdW50Ijp0cnVlLCJpc19leGFtIjoyfQ"}
[2020-05-19T12:05:48.404] [INFO] operate - 43 /api/v1/question_library GET {"data":"eyJjX2lkIjoiOSIsInNlYXJjaENvbnRlbnQiOiIiLCJzZWFyY2hDb2x1bW4iOiJxX3NpbXBsZV9kZXNjcmlwdGlvbiIsInN0YXJ0IjowLCJwYWdlU2l6ZSI6MTAsInFfdHlwZSI6W10sImNvdW50Ijp0cnVlLCJpc19leGFtIjoyfQ"}
[2020-05-19T12:06:05.183] [INFO] operate - 43 /api/v1/question_library GET {"data":"eyJjX2lkIjoiOSIsInNlYXJjaENvbnRlbnQiOiIiLCJzZWFyY2hDb2x1bW4iOiJxX3NpbXBsZV9kZXNjcmlwdGlvbiIsInN0YXJ0IjowLCJwYWdlU2l6ZSI6MTAsInFfdHlwZSI6WzVdLCJjb3VudCI6dHJ1ZSwiaXNfZXhhbSI6Mn0"}
[2020-05-19T12:06:13.060] [INFO] operate - 43 /api/v1/course/9/question_group POST {"qg_name":"期中测试333","qg_type":"2","demand":"","onSystemQuestion":[[],[],[],[{"ql_id":6,"q_simple_description":"标签的语法包含哪些内容？","q_type":4,"is_exam":0,"answer":"[{\"input\":\"\",\"output\":\"\"}]","q_range":3,"score":20},{"ql_id":7,"q_simple_description":"谈一下你对标签属性的认识？列举一些常见的属性并解释其含义","q_type":4,"is_exam":0,"answer":"[{\"input\":\"\",\"output\":\"\"}]","q_range":3,"score":20},{"ql_id":8,"q_simple_description":"根据目前掌握的知识，想要实现一个列表可能涉及到哪些标签？","q_type":4,"is_exam":0,"answer":"[{\"input\":\"\",\"output\":\"\"}]","q_range":3,"score":20},{"ql_id":9,"q_simple_description":"列举你所知道的表单元素以及它们代表的含义？","q_type":4,"is_exam":0,"answer":"[{\"input\":\"\",\"output\":\"\"}]","q_range":3,"score":20},{"ql_id":10,"q_simple_description":"页面上要实现一个表格，写出可能涉及到的标签和属性？如何进行跨行和跨列合并？","q_type":4,"is_exam":0,"answer":"[{\"input\":\"\",\"output\":\"\"}]","q_range":3,"score":20},{"ql_id":11,"q_simple_description":"css样式定义位置有哪些,根据其优先级进行排序。如何引入一个外部样式表？使用外部样式表有什么好处","q_type":4,"is_exam":0,"answer":"[{\"input\":\"\",\"output\":\"\"}]","q_range":3,"score":20},{"ql_id":12,"q_simple_description":"根据display的默认取值不同，我们可以把标签分成哪些类别，举例说明？分别有什么特征？","q_type":4,"is_exam":0,"answer":"[{\"input\":\"\",\"output\":\"\"}]","q_range":3,"score":20},{"ql_id":13,"q_simple_description":"position属性中哪两个值可以让元素脱离文档流？脱离文档流的元素有什么特性？","q_type":4,"is_exam":0,"answer":"[{\"input\":\"\",\"output\":\"\"}]","q_range":3,"score":20},{"ql_id":14,"q_simple_description":"详细介绍一下float属性的作用？列举3种清除浮动的方法?","q_type":4,"is_exam":0,"answer":"[{\"input\":\"\",\"output\":\"\"}]","q_range":3,"score":20},{"ql_id":15,"q_simple_description":"css属性box-sizing取值border-box或content-box代表什么含义？有什么区别？","q_type":4,"is_exam":0,"answer":"[{\"input\":\"\",\"output\":\"\"}]","q_range":3,"score":20}],[{"ql_id":36,"q_simple_description":"111111","q_type":5,"is_exam":0,"answer":"[\"酌情考虑\"]","q_range":3,"score":30},{"ql_id":37,"q_simple_description":"22222","q_type":5,"is_exam":0,"answer":"[\"酌情考虑\"]","q_range":3,"score":30},{"ql_id":38,"q_simple_description":"444444","q_type":5,"is_exam":0,"answer":"[\"酌情考虑\"]","q_range":3,"score":30},{"ql_id":39,"q_simple_description":"66666","q_type":5,"is_exam":0,"answer":"[\"酌情考虑\"]","q_range":3,"score":30},{"ql_id":40,"q_simple_description":"ffffffffffffsr34534535353进来看房间埃里克森记录卡上搭建轮廓阿酸辣粉讲课了刻录机离开爱上的地方离开卡拉水电费讲课了sad房间可垃圾收抵抗力发拉时代峰峻拉水电费爱丽丝的房间里卡爱神的箭啊施蒂利克就as打飞机卡SDK两份","q_type":5,"is_exam":0,"answer":"[\"酌情考虑\"]","q_range":3,"score":30},{"ql_id":41,"q_simple_description":"那你那你女女女女","q_type":5,"is_exam":0,"answer":"[\"酌情考虑\"]","q_range":3,"score":30},{"ql_id":42,"q_simple_description":"bbbbbbb","q_type":5,"is_exam":0,"answer":"[\"酌情考虑\"]","q_range":3,"score":30},{"ql_id":47,"q_simple_description":"我是css简答题111","q_type":5,"is_exam":0,"answer":"[\"酌情考虑\"]","q_range":3,"score":30},{"ql_id":55,"q_simple_description":"css简单的简答题...真是简单的发","q_type":5,"is_exam":0,"answer":"[\"酌情考虑\"]","q_range":1,"score":30},{"ql_id":68,"q_simple_description":"css简答题难度2","q_type":5,"is_exam":0,"answer":"[\"酌情考虑\"]","q_range":2,"score":30}]],"difficulty":2.9,"score":500,"c_id":"9"}
[2020-05-19T12:06:13.177] [INFO] operate - 43 /api/v1/question_group GET {"data":"eyJjX2lkIjoiOSIsInNlYXJjaENvbnRlbnQiOiIiLCJzZWFyY2hDb2x1bW4iOiJxZ19uYW1lIiwic3RhcnQiOjAsInBhZ2VTaXplIjoxMCwiY291bnQiOnRydWV9"}
[2020-05-19T12:06:23.366] [INFO] operate - 43 /api/v1/test GET {"c_id":"9"}
[2020-05-19T12:06:23.985] [INFO] operate - 43 /api/v1/course/9/section GET {"c_id":"9"}
[2020-05-19T12:06:24.004] [INFO] operate - 43 /api/v1/course/tree GET {"c_id":"9"}
[2020-05-19T12:06:39.326] [INFO] operate - 43 /api/v1/question_group GET {"data":"eyJjX2lkIjoiOSIsInNlYXJjaENvbnRlbnQiOiIiLCJzZWFyY2hDb2x1bW4iOiJxZ19uYW1lIiwic3RhcnQiOjAsInBhZ2VTaXplIjoxMCwiY291bnQiOnRydWV9"}
[2020-05-19T12:06:44.480] [INFO] operate - 43 /api/v1/test POST {"test_name":"期中测试3333","t_type":2,"start_time":1589861193000,"end_time":1589861793000,"work_time":"10","get_question_type":"1","questionData":{"qg_id":11,"c_id":9,"qg_name":"期中测试333","difficulty":2.9,"qg_type":2,"score":500,"is_random":0},"choseClass":[{"id":15,"label":"2020级-05"}],"c_id":"9","demand":"撒打发斯蒂芬"}
[2020-05-19T12:06:44.621] [INFO] operate - 43 /api/v1/test GET {"c_id":"9"}
[2020-05-19T12:06:54.394] [INFO] operate - 44 /api/v1/user/44/course GET {"u_id":"44"}
[2020-05-19T12:06:54.406] [INFO] operate - 44 /api/v1/user/44 GET {"u_id":"44"}
[2020-05-19T12:06:54.417] [INFO] operate - 44 /api/v1/user/44/test/undo GET {"u_id":"44"}
[2020-05-19T12:06:54.433] [INFO] operate - 44 /api/v1/user/44/badge GET {"u_id":"44"}
[2020-05-19T12:06:54.550] [INFO] operate - 44 /api/v1/user/44/badge/3 GET {"type":"1","u_id":"44","b_id":"3"}
[2020-05-19T12:06:54.566] [INFO] operate - 44 /api/v1/user/44/badge/6 GET {"type":"2","u_id":"44","b_id":"6"}
[2020-05-19T12:06:56.268] [INFO] operate - 44 /api/v1/user/44/course/9/test GET {"type":"2","isCurrent":"true","u_id":"44","c_id":"9"}
[2020-05-19T12:06:58.213] [INFO] operate - 44 /api/v1/user/44/course/9/test/12/detail GET {"u_id":"44","c_id":"9","test_id":"12"}
[2020-05-19T12:07:32.297] [INFO] operate - 44 /api/v1/user/44/course/9/test/12/submit_answer PUT {"answer":{"6":["java","这是我的第一体的答案"],"7":["java","这是我你第二题的答案"],"8":["java","这是我第三题的答案"],"9":["java",""],"10":["java",""],"11":["java","发撒的发生的"],"12":["java",""],"13":["java",""],"14":["java",""],"15":["java",""]},"u_id":"44","c_id":"9","test_id":"12"}
[2020-05-19T12:07:32.536] [INFO] operate - 44 /api/v1/user/44/course/9/test GET {"type":"2","isCurrent":"true","u_id":"44","c_id":"9"}
[2020-05-19T12:07:44.948] [INFO] operate - 43 /api/v1/user/43 GET {"u_id":"43"}
[2020-05-19T12:07:44.950] [INFO] operate - 43 /api/v1/user/43/course GET {"u_id":"43"}
[2020-05-19T12:07:44.955] [INFO] operate - 43 /api/v1/user/statistics/login_time GET {}
[2020-05-19T12:07:44.955] [INFO] operate - 43 /api/v1/test/statistics/test_num GET {}
[2020-05-19T12:07:44.963] [INFO] operate - 43 /api/v1/user/statistics/online GET {}
[2020-05-19T12:07:47.242] [INFO] operate - 43 /api/v1/course/9/statistics GET {"c_id":"9"}
[2020-05-19T12:07:48.397] [INFO] operate - 43 /api/v1/test GET {"c_id":"9"}
[2020-05-19T12:07:52.993] [INFO] operate - 43 /api/v1/test/12/detail GET {"type":"old","test_id":"12"}
[2020-05-19T12:08:25.933] [INFO] operate - 43 /api/v1/test/2/code_check GET {"type":"old","test_id":"2"}
[2020-05-19T12:08:25.937] [INFO] operate - 43 /api/v1/test/2/detail GET {"type":"old","test_id":"2"}
[2020-05-19T12:08:30.182] [INFO] operate - 43 /api/v1/test/2/code_check GET {"type":"new","test_id":"2"}
[2020-05-19T12:08:30.184] [INFO] operate - 43 /api/v1/test/2/detail GET {"type":"new","test_id":"2"}
[2020-05-19T12:08:36.338] [INFO] operate - 43 /api/v1/test/10/detail GET {"type":"old","test_id":"10"}
[2020-05-19T12:08:36.351] [INFO] operate - 43 /api/v1/test/10/code_check GET {"type":"old","test_id":"10"}
[2020-05-19T12:08:44.334] [INFO] operate - 43 /api/v1/test/10/code_check GET {"type":"new","test_id":"10"}
[2020-05-19T12:08:44.347] [INFO] operate - 43 /api/v1/test/10/detail GET {"type":"new","test_id":"10"}
[2020-05-19T12:08:48.081] [INFO] operate - 43 /api/v1/test/12/detail GET {"type":"old","test_id":"12"}
[2020-05-19T12:09:11.145] [INFO] operate - 43 /api/v1/user/43 GET {"u_id":"43"}
[2020-05-19T12:09:11.160] [INFO] operate - 43 /api/v1/user/43/course GET {"u_id":"43"}
[2020-05-19T12:09:11.168] [INFO] operate - 43 /api/v1/test GET {"c_id":"9"}
[2020-05-19T12:09:14.200] [INFO] operate - 43 /api/v1/test/12/detail GET {"type":"old","test_id":"12"}
[2020-05-19T12:09:19.812] [INFO] operate - 43 /api/v1/test/12/detail GET {"type":"new","test_id":"12"}
[2020-05-19T12:09:29.704] [INFO] operate - 43 /api/v1/user/43 GET {"u_id":"43"}
[2020-05-19T12:09:29.729] [INFO] operate - 43 /api/v1/user/43/course GET {"u_id":"43"}
[2020-05-19T12:09:29.745] [INFO] operate - 43 /api/v1/test GET {"c_id":"9"}
[2020-05-19T12:09:34.884] [INFO] operate - 43 /api/v1/test/12/detail GET {"type":"old","test_id":"12"}
[2020-05-19T12:13:18.602] [INFO] operate - 43 /api/v1/test/12/detail GET {"type":"new","test_id":"12"}
[2020-05-19T12:13:24.567] [INFO] operate - 43 /api/v1/course/9/section GET {"c_id":"9"}
[2020-05-19T12:13:24.579] [INFO] operate - 43 /api/v1/course/tree GET {"c_id":"9"}
[2020-05-19T12:13:29.556] [INFO] operate - 43 /api/v1/course/9/section GET {"c_id":"9"}
[2020-05-19T12:13:29.562] [INFO] operate - 43 /api/v1/course/tree GET {"c_id":"9"}
[2020-05-19T12:13:30.472] [INFO] operate - 43 /api/v1/test GET {"c_id":"9"}
[2020-05-19T12:13:32.514] [INFO] operate - 43 /api/v1/test/4/detail GET {"type":"old","test_id":"4"}
[2020-05-19T12:13:32.515] [INFO] operate - 43 /api/v1/test/4/code_check GET {"type":"old","test_id":"4"}
[2020-05-19T12:13:45.065] [INFO] operate - 43 /api/v1/course/9/section GET {"c_id":"9"}
[2020-05-19T12:13:45.074] [INFO] operate - 43 /api/v1/course/tree GET {"c_id":"9"}
[2020-05-19T12:13:50.503] [INFO] operate - 43 /api/v1/course/9/section GET {"c_id":"9"}
[2020-05-19T12:13:50.513] [INFO] operate - 43 /api/v1/course/tree GET {"c_id":"9"}
[2020-05-19T12:13:53.037] [INFO] operate - 43 /api/v1/course/base_info GET {"c_id":"9","column":"c_intro"}
[2020-05-19T12:13:58.801] [INFO] operate - 43 /api/v1/course/tree GET {"c_id":"9"}
[2020-05-19T12:14:01.667] [INFO] operate - 43 /api/v1/course/tree GET {"c_id":"9"}
[2020-05-19T12:17:33.632] [INFO] operate - 43 /api/v1/question_library GET {"data":"eyJjX2lkIjoiOSIsInNlYXJjaENvbnRlbnQiOiIiLCJzZWFyY2hDb2x1bW4iOiJxX3NpbXBsZV9kZXNjcmlwdGlvbiIsInN0YXJ0IjowLCJwYWdlU2l6ZSI6MTAsInFfdHlwZSI6W10sImNvdW50Ijp0cnVlLCJpc19leGFtIjoyfQ"}
[2020-05-19T12:17:37.008] [INFO] operate - 43 /api/v1/course/tree GET {"c_id":"9"}
[2020-05-19T12:17:38.223] [INFO] operate - 43 /api/v1/course/tree GET {"c_id":"9"}
[2020-05-19T12:20:48.504] [INFO] operate - 43 /api/v1/test GET {"c_id":"9"}
[2020-05-19T12:20:52.642] [INFO] operate - 43 /api/v1/test/2/code_check GET {"type":"old","test_id":"2"}
[2020-05-19T12:20:52.647] [INFO] operate - 43 /api/v1/test/2/detail GET {"type":"old","test_id":"2"}
[2020-05-19T12:20:57.869] [INFO] operate - 43 /api/v1/test/2/code_check GET {"type":"new","test_id":"2"}
[2020-05-19T12:20:57.874] [INFO] operate - 43 /api/v1/test/2/detail GET {"type":"new","test_id":"2"}
[2020-05-19T12:21:09.710] [INFO] operate - 43 /api/v1/test/7/code_check GET {"type":"old","test_id":"7"}
[2020-05-19T12:21:09.718] [INFO] operate - 43 /api/v1/test/7/detail GET {"type":"old","test_id":"7"}
[2020-05-19T12:21:11.947] [INFO] operate - 43 /api/v1/test/7/code_check GET {"type":"new","test_id":"7"}
[2020-05-19T12:21:11.953] [INFO] operate - 43 /api/v1/test/7/detail GET {"type":"new","test_id":"7"}
[2020-05-19T12:21:28.628] [INFO] operate - 43 /api/v1/test/6/detail GET {"type":"old","test_id":"6"}
[2020-05-19T12:21:28.636] [INFO] operate - 43 /api/v1/test/6/code_check GET {"type":"old","test_id":"6"}
[2020-05-19T12:21:32.361] [INFO] operate - 43 /api/v1/test/10/code_check GET {"type":"old","test_id":"10"}
[2020-05-19T12:21:32.379] [INFO] operate - 43 /api/v1/test/10/detail GET {"type":"old","test_id":"10"}
[2020-05-19T12:22:00.078] [INFO] operate - 43 /api/v1/course/9/section GET {"c_id":"9"}
[2020-05-19T12:22:00.084] [INFO] operate - 43 /api/v1/course/tree GET {"c_id":"9"}
[2020-05-19T12:22:00.906] [INFO] operate - 43 /api/v1/question_library GET {"data":"eyJjX2lkIjoiOSIsInNlYXJjaENvbnRlbnQiOiIiLCJzZWFyY2hDb2x1bW4iOiJxX3NpbXBsZV9kZXNjcmlwdGlvbiIsInN0YXJ0IjowLCJwYWdlU2l6ZSI6MTAsInFfdHlwZSI6W10sImNvdW50Ijp0cnVlLCJpc19leGFtIjoyfQ"}
[2020-05-19T12:22:01.806] [INFO] operate - 43 /api/v1/question_library GET {"data":"eyJjX2lkIjoiOSIsInNlYXJjaENvbnRlbnQiOiIiLCJzZWFyY2hDb2x1bW4iOiJxX3NpbXBsZV9kZXNjcmlwdGlvbiIsInN0YXJ0IjowLCJwYWdlU2l6ZSI6MTAsInFfdHlwZSI6W10sImNvdW50Ijp0cnVlLCJpc19leGFtIjoyfQ"}
[2020-05-19T12:22:16.531] [INFO] operate - 43 /api/v1/question_library GET {"data":"eyJjX2lkIjoiOSIsInNlYXJjaENvbnRlbnQiOiIiLCJzZWFyY2hDb2x1bW4iOiJxX3NpbXBsZV9kZXNjcmlwdGlvbiIsInN0YXJ0IjowLCJwYWdlU2l6ZSI6MTAsInFfdHlwZSI6WzFdLCJjb3VudCI6dHJ1ZSwiaXNfZXhhbSI6Mn0"}
[2020-05-19T12:22:29.911] [INFO] operate - 43 /api/v1/question_library GET {"data":"eyJjX2lkIjoiOSIsInNlYXJjaENvbnRlbnQiOiIiLCJzZWFyY2hDb2x1bW4iOiJxX3NpbXBsZV9kZXNjcmlwdGlvbiIsInN0YXJ0IjowLCJwYWdlU2l6ZSI6MTAsInFfdHlwZSI6WzNdLCJjb3VudCI6dHJ1ZSwiaXNfZXhhbSI6Mn0"}
[2020-05-19T12:22:41.723] [INFO] operate - 43 /api/v1/question_library GET {"data":"eyJjX2lkIjoiOSIsInNlYXJjaENvbnRlbnQiOiIiLCJzZWFyY2hDb2x1bW4iOiJxX3NpbXBsZV9kZXNjcmlwdGlvbiIsInN0YXJ0IjowLCJwYWdlU2l6ZSI6MTAsInFfdHlwZSI6WzRdLCJjb3VudCI6dHJ1ZSwiaXNfZXhhbSI6Mn0"}
[2020-05-19T12:22:51.137] [INFO] operate - 43 /api/v1/question_library GET {"data":"eyJjX2lkIjoiOSIsInNlYXJjaENvbnRlbnQiOiIiLCJzZWFyY2hDb2x1bW4iOiJxX3NpbXBsZV9kZXNjcmlwdGlvbiIsInN0YXJ0IjowLCJwYWdlU2l6ZSI6MTAsInFfdHlwZSI6WzVdLCJjb3VudCI6dHJ1ZSwiaXNfZXhhbSI6Mn0"}
[2020-05-19T12:23:00.277] [INFO] operate - 43 /api/v1/course/9/question_group POST {"qg_name":"啥题都有","qg_type":"2","demand":"","onSystemQuestion":[[{"ql_id":57,"q_simple_description":"css选择题难度3","q_type":1,"is_exam":0,"answer":"[1]","q_range":3,"score":5},{"ql_id":58,"q_simple_description":"css选择题难度4","q_type":1,"is_exam":0,"answer":"[1]","q_range":4,"score":5}],[],[{"ql_id":60,"q_simple_description":"css填空题难度2","q_type":3,"is_exam":0,"answer":"[\"111\"]","q_range":2,"score":5},{"ql_id":61,"q_simple_description":"css填空题难度3","q_type":3,"is_exam":0,"answer":"[\"111\"]","q_range":3,"score":5}],[{"ql_id":9,"q_simple_description":"列举你所知道的表单元素以及它们代表的含义？","q_type":4,"is_exam":0,"answer":"[{\"input\":\"\",\"output\":\"\"}]","q_range":3,"score":20},{"ql_id":10,"q_simple_description":"页面上要实现一个表格，写出可能涉及到的标签和属性？如何进行跨行和跨列合并？","q_type":4,"is_exam":0,"answer":"[{\"input\":\"\",\"output\":\"\"}]","q_range":3,"score":20}],[{"ql_id":41,"q_simple_description":"那你那你女女女女","q_type":5,"is_exam":0,"answer":"[\"酌情考虑\"]","q_range":3,"score":30},{"ql_id":68,"q_simple_description":"css简答题难度2","q_type":5,"is_exam":0,"answer":"[\"酌情考虑\"]","q_range":2,"score":30}]],"difficulty":2.9,"score":120,"c_id":"9"}
[2020-05-19T12:23:00.478] [INFO] operate - 43 /api/v1/question_group GET {"data":"eyJjX2lkIjoiOSIsInNlYXJjaENvbnRlbnQiOiIiLCJzZWFyY2hDb2x1bW4iOiJxZ19uYW1lIiwic3RhcnQiOjAsInBhZ2VTaXplIjoxMCwiY291bnQiOnRydWV9"}
[2020-05-19T12:23:02.902] [INFO] operate - 43 /api/v1/test GET {"c_id":"9"}
[2020-05-19T12:23:03.622] [INFO] operate - 43 /api/v1/course/9/section GET {"c_id":"9"}
[2020-05-19T12:23:03.631] [INFO] operate - 43 /api/v1/course/tree GET {"c_id":"9"}
[2020-05-19T12:23:21.617] [INFO] operate - 43 /api/v1/question_group GET {"data":"eyJjX2lkIjoiOSIsInNlYXJjaENvbnRlbnQiOiIiLCJzZWFyY2hDb2x1bW4iOiJxZ19uYW1lIiwic3RhcnQiOjAsInBhZ2VTaXplIjoxMCwiY291bnQiOnRydWV9"}
[2020-05-19T12:23:29.651] [INFO] operate - 43 /api/v1/test POST {"test_name":"啥题都有的测试","t_type":2,"start_time":1589862196000,"end_time":1589869396000,"work_time":120,"get_question_type":"1","questionData":{"qg_id":12,"c_id":9,"qg_name":"啥题都有","difficulty":2.9,"qg_type":2,"score":120,"is_random":0},"choseClass":[{"id":15,"label":"2020级-05"}],"c_id":"9","demand":"讲课了;阿斯顿发送到发"}
[2020-05-19T12:23:29.804] [INFO] operate - 43 /api/v1/test GET {"c_id":"9"}
[2020-05-19T12:23:32.485] [INFO] operate - 43 /api/v1/test/13/code_check GET {"type":"old","test_id":"13"}
[2020-05-19T12:23:32.512] [INFO] operate - 43 /api/v1/test/13/detail GET {"type":"old","test_id":"13"}
[2020-05-19T12:24:08.229] [INFO] operate - 43 /api/v1/course/9/section GET {"c_id":"9"}
[2020-05-19T12:24:08.251] [INFO] operate - 43 /api/v1/course/tree GET {"c_id":"9"}
[2020-05-19T12:24:10.869] [INFO] operate - 43 /api/v1/test GET {"c_id":"9"}
[2020-05-19T12:24:14.866] [INFO] operate - 43 /api/v1/course/9/section GET {"c_id":"9"}
[2020-05-19T12:24:14.886] [INFO] operate - 43 /api/v1/course/tree GET {"c_id":"9"}
[2020-05-19T12:24:15.384] [INFO] operate - 43 /api/v1/course/9/section GET {"c_id":"9"}
[2020-05-19T12:24:15.399] [INFO] operate - 43 /api/v1/course/tree GET {"c_id":"9"}
[2020-05-19T12:24:15.860] [INFO] operate - 43 /api/v1/test GET {"c_id":"9"}
[2020-05-19T12:24:20.052] [INFO] operate - 43 /api/v1/test/13/detail GET {"type":"old","test_id":"13"}
[2020-05-19T12:24:20.068] [INFO] operate - 43 /api/v1/test/13/code_check GET {"type":"old","test_id":"13"}
[2020-05-19T12:25:30.715] [INFO] operate - 43 /api/v1/user/43 GET {"u_id":"43"}
[2020-05-19T12:25:30.738] [INFO] operate - 43 /api/v1/user/43/course GET {"u_id":"43"}
[2020-05-19T12:25:30.749] [INFO] operate - 43 /api/v1/test GET {"c_id":"9"}
[2020-05-19T12:26:26.039] [INFO] operate - 43 /api/v1/test GET {"c_id":"9"}
[2020-05-19T12:27:13.483] [INFO] operate - 43 /api/v1/test/2/detail GET {"type":"old","test_id":"2"}
[2020-05-19T12:27:13.509] [INFO] operate - 43 /api/v1/test/2/code_check GET {"type":"old","test_id":"2"}
[2020-05-19T15:17:23.119] [INFO] operate - 43 /api/v1/user/43 GET {"u_id":"43"}
[2020-05-19T15:17:23.131] [INFO] operate - 43 /api/v1/user/43/course GET {"u_id":"43"}
[2020-05-19T15:17:23.145] [INFO] operate - 43 /api/v1/user/statistics/online GET {}
[2020-05-19T15:17:23.169] [INFO] operate - 43 /api/v1/user/statistics/login_time GET {}
[2020-05-19T15:17:23.184] [INFO] operate - 43 /api/v1/test/statistics/test_num GET {}
[2020-05-19T15:17:26.368] [INFO] operate - 43 /api/v1/course/9/statistics GET {"c_id":"9"}
[2020-05-19T15:17:27.684] [INFO] operate - 43 /api/v1/test GET {"c_id":"9"}
[2020-05-19T15:17:31.191] [INFO] operate - 43 /api/v1/test/12/detail GET {"type":"old","test_id":"12"}
[2020-05-19T15:18:27.808] [INFO] operate - 43 /api/v1/user/43 GET {"u_id":"43"}
[2020-05-19T15:18:27.829] [INFO] operate - 43 /api/v1/user/43/course GET {"u_id":"43"}
[2020-05-19T15:18:27.835] [INFO] operate - 43 /api/v1/test GET {"c_id":"9"}
[2020-05-19T15:18:32.268] [INFO] operate - 43 /api/v1/test/12/detail GET {"type":"old","test_id":"12"}
[2020-05-19T15:22:28.352] [INFO] operate - 43 /api/v1/test/12/detail GET {"type":"old","test_id":"12"}
[2020-05-19T15:23:02.747] [INFO] operate - 43 /api/v1/user/43 GET {"u_id":"43"}
[2020-05-19T15:23:02.754] [INFO] operate - 43 /api/v1/user/43/course GET {"u_id":"43"}
[2020-05-19T15:23:02.769] [INFO] operate - 43 /api/v1/test GET {"c_id":"9"}
[2020-05-19T15:23:07.896] [INFO] operate - 43 /api/v1/test/12/detail GET {"type":"old","test_id":"12"}
[2020-05-19T15:34:44.170] [INFO] operate - 43 /api/v1/test/2/detail GET {"type":"old","test_id":"2"}
[2020-05-19T15:34:59.689] [INFO] operate - 43 /api/v1/test/2/detail GET {"type":"old","test_id":"2"}
[2020-05-19T15:34:59.691] [INFO] operate - 43 /api/v1/test/2/code_check GET {"type":"old","test_id":"2"}
[2020-05-19T15:35:01.726] [INFO] operate - 43 /api/v1/course/9/statistics GET {"c_id":"9"}
[2020-05-19T15:35:03.643] [INFO] operate - 43 /api/v1/test GET {"c_id":"9"}
[2020-05-19T15:35:11.222] [INFO] operate - 43 /api/v1/test/10/code_check GET {"type":"old","test_id":"10"}
[2020-05-19T15:35:11.237] [INFO] operate - 43 /api/v1/test/10/detail GET {"type":"old","test_id":"10"}
[2020-05-19T15:35:13.914] [INFO] operate - 43 /api/v1/course/9/statistics GET {"c_id":"9"}
[2020-05-19T15:35:15.831] [INFO] operate - 43 /api/v1/test GET {"c_id":"9"}
[2020-05-19T15:35:20.195] [INFO] operate - 43 /api/v1/test/10/detail GET {"type":"old","test_id":"10"}
[2020-05-19T15:35:27.283] [INFO] operate - 43 /api/v1/test/11/detail GET {"type":"old","test_id":"11"}
[2020-05-19T15:35:34.949] [INFO] operate - 43 /api/v1/test/12/detail GET {"type":"old","test_id":"12"}
[2020-05-19T15:35:42.252] [INFO] operate - 43 /api/v1/test/13/detail GET {"type":"old","test_id":"13"}
[2020-05-19T15:36:51.607] [INFO] operate - 43 /api/v1/user/43 GET {"u_id":"43"}
[2020-05-19T15:36:51.615] [INFO] operate - 43 /api/v1/user/43/course GET {"u_id":"43"}
[2020-05-19T15:36:51.627] [INFO] operate - 43 /api/v1/test GET {"c_id":"9"}
[2020-05-19T15:36:58.094] [INFO] operate - 43 /api/v1/test/13/detail GET {"type":"new","test_id":"13"}
[2020-05-19T15:37:23.777] [INFO] operate - 43 /api/v1/question_group/12/all_question GET {"qg_id":"12"}
[2020-05-19T15:38:16.301] [INFO] operate - 43 /api/v1/test GET {"c_id":"9"}
[2020-05-19T15:39:54.267] [INFO] operate - 43 /api/v1/question_group/7/all_question GET {"qg_id":"7"}
[2020-05-19T15:40:18.789] [INFO] operate - 43 /api/v1/question_group/7/all_question GET {"qg_id":"7"}
[2020-05-19T15:40:31.263] [INFO] operate - 43 /api/v1/question_group/10/all_question GET {"qg_id":"10"}
[2020-05-19T15:40:43.960] [INFO] operate - 43 /api/v1/question_group/12/all_question GET {"qg_id":"12"}
[2020-05-19T15:42:03.253] [INFO] operate - 43 /api/v1/question_group/6/all_question GET {"qg_id":"6"}
[2020-05-19T15:43:56.224] [INFO] operate - 43 /api/v1/test GET {"c_id":"9"}
[2020-05-19T15:43:59.654] [INFO] operate - 43 /api/v1/question_group/12/all_question GET {"qg_id":"12"}
[2020-05-19T16:58:50.732] [INFO] operate - 43 /api/v1/user/43/course GET {"u_id":"43"}
[2020-05-19T16:58:50.741] [INFO] operate - 43 /api/v1/user/43 GET {"u_id":"43"}
[2020-05-19T16:58:50.745] [INFO] operate - 43 /api/v1/user/statistics/online GET {}
[2020-05-19T16:58:50.762] [INFO] operate - 43 /api/v1/user/statistics/login_time GET {}
[2020-05-19T16:58:50.774] [INFO] operate - 43 /api/v1/test/statistics/test_num GET {}
[2020-05-19T16:58:53.184] [INFO] operate - 43 /api/v1/course/9/statistics GET {"c_id":"9"}
[2020-05-19T16:58:54.578] [INFO] operate - 43 /api/v1/test GET {"c_id":"9"}
[2020-05-19T17:02:14.324] [INFO] operate - 43 /api/v1/test GET {"c_id":"9"}
[2020-05-19T17:04:15.365] [INFO] operate - 43 /api/v1/test GET {"c_id":"9"}
[2020-05-19T17:04:17.978] [INFO] operate - 43 /api/v1/question_group/12/all_question GET {"is_download":"true","qg_id":"12"}
[2020-05-19T17:05:23.329] [INFO] operate - 43 /api/v1/question_group/12/all_question GET {"is_download":"true","qg_id":"12"}
[2020-05-19T17:05:53.447] [INFO] operate - 43 /api/v1/question_group/12/all_question GET {"is_download":"true","qg_id":"12"}
[2020-05-19T17:06:49.373] [INFO] operate - 43 /api/v1/question_group/12/all_question GET {"is_download":"true","qg_id":"12"}
[2020-05-19T17:07:15.721] [INFO] operate - 43 /api/v1/question_group/12/all_question GET {"is_download":"true","qg_id":"12"}
[2020-05-19T17:08:15.983] [INFO] operate - 43 /api/v1/question_group/12/all_question GET {"is_download":"true","qg_id":"12"}
[2020-05-19T17:09:02.215] [INFO] operate - 43 /api/v1/question_group/12/all_question GET {"is_download":"true","qg_id":"12"}
[2020-05-19T17:10:00.742] [INFO] operate - 43 /api/v1/question_group/12/all_question GET {"is_download":"true","qg_id":"12"}
[2020-05-19T17:10:43.555] [INFO] operate - 43 /api/v1/question_group/12/all_question GET {"is_download":"true","qg_id":"12"}
[2020-05-19T17:18:25.749] [INFO] operate - 43 /api/v1/question_library GET {"data":"eyJjX2lkIjoiOSIsInNlYXJjaENvbnRlbnQiOiIiLCJzZWFyY2hDb2x1bW4iOiJxX3NpbXBsZV9kZXNjcmlwdGlvbiIsInN0YXJ0IjowLCJwYWdlU2l6ZSI6MTAsInFfdHlwZSI6W10sImNvdW50Ijp0cnVlLCJpc19leGFtIjoyfQ"}
[2020-05-19T17:18:35.849] [INFO] operate - 43 /api/v1/test GET {"c_id":"9"}
[2020-05-19T17:18:42.175] [INFO] operate - 43 /api/v1/question_library GET {"data":"eyJjX2lkIjoiOSIsInNlYXJjaENvbnRlbnQiOiIiLCJzZWFyY2hDb2x1bW4iOiJxX3NpbXBsZV9kZXNjcmlwdGlvbiIsInN0YXJ0IjowLCJwYWdlU2l6ZSI6MTAsInFfdHlwZSI6W10sImNvdW50Ijp0cnVlLCJpc19leGFtIjoyfQ"}
[2020-05-19T17:18:44.253] [INFO] operate - 43 /api/v1/question_library GET {"data":"eyJjX2lkIjoiOSIsInNlYXJjaENvbnRlbnQiOiIiLCJzZWFyY2hDb2x1bW4iOiJxX3NpbXBsZV9kZXNjcmlwdGlvbiIsInN0YXJ0Ijo0MCwicGFnZVNpemUiOjEwLCJxX3R5cGUiOltdLCJjb3VudCI6ZmFsc2UsImlzX2V4YW0iOjJ9"}
[2020-05-19T17:18:44.826] [INFO] operate - 43 /api/v1/question_library GET {"data":"eyJjX2lkIjoiOSIsInNlYXJjaENvbnRlbnQiOiIiLCJzZWFyY2hDb2x1bW4iOiJxX3NpbXBsZV9kZXNjcmlwdGlvbiIsInN0YXJ0Ijo1MCwicGFnZVNpemUiOjEwLCJxX3R5cGUiOltdLCJjb3VudCI6ZmFsc2UsImlzX2V4YW0iOjJ9"}
[2020-05-19T17:18:46.876] [INFO] operate - 43 /api/v1/question_library GET {"data":"eyJjX2lkIjoiOSIsInNlYXJjaENvbnRlbnQiOiIiLCJzZWFyY2hDb2x1bW4iOiJxX3NpbXBsZV9kZXNjcmlwdGlvbiIsInN0YXJ0IjowLCJwYWdlU2l6ZSI6MTAsInFfdHlwZSI6W10sImNvdW50Ijp0cnVlLCJpc19leGFtIjoyfQ"}
[2020-05-19T17:18:58.921] [INFO] operate - 43 /api/v1/question_library GET {"data":"eyJjX2lkIjoiOSIsInNlYXJjaENvbnRlbnQiOiIiLCJzZWFyY2hDb2x1bW4iOiJxX3NpbXBsZV9kZXNjcmlwdGlvbiIsInN0YXJ0IjowLCJwYWdlU2l6ZSI6MTAsInFfdHlwZSI6WzVdLCJjb3VudCI6dHJ1ZSwiaXNfZXhhbSI6Mn0"}
[2020-05-19T17:19:13.594] [INFO] operate - 43 /api/v1/test GET {"c_id":"9"}
[2020-05-19T17:19:14.514] [INFO] operate - 43 /api/v1/course/9/section GET {"c_id":"9"}
[2020-05-19T17:19:14.527] [INFO] operate - 43 /api/v1/course/tree GET {"c_id":"9"}
[2020-05-19T17:19:17.310] [INFO] operate - 43 /api/v1/course/9/section GET {"c_id":"9"}
[2020-05-19T17:19:17.316] [INFO] operate - 43 /api/v1/course/tree GET {"c_id":"9"}
[2020-05-19T17:19:17.890] [INFO] operate - 43 /api/v1/course/9/section GET {"c_id":"9"}
[2020-05-19T17:19:17.896] [INFO] operate - 43 /api/v1/course/tree GET {"c_id":"9"}
[2020-05-19T17:19:18.673] [INFO] operate - 43 /api/v1/course/9/section GET {"c_id":"9"}
[2020-05-19T17:19:18.679] [INFO] operate - 43 /api/v1/course/tree GET {"c_id":"9"}
[2020-05-19T17:19:30.035] [INFO] operate - 44 /api/v1/user/44/course GET {"u_id":"44"}
[2020-05-19T17:19:30.052] [INFO] operate - 44 /api/v1/user/44 GET {"u_id":"44"}
[2020-05-19T17:19:30.065] [INFO] operate - 44 /api/v1/user/44/test/undo GET {"u_id":"44"}
[2020-05-19T17:19:30.086] [INFO] operate - 44 /api/v1/user/44/badge GET {"u_id":"44"}
[2020-05-19T17:19:30.218] [INFO] operate - 44 /api/v1/user/44/badge/3 GET {"type":"1","u_id":"44","b_id":"3"}
[2020-05-19T17:19:30.230] [INFO] operate - 44 /api/v1/user/44/badge/6 GET {"type":"2","u_id":"44","b_id":"6"}
[2020-05-19T17:19:32.413] [INFO] operate - 44 /api/v1/user/44/course/9/test GET {"type":"2","isCurrent":"true","u_id":"44","c_id":"9"}
[2020-05-19T17:19:35.419] [INFO] operate - 44 /api/v1/user/44/course/9/test GET {"type":"2","isCurrent":"false","u_id":"44","c_id":"9"}
[2020-05-19T17:19:49.314] [INFO] operate - 43 /api/v1/user/statistics/login_time GET {}
[2020-05-19T17:19:49.318] [INFO] operate - 43 /api/v1/test/statistics/test_num GET {}
[2020-05-19T17:19:49.328] [INFO] operate - 43 /api/v1/user/43 GET {"u_id":"43"}
[2020-05-19T17:19:49.336] [INFO] operate - 43 /api/v1/user/43/course GET {"u_id":"43"}
[2020-05-19T17:19:49.341] [INFO] operate - 43 /api/v1/user/statistics/online GET {}
[2020-05-19T17:19:51.671] [INFO] operate - 43 /api/v1/course/9/statistics GET {"c_id":"9"}
[2020-05-19T17:19:53.638] [INFO] operate - 43 /api/v1/question_library GET {"data":"eyJjX2lkIjoiOSIsInNlYXJjaENvbnRlbnQiOiIiLCJzZWFyY2hDb2x1bW4iOiJxX3NpbXBsZV9kZXNjcmlwdGlvbiIsInN0YXJ0IjowLCJwYWdlU2l6ZSI6MTAsInFfdHlwZSI6W10sImNvdW50Ijp0cnVlLCJpc19leGFtIjoyfQ"}
[2020-05-19T17:19:57.993] [INFO] operate - 43 /api/v1/test GET {"c_id":"9"}
[2020-05-19T17:19:59.908] [INFO] operate - 43 /api/v1/course/9/section GET {"c_id":"9"}
[2020-05-19T17:19:59.918] [INFO] operate - 43 /api/v1/course/tree GET {"c_id":"9"}
[2020-05-19T17:20:53.877] [INFO] operate - 43 /api/v1/question_library GET {"data":"eyJjX2lkIjoiOSIsInNlYXJjaENvbnRlbnQiOiIiLCJzZWFyY2hDb2x1bW4iOiJxX3NpbXBsZV9kZXNjcmlwdGlvbiIsInN0YXJ0IjowLCJwYWdlU2l6ZSI6MTAsInFfdHlwZSI6W10sImNvdW50Ijp0cnVlLCJpc19leGFtIjoyfQ"}
[2020-05-19T17:21:23.513] [INFO] operate - 44 /api/v1/user/44 GET {"u_id":"44"}
[2020-05-19T17:21:23.514] [INFO] operate - 44 /api/v1/user/44/course GET {"u_id":"44"}
[2020-05-19T17:21:23.533] [INFO] operate - 44 /api/v1/user/44/test/undo GET {"u_id":"44"}
[2020-05-19T17:21:23.541] [INFO] operate - 44 /api/v1/user/44/badge GET {"u_id":"44"}
[2020-05-19T17:21:23.670] [INFO] operate - 44 /api/v1/user/44/badge/6 GET {"type":"2","u_id":"44","b_id":"6"}
[2020-05-19T17:21:23.671] [INFO] operate - 44 /api/v1/user/44/badge/3 GET {"type":"1","u_id":"44","b_id":"3"}
[2020-05-19T17:21:30.957] [INFO] operate - 44 /api/v1/course/9/announcement/open GET {"c_id":"9"}
[2020-05-19T17:21:33.831] [INFO] operate - 44 /api/v1/user/44/course/9/test GET {"type":"1","isCurrent":"true","u_id":"44","c_id":"9"}
[2020-05-19T17:21:35.226] [INFO] operate - 44 /api/v1/user/44/course/9/test GET {"type":"1","isCurrent":"false","u_id":"44","c_id":"9"}
[2020-05-19T17:21:48.945] [INFO] operate - 44 /api/v1/user/44/course/9/knowledge_test GET {"u_id":"44","c_id":"9"}
[2020-05-19T17:22:15.035] [INFO] operate - 44 /api/v1/user/44/course/9/test GET {"type":"2","isCurrent":"false","u_id":"44","c_id":"9"}
[2020-05-19T17:22:16.975] [INFO] operate - 44 /api/v1/user/44/course/9/test/12/detail GET {"u_id":"44","c_id":"9","test_id":"12"}
[2020-05-19T17:22:17.043] [INFO] operate - 44 /api/v1/user/44/course/9/test/12/answer GET {"u_id":"44","c_id":"9","test_id":"12"}
[2020-05-19T17:22:28.579] [INFO] operate - 44 /api/v1/user/44/course/9/test GET {"type":"2","isCurrent":"false","u_id":"44","c_id":"9"}
[2020-05-19T17:22:32.099] [INFO] operate - 44 /api/v1/user/44/course/9/test/11/detail GET {"u_id":"44","c_id":"9","test_id":"11"}
[2020-05-19T17:22:32.130] [INFO] operate - 44 /api/v1/user/44/course/9/test/11/answer GET {"u_id":"44","c_id":"9","test_id":"11"}
[2020-05-19T17:22:39.705] [INFO] operate - 44 /api/v1/user/44/course/9/test GET {"type":"2","isCurrent":"false","u_id":"44","c_id":"9"}
[2020-05-19T17:22:45.541] [INFO] operate - 44 /api/v1/user/44/course/9/test/13/detail GET {"u_id":"44","c_id":"9","test_id":"13"}
[2020-05-19T17:24:21.437] [INFO] operate - 43 /api/v1/user/statistics/online GET {}
[2020-05-19T17:24:21.438] [INFO] operate - 43 /api/v1/user/43 GET {"u_id":"43"}
[2020-05-19T17:24:21.440] [INFO] operate - 43 /api/v1/user/43/course GET {"u_id":"43"}
[2020-05-19T17:24:21.442] [INFO] operate - 43 /api/v1/test/statistics/test_num GET {}
[2020-05-19T17:24:21.444] [INFO] operate - 43 /api/v1/user/statistics/login_time GET {}
[2020-05-19T17:24:25.136] [INFO] operate - 43 /api/v1/course/9/statistics GET {"c_id":"9"}
[2020-05-19T17:24:25.963] [INFO] operate - 43 /api/v1/test GET {"c_id":"9"}
[2020-05-19T17:24:30.250] [INFO] operate - 43 /api/v1/test/12/detail GET {"type":"old","test_id":"12"}
[2020-05-19T17:28:15.643] [INFO] operate - 43 /api/v1/course/tree GET {"c_id":"9"}
[2020-05-19T17:28:17.592] [INFO] operate - 43 /api/v1/course/tree GET {"c_id":"9"}
[2020-05-19T17:28:28.033] [INFO] operate - 43 /api/v1/course/base_info GET {"c_id":"9","column":"c_intro"}
[2020-05-19T17:28:29.184] [INFO] operate - 43 /api/v1/course/tree GET {"c_id":"9"}
[2020-05-19T17:28:36.191] [INFO] operate - 43 /api/v1/course/base_info GET {"c_id":"9","column":"c_intro"}
[2020-05-19T17:28:38.332] [INFO] operate - 43 /api/v1/course/tree GET {"c_id":"9"}
[2020-05-19T17:28:45.770] [INFO] operate - 43 /api/v1/class/15/user GET {"class_id":"15"}
[2020-05-19T17:29:02.399] [INFO] operate - 43 /api/v1/course/tree GET {"c_id":"9"}
[2020-05-19T17:29:04.305] [INFO] operate - 43 /api/v1/course/tree GET {"c_id":"9"}
[2020-05-19T17:29:06.281] [INFO] operate - 43 /api/v1/course/tree GET {"c_id":"9"}
[2020-05-19T17:29:08.893] [INFO] operate - 43 /api/v1/class/15/user GET {"class_id":"15"}
[2020-05-19T21:15:08.870] [INFO] operate - 43 /api/v1/user/43 GET {"u_id":"43"}
[2020-05-19T21:15:08.880] [INFO] operate - 43 /api/v1/user/statistics/online GET {}
[2020-05-19T21:15:08.919] [INFO] operate - 43 /api/v1/test/statistics/test_num GET {}
[2020-05-19T21:15:08.925] [INFO] operate - 43 /api/v1/user/statistics/login_time GET {}
[2020-05-19T21:15:08.981] [INFO] operate - 43 /api/v1/user/43/course GET {"u_id":"43"}
[2020-05-19T21:15:11.509] [INFO] operate - 43 /api/v1/course/9/statistics GET {"c_id":"9"}
[2020-05-19T21:15:13.156] [INFO] operate - 43 /api/v1/question_library GET {"data":"eyJjX2lkIjoiOSIsInNlYXJjaENvbnRlbnQiOiIiLCJzZWFyY2hDb2x1bW4iOiJxX3NpbXBsZV9kZXNjcmlwdGlvbiIsInN0YXJ0IjowLCJwYWdlU2l6ZSI6MTAsInFfdHlwZSI6W10sImNvdW50Ijp0cnVlLCJpc19leGFtIjoyfQ"}
[2020-05-19T21:15:16.393] [INFO] operate - 43 /api/v1/test GET {"c_id":"9"}
[2020-05-19T21:15:20.574] [INFO] operate - 43 /api/v1/question_library GET {"data":"eyJjX2lkIjoiOSIsInNlYXJjaENvbnRlbnQiOiIiLCJzZWFyY2hDb2x1bW4iOiJxX3NpbXBsZV9kZXNjcmlwdGlvbiIsInN0YXJ0IjowLCJwYWdlU2l6ZSI6MTAsInFfdHlwZSI6W10sImNvdW50Ijp0cnVlLCJpc19leGFtIjoyfQ"}
[2020-05-19T21:15:22.464] [INFO] operate - 43 /api/v1/test GET {"c_id":"9"}
[2020-05-19T21:15:24.287] [INFO] operate - 43 /api/v1/course/9/section GET {"c_id":"9"}
[2020-05-19T21:15:24.290] [INFO] operate - 43 /api/v1/course/tree GET {"c_id":"9"}
[2020-05-19T21:16:41.053] [INFO] operate - 44 /api/v1/user/44/course GET {"u_id":"44"}
[2020-05-19T21:16:41.074] [INFO] operate - 44 /api/v1/user/44 GET {"u_id":"44"}
[2020-05-19T21:16:41.095] [INFO] operate - 44 /api/v1/user/44/test/undo GET {"u_id":"44"}
[2020-05-19T21:16:41.107] [INFO] operate - 44 /api/v1/user/44/badge GET {"u_id":"44"}
[2020-05-19T21:16:41.235] [INFO] operate - 44 /api/v1/user/44/badge/3 GET {"type":"1","u_id":"44","b_id":"3"}
[2020-05-19T21:16:41.258] [INFO] operate - 44 /api/v1/user/44/badge/6 GET {"type":"2","u_id":"44","b_id":"6"}
[2020-05-19T21:16:43.796] [INFO] operate - 44 /api/v1/user/44/course/9/test GET {"type":"2","isCurrent":"true","u_id":"44","c_id":"9"}
[2020-05-19T21:16:48.970] [INFO] operate - 44 /api/v1/user/44/course/9/test GET {"type":"1","isCurrent":"false","u_id":"44","c_id":"9"}
[2020-05-19T21:17:01.957] [INFO] operate - 44 /api/v1/user/44/course/9/test GET {"type":"2","isCurrent":"true","u_id":"44","c_id":"9"}
[2020-05-19T21:17:03.226] [INFO] operate - 44 /api/v1/user/44/badge GET {"u_id":"44"}
[2020-05-19T21:17:03.227] [INFO] operate - 44 /api/v1/user/44/test/undo GET {"u_id":"44"}
[2020-05-19T21:17:03.384] [INFO] operate - 44 /api/v1/user/44/badge/3 GET {"type":"1","u_id":"44","b_id":"3"}
[2020-05-19T21:17:03.400] [INFO] operate - 44 /api/v1/user/44/badge/6 GET {"type":"2","u_id":"44","b_id":"6"}
[2020-05-19T21:17:12.699] [INFO] operate - 44 /api/v1/user/44/course/9/test GET {"type":"2","isCurrent":"true","u_id":"44","c_id":"9"}
[2020-05-19T21:17:44.833] [INFO] operate - 43 /api/v1/user/43 GET {"u_id":"43"}
[2020-05-19T21:17:44.851] [INFO] operate - 43 /api/v1/user/43/course GET {"u_id":"43"}
[2020-05-19T21:17:44.858] [INFO] operate - 43 /api/v1/user/statistics/online GET {}
[2020-05-19T21:17:44.869] [INFO] operate - 43 /api/v1/user/statistics/login_time GET {}
[2020-05-19T21:17:44.890] [INFO] operate - 43 /api/v1/test/statistics/test_num GET {}
[2020-05-19T21:17:47.982] [INFO] operate - 43 /api/v1/course/9/statistics GET {"c_id":"9"}
[2020-05-19T21:17:53.841] [INFO] operate - 43 /api/v1/course/tree GET {"c_id":"9"}
[2020-05-19T21:17:57.197] [INFO] operate - 43 /api/v1/class/15/user GET {"class_id":"15"}
[2020-05-19T21:18:01.433] [INFO] operate - 43 /api/v1/test GET {"c_id":"9"}
[2020-05-19T21:18:13.571] [INFO] operate - 43 /api/v1/test/12/detail GET {"type":"old","test_id":"12"}
[2020-05-19T21:19:46.437] [INFO] operate - 43 /api/v1/question_library GET {"data":"eyJjX2lkIjoiOSIsInNlYXJjaENvbnRlbnQiOiIiLCJzZWFyY2hDb2x1bW4iOiJxX3NpbXBsZV9kZXNjcmlwdGlvbiIsInN0YXJ0IjowLCJwYWdlU2l6ZSI6MTAsInFfdHlwZSI6W10sImNvdW50Ijp0cnVlLCJpc19leGFtIjoyfQ"}
[2020-05-19T21:21:19.882] [INFO] operate - 43 /api/v1/course/9/knowledge_point_tree GET {"c_id":"9"}
[2020-05-19T21:22:07.033] [INFO] operate - 43 /api/v1/course/base_info GET {"c_id":"9","column":"c_intro"}
[2020-05-19T21:22:08.139] [INFO] operate - 43 /api/v1/question_library GET {"data":"eyJjX2lkIjoiOSIsInNlYXJjaENvbnRlbnQiOiIiLCJzZWFyY2hDb2x1bW4iOiJxX3NpbXBsZV9kZXNjcmlwdGlvbiIsInN0YXJ0IjowLCJwYWdlU2l6ZSI6MTAsInFfdHlwZSI6W10sImNvdW50Ijp0cnVlLCJpc19leGFtIjoyfQ"}
[2020-05-19T21:22:09.024] [INFO] operate - 43 /api/v1/course/tree GET {"c_id":"9"}
[2020-05-19T21:22:13.241] [INFO] operate - 43 /api/v1/class/15/user GET {"class_id":"15"}
[2020-05-19T21:23:14.258] [INFO] operate - 43 /api/v1/test GET {"c_id":"9"}
